[0.112s] Invoking command in '/home/hydran00/shelfino_ws/src/Robot_Planning_Project/build/shelfino_navigation': CMAKE_PREFIX_PATH=${CMAKE_PREFIX_PATH}:/opt/ros/humble /usr/bin/cmake /home/hydran00/shelfino_ws/src/Robot_Planning_Project/shelfino_navigation -DCMAKE_INSTALL_PREFIX=/home/hydran00/shelfino_ws/src/Robot_Planning_Project/install/shelfino_navigation
[0.838s] -- The C compiler identification is GNU 11.4.0
[0.838s] -- The CXX compiler identification is GNU 11.4.0
[0.838s] -- Detecting C compiler ABI info
[0.838s] -- Detecting C compiler ABI info - done
[0.838s] -- Check for working C compiler: /usr/bin/cc - skipped
[0.838s] -- Detecting C compile features
[0.838s] -- Detecting C compile features - done
[0.838s] -- Detecting CXX compiler ABI info
[0.838s] -- Detecting CXX compiler ABI info - done
[0.838s] -- Check for working CXX compiler: /usr/bin/c++ - skipped
[0.838s] -- Detecting CXX compile features
[0.838s] -- Detecting CXX compile features - done
[0.838s] -- Found ament_cmake: 1.3.5 (/opt/ros/humble/share/ament_cmake/cmake)
[0.838s] -- Found Python3: /usr/bin/python3.10 (found version "3.10.12") found components: Interpreter 
[0.838s] -- Configuring done
[0.838s] -- Generating done
[0.839s] -- Build files have been written to: /home/hydran00/shelfino_ws/src/Robot_Planning_Project/build/shelfino_navigation
[0.862s] Invoked command in '/home/hydran00/shelfino_ws/src/Robot_Planning_Project/build/shelfino_navigation' returned '0': CMAKE_PREFIX_PATH=${CMAKE_PREFIX_PATH}:/opt/ros/humble /usr/bin/cmake /home/hydran00/shelfino_ws/src/Robot_Planning_Project/shelfino_navigation -DCMAKE_INSTALL_PREFIX=/home/hydran00/shelfino_ws/src/Robot_Planning_Project/install/shelfino_navigation
[0.863s] Invoking command in '/home/hydran00/shelfino_ws/src/Robot_Planning_Project/build/shelfino_navigation': CMAKE_PREFIX_PATH=${CMAKE_PREFIX_PATH}:/opt/ros/humble /usr/bin/cmake --build /home/hydran00/shelfino_ws/src/Robot_Planning_Project/build/shelfino_navigation -- -j12 -l12
[1.441s] Invoked command in '/home/hydran00/shelfino_ws/src/Robot_Planning_Project/build/shelfino_navigation' returned '0': CMAKE_PREFIX_PATH=${CMAKE_PREFIX_PATH}:/opt/ros/humble /usr/bin/cmake --build /home/hydran00/shelfino_ws/src/Robot_Planning_Project/build/shelfino_navigation -- -j12 -l12
[1.467s] Invoking command in '/home/hydran00/shelfino_ws/src/Robot_Planning_Project/build/shelfino_navigation': CMAKE_PREFIX_PATH=${CMAKE_PREFIX_PATH}:/opt/ros/humble /usr/bin/cmake --install /home/hydran00/shelfino_ws/src/Robot_Planning_Project/build/shelfino_navigation
[1.476s] -- Install configuration: ""
[1.477s] -- Installing: /home/hydran00/shelfino_ws/src/Robot_Planning_Project/install/shelfino_navigation/share/shelfino_navigation/launch
[1.477s] -- Installing: /home/hydran00/shelfino_ws/src/Robot_Planning_Project/install/shelfino_navigation/share/shelfino_navigation/launch/shelfino_nav.launch.py
[1.477s] -- Installing: /home/hydran00/shelfino_ws/src/Robot_Planning_Project/install/shelfino_navigation/share/shelfino_navigation/launch/multi_shelfino_nav.launch.py
[1.477s] -- Installing: /home/hydran00/shelfino_ws/src/Robot_Planning_Project/install/shelfino_navigation/share/shelfino_navigation/launch/shelfino2_slam.launch.py
[1.477s] -- Installing: /home/hydran00/shelfino_ws/src/Robot_Planning_Project/install/shelfino_navigation/share/shelfino_navigation/config
[1.477s] -- Installing: /home/hydran00/shelfino_ws/src/Robot_Planning_Project/install/shelfino_navigation/share/shelfino_navigation/config/shelfino.yaml
[1.477s] -- Installing: /home/hydran00/shelfino_ws/src/Robot_Planning_Project/install/shelfino_navigation/share/shelfino_navigation/config/shelfino.lua
[1.477s] -- Installing: /home/hydran00/shelfino_ws/src/Robot_Planning_Project/install/shelfino_navigation/share/shelfino_navigation/rviz
[1.478s] -- Installing: /home/hydran00/shelfino_ws/src/Robot_Planning_Project/install/shelfino_navigation/share/shelfino_navigation/rviz/shelfino2_slam.rviz
[1.478s] -- Installing: /home/hydran00/shelfino_ws/src/Robot_Planning_Project/install/shelfino_navigation/share/shelfino_navigation/rviz/shelfino_nav.rviz
[1.478s] -- Installing: /home/hydran00/shelfino_ws/src/Robot_Planning_Project/install/shelfino_navigation/share/shelfino_navigation/map
[1.478s] -- Installing: /home/hydran00/shelfino_ws/src/Robot_Planning_Project/install/shelfino_navigation/share/shelfino_navigation/map/lab.pgm
[1.478s] -- Installing: /home/hydran00/shelfino_ws/src/Robot_Planning_Project/install/shelfino_navigation/share/shelfino_navigation/map/turtlebot3_world.yaml
[1.478s] -- Installing: /home/hydran00/shelfino_ws/src/Robot_Planning_Project/install/shelfino_navigation/share/shelfino_navigation/map/ufficio1.pgm
[1.478s] -- Installing: /home/hydran00/shelfino_ws/src/Robot_Planning_Project/install/shelfino_navigation/share/shelfino_navigation/map/ufficio.yaml
[1.479s] -- Installing: /home/hydran00/shelfino_ws/src/Robot_Planning_Project/install/shelfino_navigation/share/shelfino_navigation/map/ufficio3.pgm
[1.479s] -- Installing: /home/hydran00/shelfino_ws/src/Robot_Planning_Project/install/shelfino_navigation/share/shelfino_navigation/map/hexagon.pgm
[1.479s] -- Installing: /home/hydran00/shelfino_ws/src/Robot_Planning_Project/install/shelfino_navigation/share/shelfino_navigation/map/ufficio2.yaml
[1.479s] -- Installing: /home/hydran00/shelfino_ws/src/Robot_Planning_Project/install/shelfino_navigation/share/shelfino_navigation/map/ufficio.pgm
[1.479s] -- Installing: /home/hydran00/shelfino_ws/src/Robot_Planning_Project/install/shelfino_navigation/share/shelfino_navigation/map/test_obstacles.yaml
[1.479s] -- Installing: /home/hydran00/shelfino_ws/src/Robot_Planning_Project/install/shelfino_navigation/share/shelfino_navigation/map/ufficio3.yaml
[1.479s] -- Installing: /home/hydran00/shelfino_ws/src/Robot_Planning_Project/install/shelfino_navigation/share/shelfino_navigation/map/demo.pgm
[1.479s] -- Installing: /home/hydran00/shelfino_ws/src/Robot_Planning_Project/install/shelfino_navigation/share/shelfino_navigation/map/turtlebot3_world.pgm
[1.479s] -- Installing: /home/hydran00/shelfino_ws/src/Robot_Planning_Project/install/shelfino_navigation/share/shelfino_navigation/map/lab1.yaml
[1.479s] -- Installing: /home/hydran00/shelfino_ws/src/Robot_Planning_Project/install/shelfino_navigation/share/shelfino_navigation/map/hexagon.yaml
[1.479s] -- Installing: /home/hydran00/shelfino_ws/src/Robot_Planning_Project/install/shelfino_navigation/share/shelfino_navigation/map/demo.yaml
[1.479s] -- Installing: /home/hydran00/shelfino_ws/src/Robot_Planning_Project/install/shelfino_navigation/share/shelfino_navigation/map/test_obstacles.pgm
[1.480s] -- Installing: /home/hydran00/shelfino_ws/src/Robot_Planning_Project/install/shelfino_navigation/share/shelfino_navigation/map/lab.yaml
[1.480s] -- Installing: /home/hydran00/shelfino_ws/src/Robot_Planning_Project/install/shelfino_navigation/share/shelfino_navigation/map/ufficio2.pgm
[1.480s] -- Installing: /home/hydran00/shelfino_ws/src/Robot_Planning_Project/install/shelfino_navigation/share/shelfino_navigation/map/lab1.pgm
[1.480s] -- Installing: /home/hydran00/shelfino_ws/src/Robot_Planning_Project/install/shelfino_navigation/share/shelfino_navigation/map/ufficio1.yaml
[1.480s] -- Installing: /home/hydran00/shelfino_ws/src/Robot_Planning_Project/install/shelfino_navigation/share/ament_index/resource_index/package_run_dependencies/shelfino_navigation
[1.480s] -- Installing: /home/hydran00/shelfino_ws/src/Robot_Planning_Project/install/shelfino_navigation/share/ament_index/resource_index/parent_prefix_path/shelfino_navigation
[1.480s] -- Installing: /home/hydran00/shelfino_ws/src/Robot_Planning_Project/install/shelfino_navigation/share/shelfino_navigation/environment/ament_prefix_path.sh
[1.480s] -- Installing: /home/hydran00/shelfino_ws/src/Robot_Planning_Project/install/shelfino_navigation/share/shelfino_navigation/environment/ament_prefix_path.dsv
[1.480s] -- Installing: /home/hydran00/shelfino_ws/src/Robot_Planning_Project/install/shelfino_navigation/share/shelfino_navigation/environment/path.sh
[1.480s] -- Installing: /home/hydran00/shelfino_ws/src/Robot_Planning_Project/install/shelfino_navigation/share/shelfino_navigation/environment/path.dsv
[1.481s] -- Installing: /home/hydran00/shelfino_ws/src/Robot_Planning_Project/install/shelfino_navigation/share/shelfino_navigation/local_setup.bash
[1.481s] -- Installing: /home/hydran00/shelfino_ws/src/Robot_Planning_Project/install/shelfino_navigation/share/shelfino_navigation/local_setup.sh
[1.481s] -- Installing: /home/hydran00/shelfino_ws/src/Robot_Planning_Project/install/shelfino_navigation/share/shelfino_navigation/local_setup.zsh
[1.481s] -- Installing: /home/hydran00/shelfino_ws/src/Robot_Planning_Project/install/shelfino_navigation/share/shelfino_navigation/local_setup.dsv
[1.481s] -- Installing: /home/hydran00/shelfino_ws/src/Robot_Planning_Project/install/shelfino_navigation/share/shelfino_navigation/package.dsv
[1.481s] -- Installing: /home/hydran00/shelfino_ws/src/Robot_Planning_Project/install/shelfino_navigation/share/ament_index/resource_index/packages/shelfino_navigation
[1.481s] -- Installing: /home/hydran00/shelfino_ws/src/Robot_Planning_Project/install/shelfino_navigation/share/shelfino_navigation/cmake/shelfino_navigationConfig.cmake
[1.481s] -- Installing: /home/hydran00/shelfino_ws/src/Robot_Planning_Project/install/shelfino_navigation/share/shelfino_navigation/cmake/shelfino_navigationConfig-version.cmake
[1.481s] -- Installing: /home/hydran00/shelfino_ws/src/Robot_Planning_Project/install/shelfino_navigation/share/shelfino_navigation/package.xml
[1.487s] Invoked command in '/home/hydran00/shelfino_ws/src/Robot_Planning_Project/build/shelfino_navigation' returned '0': CMAKE_PREFIX_PATH=${CMAKE_PREFIX_PATH}:/opt/ros/humble /usr/bin/cmake --install /home/hydran00/shelfino_ws/src/Robot_Planning_Project/build/shelfino_navigation
