[0.043s] Invoking command in '/home/hydran00/shelfino_ws/src/Robot_Planning_Project/build/dubins_planner': CMAKE_PREFIX_PATH=${CMAKE_PREFIX_PATH}:/opt/ros/humble /usr/bin/cmake --build /home/hydran00/shelfino_ws/src/Robot_Planning_Project/build/dubins_planner -- -j12 -l12
[0.054s] [33mCMake Warning (dev) at CMakeLists.txt:10:
[0.055s]   Syntax Warning in cmake code at column 23
[0.055s] 
[0.055s]   Argument not separated from preceding token by whitespace.
[0.055s] This warning is for project developers.  Use -Wno-dev to suppress it.
[0.055s] [0m
[0.059s] [0mData dir is /home/hydran00/shelfino_ws/src/Robot_Planning_Project/dubins_planner/../data/[0m
[0.059s] -- Found ament_cmake: 1.3.5 (/opt/ros/humble/share/ament_cmake/cmake)
[0.151s] -- Found rclcpp: 16.0.6 (/opt/ros/humble/share/rclcpp/cmake)
[0.177s] -- Found rosidl_generator_c: 3.1.5 (/opt/ros/humble/share/rosidl_generator_c/cmake)
[0.179s] -- Found rosidl_adapter: 3.1.5 (/opt/ros/humble/share/rosidl_adapter/cmake)
[0.184s] -- Found rosidl_generator_cpp: 3.1.5 (/opt/ros/humble/share/rosidl_generator_cpp/cmake)
[0.195s] -- Using all available rosidl_typesupport_c: rosidl_typesupport_fastrtps_c;rosidl_typesupport_introspection_c
[0.204s] -- Using all available rosidl_typesupport_cpp: rosidl_typesupport_fastrtps_cpp;rosidl_typesupport_introspection_cpp
[0.239s] -- Found rmw_implementation_cmake: 6.1.1 (/opt/ros/humble/share/rmw_implementation_cmake/cmake)
[0.240s] -- Found rmw_fastrtps_cpp: 6.2.4 (/opt/ros/humble/share/rmw_fastrtps_cpp/cmake)
[0.307s] -- Using RMW implementation 'rmw_fastrtps_cpp' as default
[0.403s] -- Found nav_msgs: 4.2.3 (/opt/ros/humble/share/nav_msgs/cmake)
[0.477s] -- Found nav2_msgs: 1.1.12 (/opt/ros/humble/share/nav2_msgs/cmake)
[0.602s] -- Found tf2: 0.25.4 (/opt/ros/humble/share/tf2/cmake)
[0.607s] -- Found tf2_ros: 0.25.4 (/opt/ros/humble/share/tf2_ros/cmake)
[0.760s] -- Using header-only CGAL
[0.761s] -- Targetting Unix Makefiles
[0.761s] -- Using /usr/bin/c++ compiler.
[0.765s] -- Boost include dirs: /usr/include
[0.765s] -- Boost libraries:    
[0.765s] -- Using gcc version 4 or later. Adding -frounding-math
[0.765s] [33mCMake Warning (dev) at CMakeLists.txt:23 (find_package):
[0.765s]   Policy CMP0074 is not set: find_package uses <PackageName>_ROOT variables.
[0.766s]   Run "cmake --help-policy CMP0074" for policy details.  Use the cmake_policy
[0.766s]   command to set the policy and suppress this warning.
[0.766s] 
[0.766s]   CMake variable CGAL_ROOT is set to:
[0.766s] 
[0.766s]     /usr
[0.766s] 
[0.766s]   For compatibility, CMake is ignoring the variable.
[0.766s] This warning is for project developers.  Use -Wno-dev to suppress it.
[0.766s] [0m
[0.767s] -- Using header-only CGAL
[0.816s] -- Configuring done
[0.832s] -- Generating done
[0.834s] -- Build files have been written to: /home/hydran00/shelfino_ws/src/Robot_Planning_Project/build/dubins_planner
[0.851s] [35m[1mConsolidate compiler generated dependencies of target dubins_planner[0m
[0.857s] [  6%] [34m[1mAutomatic MOC for target CGAL_Qt5_moc_and_resources[0m
[0.862s] [ 12%] [32mBuilding CXX object CMakeFiles/dubins_planner.dir/src/path_planner.cpp.o[0m
[0.872s] [ 12%] Built target CGAL_Qt5_moc_and_resources_autogen
[0.879s] [35m[1mConsolidate compiler generated dependencies of target CGAL_Qt5_moc_and_resources[0m
[0.897s] [ 37%] [32mBuilding CXX object CMakeFiles/CGAL_Qt5_moc_and_resources.dir/qrc_Input.cpp.o[0m
[0.897s] [ 37%] [32mBuilding CXX object CMakeFiles/CGAL_Qt5_moc_and_resources.dir/CGAL_Qt5_moc_and_resources_autogen/mocs_compilation.cpp.o[0m
[0.897s] [ 37%] [32mBuilding CXX object CMakeFiles/CGAL_Qt5_moc_and_resources.dir/qrc_CGAL.cpp.o[0m
[0.897s] [ 43%] [32mBuilding CXX object CMakeFiles/CGAL_Qt5_moc_and_resources.dir/qrc_Triangulation_2.cpp.o[0m
[0.897s] [ 43%] [32mBuilding CXX object CMakeFiles/CGAL_Qt5_moc_and_resources.dir/qrc_File.cpp.o[0m
[6.919s] [ 50%] [32m[1mLinking CXX static library libCGAL_Qt5_moc_and_resources.a[0m
[6.941s] [ 81%] Built target CGAL_Qt5_moc_and_resources
[6.949s] [35m[1mConsolidate compiler generated dependencies of target rec[0m
[6.972s] [ 87%] [32mBuilding CXX object CMakeFiles/rec.dir/src/rec.cpp.o[0m
[9.461s] [ 93%] [32m[1mLinking CXX executable dubins_planner[0m
[9.575s] [ 93%] Built target dubins_planner
[23.409s] [100%] [32m[1mLinking CXX executable rec[0m
[23.493s] [100%] Built target rec
[23.502s] Invoked command in '/home/hydran00/shelfino_ws/src/Robot_Planning_Project/build/dubins_planner' returned '0': CMAKE_PREFIX_PATH=${CMAKE_PREFIX_PATH}:/opt/ros/humble /usr/bin/cmake --build /home/hydran00/shelfino_ws/src/Robot_Planning_Project/build/dubins_planner -- -j12 -l12
[23.529s] Invoking command in '/home/hydran00/shelfino_ws/src/Robot_Planning_Project/build/dubins_planner': CMAKE_PREFIX_PATH=${CMAKE_PREFIX_PATH}:/opt/ros/humble /usr/bin/cmake --install /home/hydran00/shelfino_ws/src/Robot_Planning_Project/build/dubins_planner
[23.533s] -- Install configuration: "Release"
[23.533s] -- Up-to-date: /home/hydran00/shelfino_ws/src/Robot_Planning_Project/install/dubins_planner/share/dubins_planner/launch
[23.533s] -- Up-to-date: /home/hydran00/shelfino_ws/src/Robot_Planning_Project/install/dubins_planner/share/dubins_planner/launch/dubins.launch.py
[23.533s] -- Installing: /home/hydran00/shelfino_ws/src/Robot_Planning_Project/install/dubins_planner/lib/dubins_planner/dubins_planner
[23.534s] -- Set runtime path of "/home/hydran00/shelfino_ws/src/Robot_Planning_Project/install/dubins_planner/lib/dubins_planner/dubins_planner" to ""
[23.534s] -- Installing: /home/hydran00/shelfino_ws/src/Robot_Planning_Project/install/dubins_planner/lib/dubins_planner/rec
[23.537s] -- Up-to-date: /home/hydran00/shelfino_ws/src/Robot_Planning_Project/install/dubins_planner/share/ament_index/resource_index/package_run_dependencies/dubins_planner
[23.537s] -- Up-to-date: /home/hydran00/shelfino_ws/src/Robot_Planning_Project/install/dubins_planner/share/ament_index/resource_index/parent_prefix_path/dubins_planner
[23.537s] -- Up-to-date: /home/hydran00/shelfino_ws/src/Robot_Planning_Project/install/dubins_planner/share/dubins_planner/environment/ament_prefix_path.sh
[23.537s] -- Installing: /home/hydran00/shelfino_ws/src/Robot_Planning_Project/install/dubins_planner/share/dubins_planner/environment/ament_prefix_path.dsv
[23.537s] -- Up-to-date: /home/hydran00/shelfino_ws/src/Robot_Planning_Project/install/dubins_planner/share/dubins_planner/environment/path.sh
[23.537s] -- Installing: /home/hydran00/shelfino_ws/src/Robot_Planning_Project/install/dubins_planner/share/dubins_planner/environment/path.dsv
[23.537s] -- Up-to-date: /home/hydran00/shelfino_ws/src/Robot_Planning_Project/install/dubins_planner/share/dubins_planner/local_setup.bash
[23.537s] -- Up-to-date: /home/hydran00/shelfino_ws/src/Robot_Planning_Project/install/dubins_planner/share/dubins_planner/local_setup.sh
[23.537s] -- Up-to-date: /home/hydran00/shelfino_ws/src/Robot_Planning_Project/install/dubins_planner/share/dubins_planner/local_setup.zsh
[23.537s] -- Installing: /home/hydran00/shelfino_ws/src/Robot_Planning_Project/install/dubins_planner/share/dubins_planner/local_setup.dsv
[23.537s] -- Installing: /home/hydran00/shelfino_ws/src/Robot_Planning_Project/install/dubins_planner/share/dubins_planner/package.dsv
[23.537s] -- Up-to-date: /home/hydran00/shelfino_ws/src/Robot_Planning_Project/install/dubins_planner/share/ament_index/resource_index/packages/dubins_planner
[23.537s] -- Up-to-date: /home/hydran00/shelfino_ws/src/Robot_Planning_Project/install/dubins_planner/share/dubins_planner/cmake/dubins_plannerConfig.cmake
[23.538s] -- Up-to-date: /home/hydran00/shelfino_ws/src/Robot_Planning_Project/install/dubins_planner/share/dubins_planner/cmake/dubins_plannerConfig-version.cmake
[23.538s] -- Up-to-date: /home/hydran00/shelfino_ws/src/Robot_Planning_Project/install/dubins_planner/share/dubins_planner/package.xml
[23.538s] Invoked command in '/home/hydran00/shelfino_ws/src/Robot_Planning_Project/build/dubins_planner' returned '0': CMAKE_PREFIX_PATH=${CMAKE_PREFIX_PATH}:/opt/ros/humble /usr/bin/cmake --install /home/hydran00/shelfino_ws/src/Robot_Planning_Project/build/dubins_planner
