[0.040s] Invoking command in '/home/hydran00/shelfino_ws/src/Robot_Planning_Project/build/dubins_planner': CMAKE_PREFIX_PATH=${CMAKE_PREFIX_PATH}:/opt/ros/humble /usr/bin/cmake --build /home/hydran00/shelfino_ws/src/Robot_Planning_Project/build/dubins_planner -- -j12 -l12
[0.054s] -- Found ament_cmake: 1.3.5 (/opt/ros/humble/share/ament_cmake/cmake)
[0.203s] -- Found rclcpp: 16.0.6 (/opt/ros/humble/share/rclcpp/cmake)
[0.219s] -- Found rosidl_generator_c: 3.1.5 (/opt/ros/humble/share/rosidl_generator_c/cmake)
[0.220s] -- Found rosidl_adapter: 3.1.5 (/opt/ros/humble/share/rosidl_adapter/cmake)
[0.223s] -- Found rosidl_generator_cpp: 3.1.5 (/opt/ros/humble/share/rosidl_generator_cpp/cmake)
[0.230s] -- Using all available rosidl_typesupport_c: rosidl_typesupport_fastrtps_c;rosidl_typesupport_introspection_c
[0.241s] -- Using all available rosidl_typesupport_cpp: rosidl_typesupport_fastrtps_cpp;rosidl_typesupport_introspection_cpp
[0.275s] -- Found rmw_implementation_cmake: 6.1.1 (/opt/ros/humble/share/rmw_implementation_cmake/cmake)
[0.276s] -- Found rmw_fastrtps_cpp: 6.2.4 (/opt/ros/humble/share/rmw_fastrtps_cpp/cmake)
[0.349s] -- Using RMW implementation 'rmw_fastrtps_cpp' as default
[0.443s] -- Found nav_msgs: 4.2.3 (/opt/ros/humble/share/nav_msgs/cmake)
[0.522s] -- Found nav2_msgs: 1.1.12 (/opt/ros/humble/share/nav2_msgs/cmake)
[0.642s] -- Found tf2: 0.25.4 (/opt/ros/humble/share/tf2/cmake)
[0.646s] -- Found tf2_ros: 0.25.4 (/opt/ros/humble/share/tf2_ros/cmake)
[0.796s] [33mCMake Warning at /usr/lib/x86_64-linux-gnu/cmake/CGAL/CGALConfig.cmake:92 (message):
[0.796s]   CGAL_DATA_DIR cannot be deduced, set the variable CGAL_DATA_DIR to set the
[0.796s]   default value of CGAL::data_file_path()
[0.796s] Call Stack (most recent call first):
[0.796s]   CMakeLists.txt:21 (find_package)
[0.796s] 
[0.797s] [0m
[0.797s] -- Using header-only CGAL
[0.798s] -- Targetting Unix Makefiles
[0.798s] -- Using /usr/bin/c++ compiler.
[0.802s] -- Boost include dirs: /usr/include
[0.802s] -- Boost libraries:    
[0.803s] -- Using gcc version 4 or later. Adding -frounding-math
[0.803s] [33mCMake Warning at /usr/lib/x86_64-linux-gnu/cmake/CGAL/CGALConfig.cmake:92 (message):
[0.803s]   CGAL_DATA_DIR cannot be deduced, set the variable CGAL_DATA_DIR to set the
[0.803s]   default value of CGAL::data_file_path()
[0.803s] Call Stack (most recent call first):
[0.803s]   CMakeLists.txt:22 (find_package)
[0.803s] 
[0.803s] [0m
[0.804s] -- Using header-only CGAL
[0.858s] -- Configuring done
[0.872s] -- Generating done
[0.873s] -- Build files have been written to: /home/hydran00/shelfino_ws/src/Robot_Planning_Project/build/dubins_planner
[0.889s] [35m[1mConsolidate compiler generated dependencies of target dubins_planner[0m
[0.895s] [  6%] [34m[1mAutomatic MOC for target CGAL_Qt5_moc_and_resources[0m
[0.900s] [ 18%] Built target dubins_planner
[0.910s] [ 18%] Built target CGAL_Qt5_moc_and_resources_autogen
[0.918s] [35m[1mConsolidate compiler generated dependencies of target CGAL_Qt5_moc_and_resources[0m
[0.946s] [ 87%] Built target CGAL_Qt5_moc_and_resources
[0.954s] [35m[1mConsolidate compiler generated dependencies of target rec[0m
[0.979s] [100%] Built target rec
[0.988s] Invoked command in '/home/hydran00/shelfino_ws/src/Robot_Planning_Project/build/dubins_planner' returned '0': CMAKE_PREFIX_PATH=${CMAKE_PREFIX_PATH}:/opt/ros/humble /usr/bin/cmake --build /home/hydran00/shelfino_ws/src/Robot_Planning_Project/build/dubins_planner -- -j12 -l12
[1.017s] Invoking command in '/home/hydran00/shelfino_ws/src/Robot_Planning_Project/build/dubins_planner': CMAKE_PREFIX_PATH=${CMAKE_PREFIX_PATH}:/opt/ros/humble /usr/bin/cmake --install /home/hydran00/shelfino_ws/src/Robot_Planning_Project/build/dubins_planner
[1.022s] -- Install configuration: "Release"
[1.022s] -- Up-to-date: /home/hydran00/shelfino_ws/src/Robot_Planning_Project/install/dubins_planner/share/dubins_planner/launch
[1.022s] -- Up-to-date: /home/hydran00/shelfino_ws/src/Robot_Planning_Project/install/dubins_planner/share/dubins_planner/launch/dubins.launch.py
[1.022s] -- Up-to-date: /home/hydran00/shelfino_ws/src/Robot_Planning_Project/install/dubins_planner/lib/dubins_planner/dubins_planner
[1.022s] -- Up-to-date: /home/hydran00/shelfino_ws/src/Robot_Planning_Project/install/dubins_planner/lib/dubins_planner/rec
[1.022s] -- Up-to-date: /home/hydran00/shelfino_ws/src/Robot_Planning_Project/install/dubins_planner/share/ament_index/resource_index/package_run_dependencies/dubins_planner
[1.022s] -- Up-to-date: /home/hydran00/shelfino_ws/src/Robot_Planning_Project/install/dubins_planner/share/ament_index/resource_index/parent_prefix_path/dubins_planner
[1.022s] -- Up-to-date: /home/hydran00/shelfino_ws/src/Robot_Planning_Project/install/dubins_planner/share/dubins_planner/environment/ament_prefix_path.sh
[1.022s] -- Installing: /home/hydran00/shelfino_ws/src/Robot_Planning_Project/install/dubins_planner/share/dubins_planner/environment/ament_prefix_path.dsv
[1.022s] -- Up-to-date: /home/hydran00/shelfino_ws/src/Robot_Planning_Project/install/dubins_planner/share/dubins_planner/environment/path.sh
[1.022s] -- Installing: /home/hydran00/shelfino_ws/src/Robot_Planning_Project/install/dubins_planner/share/dubins_planner/environment/path.dsv
[1.023s] -- Up-to-date: /home/hydran00/shelfino_ws/src/Robot_Planning_Project/install/dubins_planner/share/dubins_planner/local_setup.bash
[1.023s] -- Up-to-date: /home/hydran00/shelfino_ws/src/Robot_Planning_Project/install/dubins_planner/share/dubins_planner/local_setup.sh
[1.023s] -- Up-to-date: /home/hydran00/shelfino_ws/src/Robot_Planning_Project/install/dubins_planner/share/dubins_planner/local_setup.zsh
[1.023s] -- Installing: /home/hydran00/shelfino_ws/src/Robot_Planning_Project/install/dubins_planner/share/dubins_planner/local_setup.dsv
[1.023s] -- Installing: /home/hydran00/shelfino_ws/src/Robot_Planning_Project/install/dubins_planner/share/dubins_planner/package.dsv
[1.023s] -- Up-to-date: /home/hydran00/shelfino_ws/src/Robot_Planning_Project/install/dubins_planner/share/ament_index/resource_index/packages/dubins_planner
[1.023s] -- Up-to-date: /home/hydran00/shelfino_ws/src/Robot_Planning_Project/install/dubins_planner/share/dubins_planner/cmake/dubins_plannerConfig.cmake
[1.023s] -- Up-to-date: /home/hydran00/shelfino_ws/src/Robot_Planning_Project/install/dubins_planner/share/dubins_planner/cmake/dubins_plannerConfig-version.cmake
[1.023s] -- Up-to-date: /home/hydran00/shelfino_ws/src/Robot_Planning_Project/install/dubins_planner/share/dubins_planner/package.xml
[1.024s] Invoked command in '/home/hydran00/shelfino_ws/src/Robot_Planning_Project/build/dubins_planner' returned '0': CMAKE_PREFIX_PATH=${CMAKE_PREFIX_PATH}:/opt/ros/humble /usr/bin/cmake --install /home/hydran00/shelfino_ws/src/Robot_Planning_Project/build/dubins_planner
