[33mCMake Warning (dev) at CMakeLists.txt:21 (find_package):
  Policy CMP0074 is not set: find_package uses <PackageName>_ROOT variables.
  Run "cmake --help-policy CMP0074" for policy details.  Use the cmake_policy
  command to set the policy and suppress this warning.

  CMake variable CGAL_ROOT is set to:

    .

  For compatibility, CMake is ignoring the variable.
This warning is for project developers.  Use -Wno-dev to suppress it.
[0m
[33mCMake Warning at /usr/lib/x86_64-linux-gnu/cmake/CGAL/CGALConfig.cmake:92 (message):
  CGAL_DATA_DIR cannot be deduced, set the variable CGAL_DATA_DIR to set the
  default value of CGAL::data_file_path()
Call Stack (most recent call first):
  CMakeLists.txt:21 (find_package)

[0m
[33mCMake Warning at /usr/lib/x86_64-linux-gnu/cmake/CGAL/CGALConfig.cmake:92 (message):
  CGAL_DATA_DIR cannot be deduced, set the variable CGAL_DATA_DIR to set the
  default value of CGAL::data_file_path()
Call Stack (most recent call first):
  CMakeLists.txt:22 (find_package)

[0m
