[0.041s] Invoking command in '/home/hydran00/shelfino_ws/src/Robot_Planning_Project/build/dubins_planner': CMAKE_PREFIX_PATH=${CMAKE_PREFIX_PATH}:/opt/ros/humble /usr/bin/cmake --build /home/hydran00/shelfino_ws/src/Robot_Planning_Project/build/dubins_planner -- -j12 -l12
[0.054s] -- Found ament_cmake: 1.3.5 (/opt/ros/humble/share/ament_cmake/cmake)
[0.144s] -- Found rclcpp: 16.0.6 (/opt/ros/humble/share/rclcpp/cmake)
[0.161s] -- Found rosidl_generator_c: 3.1.5 (/opt/ros/humble/share/rosidl_generator_c/cmake)
[0.162s] -- Found rosidl_adapter: 3.1.5 (/opt/ros/humble/share/rosidl_adapter/cmake)
[0.165s] -- Found rosidl_generator_cpp: 3.1.5 (/opt/ros/humble/share/rosidl_generator_cpp/cmake)
[0.172s] -- Using all available rosidl_typesupport_c: rosidl_typesupport_fastrtps_c;rosidl_typesupport_introspection_c
[0.181s] -- Using all available rosidl_typesupport_cpp: rosidl_typesupport_fastrtps_cpp;rosidl_typesupport_introspection_cpp
[0.213s] -- Found rmw_implementation_cmake: 6.1.1 (/opt/ros/humble/share/rmw_implementation_cmake/cmake)
[0.214s] -- Found rmw_fastrtps_cpp: 6.2.4 (/opt/ros/humble/share/rmw_fastrtps_cpp/cmake)
[0.283s] -- Using RMW implementation 'rmw_fastrtps_cpp' as default
[0.375s] -- Found nav_msgs: 4.2.3 (/opt/ros/humble/share/nav_msgs/cmake)
[0.461s] -- Found nav2_msgs: 1.1.12 (/opt/ros/humble/share/nav2_msgs/cmake)
[0.584s] -- Found tf2: 0.25.4 (/opt/ros/humble/share/tf2/cmake)
[0.588s] -- Found tf2_ros: 0.25.4 (/opt/ros/humble/share/tf2_ros/cmake)
[0.742s] -- Using header-only CGAL
[0.743s] -- Targetting Unix Makefiles
[0.743s] -- Using /usr/bin/c++ compiler.
[0.747s] -- Boost include dirs: /usr/include
[0.747s] -- Boost libraries:    
[0.747s] -- Using gcc version 4 or later. Adding -frounding-math
[0.747s] [33mCMake Warning (dev) at CMakeLists.txt:22 (find_package):
[0.747s]   Policy CMP0074 is not set: find_package uses <PackageName>_ROOT variables.
[0.747s]   Run "cmake --help-policy CMP0074" for policy details.  Use the cmake_policy
[0.748s]   command to set the policy and suppress this warning.
[0.748s] 
[0.748s]   CMake variable CGAL_ROOT is set to:
[0.748s] 
[0.748s]     /usr
[0.748s] 
[0.748s]   For compatibility, CMake is ignoring the variable.
[0.748s] This warning is for project developers.  Use -Wno-dev to suppress it.
[0.748s] [0m
[0.749s] -- Using header-only CGAL
[0.798s] [33mCMake Warning at /usr/lib/x86_64-linux-gnu/cmake/CGAL/CGAL_enable_end_of_configuration_hook.cmake:99 (message):
[0.798s]   =======================================================================
[0.798s] 
[0.798s]   CGAL performance notice:
[0.798s] 
[0.798s]   The variable CMAKE_BUILD_TYPE is set to "".  For performance reasons, you
[0.799s]   should set CMAKE_BUILD_TYPE to "Release".
[0.799s] 
[0.799s]   Set CGAL_DO_NOT_WARN_ABOUT_CMAKE_BUILD_TYPE to TRUE if you want to disable
[0.799s]   this warning.
[0.799s] 
[0.799s]   =======================================================================
[0.799s] Call Stack (most recent call first):
[0.799s]   CMakeLists.txt:9223372036854775807 (CGAL_run_at_the_end_of_configuration)
[0.799s] 
[0.799s] [0m
[0.799s] -- Configuring done
[0.812s] -- Generating done
[0.813s] -- Build files have been written to: /home/hydran00/shelfino_ws/src/Robot_Planning_Project/build/dubins_planner
[0.830s] [35m[1mConsolidate compiler generated dependencies of target dubins_planner[0m
[0.838s] [  6%] [34m[1mAutomatic MOC for target CGAL_Qt5_moc_and_resources[0m
[0.844s] [ 12%] [32mBuilding CXX object CMakeFiles/dubins_planner.dir/src/path_planner.cpp.o[0m
[0.854s] [ 12%] Built target CGAL_Qt5_moc_and_resources_autogen
[0.861s] [35m[1mConsolidate compiler generated dependencies of target CGAL_Qt5_moc_and_resources[0m
[0.880s] [ 31%] [32mBuilding CXX object CMakeFiles/CGAL_Qt5_moc_and_resources.dir/qrc_CGAL.cpp.o[0m
[0.880s] [ 31%] [32mBuilding CXX object CMakeFiles/CGAL_Qt5_moc_and_resources.dir/CGAL_Qt5_moc_and_resources_autogen/mocs_compilation.cpp.o[0m
[0.880s] [ 31%] [32mBuilding CXX object CMakeFiles/CGAL_Qt5_moc_and_resources.dir/qrc_File.cpp.o[0m
[0.880s] [ 37%] [32mBuilding CXX object CMakeFiles/CGAL_Qt5_moc_and_resources.dir/qrc_Input.cpp.o[0m
[0.882s] [ 43%] [32mBuilding CXX object CMakeFiles/CGAL_Qt5_moc_and_resources.dir/qrc_Triangulation_2.cpp.o[0m
[4.649s] [ 50%] [32m[1mLinking CXX static library libCGAL_Qt5_moc_and_resources.a[0m
[4.679s] [ 81%] Built target CGAL_Qt5_moc_and_resources
[4.687s] [35m[1mConsolidate compiler generated dependencies of target rec[0m
[4.711s] [ 87%] [32mBuilding CXX object CMakeFiles/rec.dir/src/rec.cpp.o[0m
[7.117s] [ 93%] [32m[1mLinking CXX executable dubins_planner[0m
[7.453s] [ 93%] Built target dubins_planner
[19.719s] [100%] [32m[1mLinking CXX executable rec[0m
[20.275s] [100%] Built target rec
[20.282s] Invoked command in '/home/hydran00/shelfino_ws/src/Robot_Planning_Project/build/dubins_planner' returned '0': CMAKE_PREFIX_PATH=${CMAKE_PREFIX_PATH}:/opt/ros/humble /usr/bin/cmake --build /home/hydran00/shelfino_ws/src/Robot_Planning_Project/build/dubins_planner -- -j12 -l12
[20.330s] Invoking command in '/home/hydran00/shelfino_ws/src/Robot_Planning_Project/build/dubins_planner': CMAKE_PREFIX_PATH=${CMAKE_PREFIX_PATH}:/opt/ros/humble /usr/bin/cmake --install /home/hydran00/shelfino_ws/src/Robot_Planning_Project/build/dubins_planner
[20.341s] -- Install configuration: ""
[20.341s] -- Up-to-date: /home/hydran00/shelfino_ws/src/Robot_Planning_Project/install/dubins_planner/share/dubins_planner/launch
[20.342s] -- Up-to-date: /home/hydran00/shelfino_ws/src/Robot_Planning_Project/install/dubins_planner/share/dubins_planner/launch/dubins.launch.py
[20.342s] -- Installing: /home/hydran00/shelfino_ws/src/Robot_Planning_Project/install/dubins_planner/lib/dubins_planner/dubins_planner
[20.346s] -- Set runtime path of "/home/hydran00/shelfino_ws/src/Robot_Planning_Project/install/dubins_planner/lib/dubins_planner/dubins_planner" to ""
[20.346s] -- Installing: /home/hydran00/shelfino_ws/src/Robot_Planning_Project/install/dubins_planner/lib/dubins_planner/rec
[20.353s] -- Up-to-date: /home/hydran00/shelfino_ws/src/Robot_Planning_Project/install/dubins_planner/share/ament_index/resource_index/package_run_dependencies/dubins_planner
[20.353s] -- Up-to-date: /home/hydran00/shelfino_ws/src/Robot_Planning_Project/install/dubins_planner/share/ament_index/resource_index/parent_prefix_path/dubins_planner
[20.353s] -- Up-to-date: /home/hydran00/shelfino_ws/src/Robot_Planning_Project/install/dubins_planner/share/dubins_planner/environment/ament_prefix_path.sh
[20.353s] -- Installing: /home/hydran00/shelfino_ws/src/Robot_Planning_Project/install/dubins_planner/share/dubins_planner/environment/ament_prefix_path.dsv
[20.353s] -- Up-to-date: /home/hydran00/shelfino_ws/src/Robot_Planning_Project/install/dubins_planner/share/dubins_planner/environment/path.sh
[20.353s] -- Installing: /home/hydran00/shelfino_ws/src/Robot_Planning_Project/install/dubins_planner/share/dubins_planner/environment/path.dsv
[20.353s] -- Up-to-date: /home/hydran00/shelfino_ws/src/Robot_Planning_Project/install/dubins_planner/share/dubins_planner/local_setup.bash
[20.353s] -- Up-to-date: /home/hydran00/shelfino_ws/src/Robot_Planning_Project/install/dubins_planner/share/dubins_planner/local_setup.sh
[20.353s] -- Up-to-date: /home/hydran00/shelfino_ws/src/Robot_Planning_Project/install/dubins_planner/share/dubins_planner/local_setup.zsh
[20.353s] -- Installing: /home/hydran00/shelfino_ws/src/Robot_Planning_Project/install/dubins_planner/share/dubins_planner/local_setup.dsv
[20.353s] -- Installing: /home/hydran00/shelfino_ws/src/Robot_Planning_Project/install/dubins_planner/share/dubins_planner/package.dsv
[20.353s] -- Up-to-date: /home/hydran00/shelfino_ws/src/Robot_Planning_Project/install/dubins_planner/share/ament_index/resource_index/packages/dubins_planner
[20.353s] -- Up-to-date: /home/hydran00/shelfino_ws/src/Robot_Planning_Project/install/dubins_planner/share/dubins_planner/cmake/dubins_plannerConfig.cmake
[20.353s] -- Up-to-date: /home/hydran00/shelfino_ws/src/Robot_Planning_Project/install/dubins_planner/share/dubins_planner/cmake/dubins_plannerConfig-version.cmake
[20.353s] -- Up-to-date: /home/hydran00/shelfino_ws/src/Robot_Planning_Project/install/dubins_planner/share/dubins_planner/package.xml
[20.355s] Invoked command in '/home/hydran00/shelfino_ws/src/Robot_Planning_Project/build/dubins_planner' returned '0': CMAKE_PREFIX_PATH=${CMAKE_PREFIX_PATH}:/opt/ros/humble /usr/bin/cmake --install /home/hydran00/shelfino_ws/src/Robot_Planning_Project/build/dubins_planner
