[0.292s] Invoking command in '/home/hydran00/shelfino_ws/src/Robot_Planning_Project/build/remote_control': CMAKE_PREFIX_PATH=${CMAKE_PREFIX_PATH}:/opt/ros/humble /usr/bin/cmake /home/hydran00/shelfino_ws/src/Robot_Planning_Project/remote_control -DCMAKE_INSTALL_PREFIX=/home/hydran00/shelfino_ws/src/Robot_Planning_Project/install/remote_control
[0.353s] -- The C compiler identification is GNU 11.4.0
[0.433s] -- The CXX compiler identification is GNU 11.4.0
[0.440s] -- Detecting C compiler ABI info
[0.510s] -- Detecting C compiler ABI info - done
[0.518s] -- Check for working C compiler: /usr/bin/cc - skipped
[0.518s] -- Detecting C compile features
[0.519s] -- Detecting C compile features - done
[0.522s] -- Detecting CXX compiler ABI info
[0.593s] -- Detecting CXX compiler ABI info - done
[0.602s] -- Check for working CXX compiler: /usr/bin/c++ - skipped
[0.603s] -- Detecting CXX compile features
[0.603s] -- Detecting CXX compile features - done
[0.606s] -- Found ament_cmake: 1.3.5 (/opt/ros/humble/share/ament_cmake/cmake)
[0.797s] -- Found Python3: /usr/bin/python3.10 (found version "3.10.12") found components: Interpreter 
[0.908s] -- Found rclcpp: 16.0.6 (/opt/ros/humble/share/rclcpp/cmake)
[0.958s] -- Found rosidl_generator_c: 3.1.5 (/opt/ros/humble/share/rosidl_generator_c/cmake)
[0.964s] -- Found rosidl_adapter: 3.1.5 (/opt/ros/humble/share/rosidl_adapter/cmake)
[0.974s] -- Found rosidl_generator_cpp: 3.1.5 (/opt/ros/humble/share/rosidl_generator_cpp/cmake)
[0.990s] -- Using all available rosidl_typesupport_c: rosidl_typesupport_fastrtps_c;rosidl_typesupport_introspection_c
[1.014s] -- Using all available rosidl_typesupport_cpp: rosidl_typesupport_fastrtps_cpp;rosidl_typesupport_introspection_cpp
[1.098s] -- Found rmw_implementation_cmake: 6.1.1 (/opt/ros/humble/share/rmw_implementation_cmake/cmake)
[1.101s] -- Found rmw_fastrtps_cpp: 6.2.4 (/opt/ros/humble/share/rmw_fastrtps_cpp/cmake)
[1.201s] -- Found OpenSSL: /usr/lib/x86_64-linux-gnu/libcrypto.so (found version "3.0.2")  
[1.228s] -- Found FastRTPS: /opt/ros/humble/include  
[1.276s] -- Using RMW implementation 'rmw_fastrtps_cpp' as default
[1.285s] -- Looking for pthread.h
[1.360s] -- Looking for pthread.h - found
[1.361s] -- Performing Test CMAKE_HAVE_LIBC_PTHREAD
[1.426s] -- Performing Test CMAKE_HAVE_LIBC_PTHREAD - Success
[1.426s] -- Found Threads: TRUE  
[1.560s] -- Found geometry_msgs: 4.2.3 (/opt/ros/humble/share/geometry_msgs/cmake)
[1.599s] -- Found std_srvs: 4.2.3 (/opt/ros/humble/share/std_srvs/cmake)
[1.693s] -- Configuring done
[1.739s] -- Generating done
[1.741s] -- Build files have been written to: /home/hydran00/shelfino_ws/src/Robot_Planning_Project/build/remote_control
