[0.226s] Invoking command in '/home/hydran00/shelfino_ws/src/Robot_Planning_Project/build/send_gates': CMAKE_PREFIX_PATH=${CMAKE_PREFIX_PATH}:/opt/ros/humble /usr/bin/cmake /home/hydran00/shelfino_ws/src/Robot_Planning_Project/send_gates -DCMAKE_INSTALL_PREFIX=/home/hydran00/shelfino_ws/src/Robot_Planning_Project/install/send_gates
[0.279s] -- The C compiler identification is GNU 11.4.0
[0.338s] -- The CXX compiler identification is GNU 11.4.0
[0.345s] -- Detecting C compiler ABI info
[0.418s] -- Detecting C compiler ABI info - done
[0.426s] -- Check for working C compiler: /usr/bin/cc - skipped
[0.431s] -- Detecting C compile features
[0.431s] -- Detecting C compile features - done
[0.431s] -- Detecting CXX compiler ABI info
[0.523s] -- Detecting CXX compiler ABI info - done
[0.532s] -- Check for working CXX compiler: /usr/bin/c++ - skipped
[0.532s] -- Detecting CXX compile features
[0.533s] -- Detecting CXX compile features - done
[0.536s] -- Found ament_cmake: 1.3.5 (/opt/ros/humble/share/ament_cmake/cmake)
[0.741s] -- Found Python3: /usr/bin/python3.10 (found version "3.10.12") found components: Interpreter 
[0.857s] -- Found rclcpp: 16.0.6 (/opt/ros/humble/share/rclcpp/cmake)
[0.907s] -- Found rosidl_generator_c: 3.1.5 (/opt/ros/humble/share/rosidl_generator_c/cmake)
[0.913s] -- Found rosidl_adapter: 3.1.5 (/opt/ros/humble/share/rosidl_adapter/cmake)
[0.923s] -- Found rosidl_generator_cpp: 3.1.5 (/opt/ros/humble/share/rosidl_generator_cpp/cmake)
[0.940s] -- Using all available rosidl_typesupport_c: rosidl_typesupport_fastrtps_c;rosidl_typesupport_introspection_c
[0.974s] -- Using all available rosidl_typesupport_cpp: rosidl_typesupport_fastrtps_cpp;rosidl_typesupport_introspection_cpp
[1.051s] -- Found rmw_implementation_cmake: 6.1.1 (/opt/ros/humble/share/rmw_implementation_cmake/cmake)
[1.055s] -- Found rmw_fastrtps_cpp: 6.2.4 (/opt/ros/humble/share/rmw_fastrtps_cpp/cmake)
[1.143s] -- Found OpenSSL: /usr/lib/x86_64-linux-gnu/libcrypto.so (found version "3.0.2")  
[1.167s] -- Found FastRTPS: /opt/ros/humble/include  
[1.211s] -- Using RMW implementation 'rmw_fastrtps_cpp' as default
[1.223s] -- Looking for pthread.h
[1.294s] -- Looking for pthread.h - found
[1.294s] -- Performing Test CMAKE_HAVE_LIBC_PTHREAD
[1.347s] -- Performing Test CMAKE_HAVE_LIBC_PTHREAD - Success
[1.348s] -- Found Threads: TRUE  
[1.461s] -- Found geometry_msgs: 4.2.3 (/opt/ros/humble/share/geometry_msgs/cmake)
[1.571s] -- Configuring done
[1.579s] -- Generating done
[1.580s] -- Build files have been written to: /home/hydran00/shelfino_ws/src/Robot_Planning_Project/build/send_gates
[1.597s] Invoked command in '/home/hydran00/shelfino_ws/src/Robot_Planning_Project/build/send_gates' returned '0': CMAKE_PREFIX_PATH=${CMAKE_PREFIX_PATH}:/opt/ros/humble /usr/bin/cmake /home/hydran00/shelfino_ws/src/Robot_Planning_Project/send_gates -DCMAKE_INSTALL_PREFIX=/home/hydran00/shelfino_ws/src/Robot_Planning_Project/install/send_gates
[1.598s] Invoking command in '/home/hydran00/shelfino_ws/src/Robot_Planning_Project/build/send_gates': CMAKE_PREFIX_PATH=${CMAKE_PREFIX_PATH}:/opt/ros/humble /usr/bin/cmake --build /home/hydran00/shelfino_ws/src/Robot_Planning_Project/build/send_gates -- -j12 -l12
[1.640s] [ 50%] [32mBuilding CXX object CMakeFiles/send_gates.dir/src/send_gates.cpp.o[0m
[1.888s] gmake[2]: *** [CMakeFiles/send_gates.dir/build.make:76: CMakeFiles/send_gates.dir/src/send_gates.cpp.o] Interrupt
[1.889s] gmake[1]: *** [CMakeFiles/Makefile2:137: CMakeFiles/send_gates.dir/all] Interrupt
[1.889s] gmake: *** [Makefile:146: all] Interrupt
