[0.046s] Invoking command in '/home/hydran00/shelfino_ws/src/Robot_Planning_Project/build/dubins_planner': CMAKE_PREFIX_PATH=${CMAKE_PREFIX_PATH}:/opt/ros/humble /usr/bin/cmake --build /home/hydran00/shelfino_ws/src/Robot_Planning_Project/build/dubins_planner -- -j12 -l12
[0.059s] -- Found ament_cmake: 1.3.5 (/opt/ros/humble/share/ament_cmake/cmake)
[0.154s] -- Found rclcpp: 16.0.6 (/opt/ros/humble/share/rclcpp/cmake)
[0.171s] -- Found rosidl_generator_c: 3.1.5 (/opt/ros/humble/share/rosidl_generator_c/cmake)
[0.172s] -- Found rosidl_adapter: 3.1.5 (/opt/ros/humble/share/rosidl_adapter/cmake)
[0.175s] -- Found rosidl_generator_cpp: 3.1.5 (/opt/ros/humble/share/rosidl_generator_cpp/cmake)
[0.183s] -- Using all available rosidl_typesupport_c: rosidl_typesupport_fastrtps_c;rosidl_typesupport_introspection_c
[0.195s] -- Using all available rosidl_typesupport_cpp: rosidl_typesupport_fastrtps_cpp;rosidl_typesupport_introspection_cpp
[0.260s] -- Found rmw_implementation_cmake: 6.1.1 (/opt/ros/humble/share/rmw_implementation_cmake/cmake)
[0.261s] -- Found rmw_fastrtps_cpp: 6.2.4 (/opt/ros/humble/share/rmw_fastrtps_cpp/cmake)
[0.391s] -- Using RMW implementation 'rmw_fastrtps_cpp' as default
[0.525s] -- Found nav_msgs: 4.2.3 (/opt/ros/humble/share/nav_msgs/cmake)
[0.609s] -- Found nav2_msgs: 1.1.12 (/opt/ros/humble/share/nav2_msgs/cmake)
[0.735s] -- Found tf2: 0.25.4 (/opt/ros/humble/share/tf2/cmake)
[0.740s] -- Found tf2_ros: 0.25.4 (/opt/ros/humble/share/tf2_ros/cmake)
[0.894s] -- Using header-only CGAL
[0.894s] -- Targetting Unix Makefiles
[0.894s] -- Using /usr/bin/c++ compiler.
[0.899s] -- Boost include dirs: /usr/include
[0.899s] -- Boost libraries:    
[0.899s] -- Using gcc version 4 or later. Adding -frounding-math
[0.899s] [33mCMake Warning (dev) at CMakeLists.txt:22 (find_package):
[0.899s]   Policy CMP0074 is not set: find_package uses <PackageName>_ROOT variables.
[0.899s]   Run "cmake --help-policy CMP0074" for policy details.  Use the cmake_policy
[0.899s]   command to set the policy and suppress this warning.
[0.899s] 
[0.899s]   CMake variable CGAL_ROOT is set to:
[0.899s] 
[0.899s]     /usr
[0.899s] 
[0.899s]   For compatibility, CMake is ignoring the variable.
[0.899s] This warning is for project developers.  Use -Wno-dev to suppress it.
[0.900s] [0m
[0.901s] -- Using header-only CGAL
[0.958s] -- Configuring done
[0.973s] -- Generating done
[0.974s] -- Build files have been written to: /home/hydran00/shelfino_ws/src/Robot_Planning_Project/build/dubins_planner
[0.992s] [35m[1mConsolidate compiler generated dependencies of target dubins_planner[0m
[0.997s] [  6%] [34m[1mAutomatic MOC for target CGAL_Qt5_moc_and_resources[0m
[1.003s] [ 18%] Built target dubins_planner
[1.013s] [ 18%] Built target CGAL_Qt5_moc_and_resources_autogen
[1.020s] [35m[1mConsolidate compiler generated dependencies of target CGAL_Qt5_moc_and_resources[0m
[1.038s] [ 87%] Built target CGAL_Qt5_moc_and_resources
[1.045s] [35m[1mConsolidate compiler generated dependencies of target rec[0m
[1.067s] [ 93%] [32mBuilding CXX object CMakeFiles/rec.dir/src/rec.cpp.o[0m
[19.406s] [100%] [32m[1mLinking CXX executable rec[0m
[19.529s] [100%] Built target rec
[19.541s] Invoked command in '/home/hydran00/shelfino_ws/src/Robot_Planning_Project/build/dubins_planner' returned '0': CMAKE_PREFIX_PATH=${CMAKE_PREFIX_PATH}:/opt/ros/humble /usr/bin/cmake --build /home/hydran00/shelfino_ws/src/Robot_Planning_Project/build/dubins_planner -- -j12 -l12
[19.588s] Invoking command in '/home/hydran00/shelfino_ws/src/Robot_Planning_Project/build/dubins_planner': CMAKE_PREFIX_PATH=${CMAKE_PREFIX_PATH}:/opt/ros/humble /usr/bin/cmake --install /home/hydran00/shelfino_ws/src/Robot_Planning_Project/build/dubins_planner
[19.599s] -- Install configuration: "Release"
[19.600s] -- Up-to-date: /home/hydran00/shelfino_ws/src/Robot_Planning_Project/install/dubins_planner/share/dubins_planner/launch
[19.600s] -- Up-to-date: /home/hydran00/shelfino_ws/src/Robot_Planning_Project/install/dubins_planner/share/dubins_planner/launch/dubins.launch.py
[19.600s] -- Up-to-date: /home/hydran00/shelfino_ws/src/Robot_Planning_Project/install/dubins_planner/lib/dubins_planner/dubins_planner
[19.600s] -- Installing: /home/hydran00/shelfino_ws/src/Robot_Planning_Project/install/dubins_planner/lib/dubins_planner/rec
[19.601s] -- Up-to-date: /home/hydran00/shelfino_ws/src/Robot_Planning_Project/install/dubins_planner/share/ament_index/resource_index/package_run_dependencies/dubins_planner
[19.601s] -- Up-to-date: /home/hydran00/shelfino_ws/src/Robot_Planning_Project/install/dubins_planner/share/ament_index/resource_index/parent_prefix_path/dubins_planner
[19.601s] -- Up-to-date: /home/hydran00/shelfino_ws/src/Robot_Planning_Project/install/dubins_planner/share/dubins_planner/environment/ament_prefix_path.sh
[19.601s] -- Installing: /home/hydran00/shelfino_ws/src/Robot_Planning_Project/install/dubins_planner/share/dubins_planner/environment/ament_prefix_path.dsv
[19.602s] -- Up-to-date: /home/hydran00/shelfino_ws/src/Robot_Planning_Project/install/dubins_planner/share/dubins_planner/environment/path.sh
[19.602s] -- Installing: /home/hydran00/shelfino_ws/src/Robot_Planning_Project/install/dubins_planner/share/dubins_planner/environment/path.dsv
[19.602s] -- Up-to-date: /home/hydran00/shelfino_ws/src/Robot_Planning_Project/install/dubins_planner/share/dubins_planner/local_setup.bash
[19.602s] -- Up-to-date: /home/hydran00/shelfino_ws/src/Robot_Planning_Project/install/dubins_planner/share/dubins_planner/local_setup.sh
[19.602s] -- Up-to-date: /home/hydran00/shelfino_ws/src/Robot_Planning_Project/install/dubins_planner/share/dubins_planner/local_setup.zsh
[19.602s] -- Installing: /home/hydran00/shelfino_ws/src/Robot_Planning_Project/install/dubins_planner/share/dubins_planner/local_setup.dsv
[19.602s] -- Installing: /home/hydran00/shelfino_ws/src/Robot_Planning_Project/install/dubins_planner/share/dubins_planner/package.dsv
[19.602s] -- Up-to-date: /home/hydran00/shelfino_ws/src/Robot_Planning_Project/install/dubins_planner/share/ament_index/resource_index/packages/dubins_planner
[19.602s] -- Up-to-date: /home/hydran00/shelfino_ws/src/Robot_Planning_Project/install/dubins_planner/share/dubins_planner/cmake/dubins_plannerConfig.cmake
[19.602s] -- Up-to-date: /home/hydran00/shelfino_ws/src/Robot_Planning_Project/install/dubins_planner/share/dubins_planner/cmake/dubins_plannerConfig-version.cmake
[19.602s] -- Up-to-date: /home/hydran00/shelfino_ws/src/Robot_Planning_Project/install/dubins_planner/share/dubins_planner/package.xml
[19.602s] Invoked command in '/home/hydran00/shelfino_ws/src/Robot_Planning_Project/build/dubins_planner' returned '0': CMAKE_PREFIX_PATH=${CMAKE_PREFIX_PATH}:/opt/ros/humble /usr/bin/cmake --install /home/hydran00/shelfino_ws/src/Robot_Planning_Project/build/dubins_planner
