[0.152s] Invoking command in '/home/hydran00/shelfino_ws/src/Robot_Planning_Project/build/shelfino_gazebo': CMAKE_PREFIX_PATH=${CMAKE_PREFIX_PATH}:/opt/ros/humble /usr/bin/cmake /home/hydran00/shelfino_ws/src/Robot_Planning_Project/shelfino_gazebo -DCMAKE_INSTALL_PREFIX=/home/hydran00/shelfino_ws/src/Robot_Planning_Project/install/shelfino_gazebo
[0.876s] -- The C compiler identification is GNU 11.4.0
[0.877s] -- The CXX compiler identification is GNU 11.4.0
[0.877s] -- Detecting C compiler ABI info
[0.877s] -- Detecting C compiler ABI info - done
[0.877s] -- Check for working C compiler: /usr/bin/cc - skipped
[0.877s] -- Detecting C compile features
[0.877s] -- Detecting C compile features - done
[0.877s] -- Detecting CXX compiler ABI info
[0.877s] -- Detecting CXX compiler ABI info - done
[0.877s] -- Check for working CXX compiler: /usr/bin/c++ - skipped
[0.877s] -- Detecting CXX compile features
[0.877s] -- Detecting CXX compile features - done
[0.877s] -- Found ament_cmake: 1.3.5 (/opt/ros/humble/share/ament_cmake/cmake)
[0.877s] -- Found Python3: /usr/bin/python3.10 (found version "3.10.12") found components: Interpreter 
[0.877s] -- Configuring done
[0.877s] -- Generating done
[0.877s] -- Build files have been written to: /home/hydran00/shelfino_ws/src/Robot_Planning_Project/build/shelfino_gazebo
[0.894s] Invoked command in '/home/hydran00/shelfino_ws/src/Robot_Planning_Project/build/shelfino_gazebo' returned '0': CMAKE_PREFIX_PATH=${CMAKE_PREFIX_PATH}:/opt/ros/humble /usr/bin/cmake /home/hydran00/shelfino_ws/src/Robot_Planning_Project/shelfino_gazebo -DCMAKE_INSTALL_PREFIX=/home/hydran00/shelfino_ws/src/Robot_Planning_Project/install/shelfino_gazebo
[0.894s] Invoking command in '/home/hydran00/shelfino_ws/src/Robot_Planning_Project/build/shelfino_gazebo': CMAKE_PREFIX_PATH=${CMAKE_PREFIX_PATH}:/opt/ros/humble /usr/bin/cmake --build /home/hydran00/shelfino_ws/src/Robot_Planning_Project/build/shelfino_gazebo -- -j12 -l12
[1.481s] Invoked command in '/home/hydran00/shelfino_ws/src/Robot_Planning_Project/build/shelfino_gazebo' returned '0': CMAKE_PREFIX_PATH=${CMAKE_PREFIX_PATH}:/opt/ros/humble /usr/bin/cmake --build /home/hydran00/shelfino_ws/src/Robot_Planning_Project/build/shelfino_gazebo -- -j12 -l12
[1.509s] Invoking command in '/home/hydran00/shelfino_ws/src/Robot_Planning_Project/build/shelfino_gazebo': CMAKE_PREFIX_PATH=${CMAKE_PREFIX_PATH}:/opt/ros/humble /usr/bin/cmake --install /home/hydran00/shelfino_ws/src/Robot_Planning_Project/build/shelfino_gazebo
[1.523s] -- Install configuration: ""
[1.524s] -- Installing: /home/hydran00/shelfino_ws/src/Robot_Planning_Project/install/shelfino_gazebo/share/shelfino_gazebo/launch
[1.525s] -- Installing: /home/hydran00/shelfino_ws/src/Robot_Planning_Project/install/shelfino_gazebo/share/shelfino_gazebo/launch/shelfino.launch.py
[1.526s] -- Installing: /home/hydran00/shelfino_ws/src/Robot_Planning_Project/install/shelfino_gazebo/share/shelfino_gazebo/launch/multi_shelfino.launch.py
[1.526s] -- Installing: /home/hydran00/shelfino_ws/src/Robot_Planning_Project/install/shelfino_gazebo/share/shelfino_gazebo/worlds
[1.526s] -- Installing: /home/hydran00/shelfino_ws/src/Robot_Planning_Project/install/shelfino_gazebo/share/shelfino_gazebo/worlds/hexagon.world
[1.526s] -- Installing: /home/hydran00/shelfino_ws/src/Robot_Planning_Project/install/shelfino_gazebo/share/shelfino_gazebo/worlds/empty.world
[1.526s] -- Installing: /home/hydran00/shelfino_ws/src/Robot_Planning_Project/install/shelfino_gazebo/share/shelfino_gazebo/worlds/povo.world
[1.526s] -- Installing: /home/hydran00/shelfino_ws/src/Robot_Planning_Project/install/shelfino_gazebo/share/ament_index/resource_index/package_run_dependencies/shelfino_gazebo
[1.526s] -- Installing: /home/hydran00/shelfino_ws/src/Robot_Planning_Project/install/shelfino_gazebo/share/ament_index/resource_index/parent_prefix_path/shelfino_gazebo
[1.526s] -- Installing: /home/hydran00/shelfino_ws/src/Robot_Planning_Project/install/shelfino_gazebo/share/shelfino_gazebo/environment/ament_prefix_path.sh
[1.526s] -- Installing: /home/hydran00/shelfino_ws/src/Robot_Planning_Project/install/shelfino_gazebo/share/shelfino_gazebo/environment/ament_prefix_path.dsv
[1.526s] -- Installing: /home/hydran00/shelfino_ws/src/Robot_Planning_Project/install/shelfino_gazebo/share/shelfino_gazebo/environment/path.sh
[1.526s] -- Installing: /home/hydran00/shelfino_ws/src/Robot_Planning_Project/install/shelfino_gazebo/share/shelfino_gazebo/environment/path.dsv
[1.526s] -- Installing: /home/hydran00/shelfino_ws/src/Robot_Planning_Project/install/shelfino_gazebo/share/shelfino_gazebo/local_setup.bash
[1.526s] -- Installing: /home/hydran00/shelfino_ws/src/Robot_Planning_Project/install/shelfino_gazebo/share/shelfino_gazebo/local_setup.sh
[1.527s] -- Installing: /home/hydran00/shelfino_ws/src/Robot_Planning_Project/install/shelfino_gazebo/share/shelfino_gazebo/local_setup.zsh
[1.527s] -- Installing: /home/hydran00/shelfino_ws/src/Robot_Planning_Project/install/shelfino_gazebo/share/shelfino_gazebo/local_setup.dsv
[1.527s] -- Installing: /home/hydran00/shelfino_ws/src/Robot_Planning_Project/install/shelfino_gazebo/share/shelfino_gazebo/package.dsv
[1.527s] -- Installing: /home/hydran00/shelfino_ws/src/Robot_Planning_Project/install/shelfino_gazebo/share/ament_index/resource_index/packages/shelfino_gazebo
[1.527s] -- Installing: /home/hydran00/shelfino_ws/src/Robot_Planning_Project/install/shelfino_gazebo/share/shelfino_gazebo/cmake/shelfino_gazeboConfig.cmake
[1.527s] -- Installing: /home/hydran00/shelfino_ws/src/Robot_Planning_Project/install/shelfino_gazebo/share/shelfino_gazebo/cmake/shelfino_gazeboConfig-version.cmake
[1.527s] -- Installing: /home/hydran00/shelfino_ws/src/Robot_Planning_Project/install/shelfino_gazebo/share/shelfino_gazebo/package.xml
[1.582s] Invoked command in '/home/hydran00/shelfino_ws/src/Robot_Planning_Project/build/shelfino_gazebo' returned '0': CMAKE_PREFIX_PATH=${CMAKE_PREFIX_PATH}:/opt/ros/humble /usr/bin/cmake --install /home/hydran00/shelfino_ws/src/Robot_Planning_Project/build/shelfino_gazebo
