[0.537s] DEBUG:colcon:Command line arguments: ['/usr/bin/colcon', 'build']
[0.537s] DEBUG:colcon:Parsed command line arguments: Namespace(log_base=None, log_level=None, verb_name='build', build_base='build', install_base='install', merge_install=False, symlink_install=False, test_result_base=None, continue_on_error=False, executor='parallel', parallel_workers=12, event_handlers=None, ignore_user_meta=False, metas=['./colcon.meta'], base_paths=['.'], packages_ignore=None, packages_ignore_regex=None, paths=None, packages_up_to=None, packages_up_to_regex=None, packages_above=None, packages_above_and_dependencies=None, packages_above_depth=None, packages_select_by_dep=None, packages_skip_by_dep=None, packages_skip_up_to=None, packages_select_build_failed=False, packages_skip_build_finished=False, packages_select_test_failures=False, packages_skip_test_passed=False, packages_select=None, packages_skip=None, packages_select_regex=None, packages_skip_regex=None, packages_start=None, packages_end=None, allow_overriding=[], cmake_args=None, cmake_target=None, cmake_target_skip_unavailable=False, cmake_clean_cache=False, cmake_clean_first=False, cmake_force_configure=False, ament_cmake_args=None, catkin_cmake_args=None, catkin_skip_building_tests=False, verb_parser=<colcon_defaults.argument_parser.defaults.DefaultArgumentsDecorator object at 0x7f8928eb92d0>, verb_extension=<colcon_core.verb.build.BuildVerb object at 0x7f8928eb8670>, main=<bound method BuildVerb.main of <colcon_core.verb.build.BuildVerb object at 0x7f8928eb8670>>)
[0.563s] Level 1:colcon.colcon_core.package_discovery:discover_packages(colcon_meta) check parameters
[0.563s] Level 1:colcon.colcon_core.package_discovery:discover_packages(recursive) check parameters
[0.563s] Level 1:colcon.colcon_core.package_discovery:discover_packages(ignore) check parameters
[0.563s] Level 1:colcon.colcon_core.package_discovery:discover_packages(path) check parameters
[0.563s] Level 1:colcon.colcon_core.package_discovery:discover_packages(colcon_meta) discover
[0.563s] Level 1:colcon.colcon_core.package_discovery:discover_packages(recursive) discover
[0.564s] INFO:colcon.colcon_core.package_discovery:Crawling recursively for packages in '/home/hydran00/shelfino_ws/src/Robot_Planning_Project'
[0.564s] Level 1:colcon.colcon_core.package_identification:_identify(.) by extensions ['ignore', 'ignore_ament_install']
[0.564s] Level 1:colcon.colcon_core.package_identification:_identify(.) by extension 'ignore'
[0.564s] Level 1:colcon.colcon_core.package_identification:_identify(.) by extension 'ignore_ament_install'
[0.564s] Level 1:colcon.colcon_core.package_identification:_identify(.) by extensions ['colcon_pkg']
[0.564s] Level 1:colcon.colcon_core.package_identification:_identify(.) by extension 'colcon_pkg'
[0.564s] Level 1:colcon.colcon_core.package_identification:_identify(.) by extensions ['colcon_meta']
[0.564s] Level 1:colcon.colcon_core.package_identification:_identify(.) by extension 'colcon_meta'
[0.564s] Level 1:colcon.colcon_core.package_identification:_identify(.) by extensions ['ros']
[0.564s] Level 1:colcon.colcon_core.package_identification:_identify(.) by extension 'ros'
[0.570s] Level 1:colcon.colcon_core.package_identification:_identify(.) by extensions ['cmake', 'python']
[0.570s] Level 1:colcon.colcon_core.package_identification:_identify(.) by extension 'cmake'
[0.570s] Level 1:colcon.colcon_core.package_identification:_identify(.) by extension 'python'
[0.570s] Level 1:colcon.colcon_core.package_identification:_identify(.) by extensions ['python_setup_py']
[0.570s] Level 1:colcon.colcon_core.package_identification:_identify(.) by extension 'python_setup_py'
[0.570s] Level 1:colcon.colcon_core.package_identification:_identify(assets) by extensions ['ignore', 'ignore_ament_install']
[0.570s] Level 1:colcon.colcon_core.package_identification:_identify(assets) by extension 'ignore'
[0.570s] Level 1:colcon.colcon_core.package_identification:_identify(assets) by extension 'ignore_ament_install'
[0.570s] Level 1:colcon.colcon_core.package_identification:_identify(assets) by extensions ['colcon_pkg']
[0.570s] Level 1:colcon.colcon_core.package_identification:_identify(assets) by extension 'colcon_pkg'
[0.570s] Level 1:colcon.colcon_core.package_identification:_identify(assets) by extensions ['colcon_meta']
[0.570s] Level 1:colcon.colcon_core.package_identification:_identify(assets) by extension 'colcon_meta'
[0.570s] Level 1:colcon.colcon_core.package_identification:_identify(assets) by extensions ['ros']
[0.571s] Level 1:colcon.colcon_core.package_identification:_identify(assets) by extension 'ros'
[0.571s] Level 1:colcon.colcon_core.package_identification:_identify(assets) by extensions ['cmake', 'python']
[0.571s] Level 1:colcon.colcon_core.package_identification:_identify(assets) by extension 'cmake'
[0.571s] Level 1:colcon.colcon_core.package_identification:_identify(assets) by extension 'python'
[0.571s] Level 1:colcon.colcon_core.package_identification:_identify(assets) by extensions ['python_setup_py']
[0.571s] Level 1:colcon.colcon_core.package_identification:_identify(assets) by extension 'python_setup_py'
[0.571s] Level 1:colcon.colcon_core.package_identification:_identify(assets/images) by extensions ['ignore', 'ignore_ament_install']
[0.571s] Level 1:colcon.colcon_core.package_identification:_identify(assets/images) by extension 'ignore'
[0.571s] Level 1:colcon.colcon_core.package_identification:_identify(assets/images) by extension 'ignore_ament_install'
[0.571s] Level 1:colcon.colcon_core.package_identification:_identify(assets/images) by extensions ['colcon_pkg']
[0.571s] Level 1:colcon.colcon_core.package_identification:_identify(assets/images) by extension 'colcon_pkg'
[0.571s] Level 1:colcon.colcon_core.package_identification:_identify(assets/images) by extensions ['colcon_meta']
[0.571s] Level 1:colcon.colcon_core.package_identification:_identify(assets/images) by extension 'colcon_meta'
[0.571s] Level 1:colcon.colcon_core.package_identification:_identify(assets/images) by extensions ['ros']
[0.571s] Level 1:colcon.colcon_core.package_identification:_identify(assets/images) by extension 'ros'
[0.571s] Level 1:colcon.colcon_core.package_identification:_identify(assets/images) by extensions ['cmake', 'python']
[0.571s] Level 1:colcon.colcon_core.package_identification:_identify(assets/images) by extension 'cmake'
[0.571s] Level 1:colcon.colcon_core.package_identification:_identify(assets/images) by extension 'python'
[0.571s] Level 1:colcon.colcon_core.package_identification:_identify(assets/images) by extensions ['python_setup_py']
[0.571s] Level 1:colcon.colcon_core.package_identification:_identify(assets/images) by extension 'python_setup_py'
[0.571s] Level 1:colcon.colcon_core.package_identification:_identify(autorun) by extensions ['ignore', 'ignore_ament_install']
[0.571s] Level 1:colcon.colcon_core.package_identification:_identify(autorun) by extension 'ignore'
[0.571s] Level 1:colcon.colcon_core.package_identification:_identify(autorun) by extension 'ignore_ament_install'
[0.571s] Level 1:colcon.colcon_core.package_identification:_identify(autorun) by extensions ['colcon_pkg']
[0.571s] Level 1:colcon.colcon_core.package_identification:_identify(autorun) by extension 'colcon_pkg'
[0.571s] Level 1:colcon.colcon_core.package_identification:_identify(autorun) by extensions ['colcon_meta']
[0.571s] Level 1:colcon.colcon_core.package_identification:_identify(autorun) by extension 'colcon_meta'
[0.571s] Level 1:colcon.colcon_core.package_identification:_identify(autorun) by extensions ['ros']
[0.571s] Level 1:colcon.colcon_core.package_identification:_identify(autorun) by extension 'ros'
[0.571s] Level 1:colcon.colcon_core.package_identification:_identify(autorun) by extensions ['cmake', 'python']
[0.571s] Level 1:colcon.colcon_core.package_identification:_identify(autorun) by extension 'cmake'
[0.571s] Level 1:colcon.colcon_core.package_identification:_identify(autorun) by extension 'python'
[0.571s] Level 1:colcon.colcon_core.package_identification:_identify(autorun) by extensions ['python_setup_py']
[0.571s] Level 1:colcon.colcon_core.package_identification:_identify(autorun) by extension 'python_setup_py'
[0.572s] Level 1:colcon.colcon_core.package_identification:_identify(build) by extensions ['ignore', 'ignore_ament_install']
[0.572s] Level 1:colcon.colcon_core.package_identification:_identify(build) by extension 'ignore'
[0.572s] Level 1:colcon.colcon_core.package_identification:_identify(build) ignored
[0.572s] Level 1:colcon.colcon_core.package_identification:_identify(dubins_planner) by extensions ['ignore', 'ignore_ament_install']
[0.572s] Level 1:colcon.colcon_core.package_identification:_identify(dubins_planner) by extension 'ignore'
[0.572s] Level 1:colcon.colcon_core.package_identification:_identify(dubins_planner) by extension 'ignore_ament_install'
[0.572s] Level 1:colcon.colcon_core.package_identification:_identify(dubins_planner) by extensions ['colcon_pkg']
[0.572s] Level 1:colcon.colcon_core.package_identification:_identify(dubins_planner) by extension 'colcon_pkg'
[0.572s] Level 1:colcon.colcon_core.package_identification:_identify(dubins_planner) by extensions ['colcon_meta']
[0.572s] Level 1:colcon.colcon_core.package_identification:_identify(dubins_planner) by extension 'colcon_meta'
[0.572s] Level 1:colcon.colcon_core.package_identification:_identify(dubins_planner) by extensions ['ros']
[0.572s] Level 1:colcon.colcon_core.package_identification:_identify(dubins_planner) by extension 'ros'
[0.574s] DEBUG:colcon.colcon_core.package_identification:Package 'dubins_planner' with type 'ros.ament_cmake' and name 'dubins_planner'
[0.574s] Level 1:colcon.colcon_core.package_identification:_identify(evader) by extensions ['ignore', 'ignore_ament_install']
[0.574s] Level 1:colcon.colcon_core.package_identification:_identify(evader) by extension 'ignore'
[0.574s] Level 1:colcon.colcon_core.package_identification:_identify(evader) by extension 'ignore_ament_install'
[0.574s] Level 1:colcon.colcon_core.package_identification:_identify(evader) by extensions ['colcon_pkg']
[0.574s] Level 1:colcon.colcon_core.package_identification:_identify(evader) by extension 'colcon_pkg'
[0.574s] Level 1:colcon.colcon_core.package_identification:_identify(evader) by extensions ['colcon_meta']
[0.574s] Level 1:colcon.colcon_core.package_identification:_identify(evader) by extension 'colcon_meta'
[0.574s] Level 1:colcon.colcon_core.package_identification:_identify(evader) by extensions ['ros']
[0.574s] Level 1:colcon.colcon_core.package_identification:_identify(evader) by extension 'ros'
[0.575s] DEBUG:colcon.colcon_core.package_identification:Package 'evader' with type 'ros.ament_cmake' and name 'evader'
[0.575s] Level 1:colcon.colcon_core.package_identification:_identify(get_positions) by extensions ['ignore', 'ignore_ament_install']
[0.575s] Level 1:colcon.colcon_core.package_identification:_identify(get_positions) by extension 'ignore'
[0.575s] Level 1:colcon.colcon_core.package_identification:_identify(get_positions) by extension 'ignore_ament_install'
[0.575s] Level 1:colcon.colcon_core.package_identification:_identify(get_positions) by extensions ['colcon_pkg']
[0.575s] Level 1:colcon.colcon_core.package_identification:_identify(get_positions) by extension 'colcon_pkg'
[0.575s] Level 1:colcon.colcon_core.package_identification:_identify(get_positions) by extensions ['colcon_meta']
[0.575s] Level 1:colcon.colcon_core.package_identification:_identify(get_positions) by extension 'colcon_meta'
[0.575s] Level 1:colcon.colcon_core.package_identification:_identify(get_positions) by extensions ['ros']
[0.575s] Level 1:colcon.colcon_core.package_identification:_identify(get_positions) by extension 'ros'
[0.576s] DEBUG:colcon.colcon_core.package_identification:Package 'get_positions' with type 'ros.ament_cmake' and name 'get_positions'
[0.576s] Level 1:colcon.colcon_core.package_identification:_identify(graph_msgs) by extensions ['ignore', 'ignore_ament_install']
[0.576s] Level 1:colcon.colcon_core.package_identification:_identify(graph_msgs) by extension 'ignore'
[0.576s] Level 1:colcon.colcon_core.package_identification:_identify(graph_msgs) by extension 'ignore_ament_install'
[0.576s] Level 1:colcon.colcon_core.package_identification:_identify(graph_msgs) by extensions ['colcon_pkg']
[0.576s] Level 1:colcon.colcon_core.package_identification:_identify(graph_msgs) by extension 'colcon_pkg'
[0.576s] Level 1:colcon.colcon_core.package_identification:_identify(graph_msgs) by extensions ['colcon_meta']
[0.576s] Level 1:colcon.colcon_core.package_identification:_identify(graph_msgs) by extension 'colcon_meta'
[0.576s] Level 1:colcon.colcon_core.package_identification:_identify(graph_msgs) by extensions ['ros']
[0.576s] Level 1:colcon.colcon_core.package_identification:_identify(graph_msgs) by extension 'ros'
[0.576s] DEBUG:colcon.colcon_core.package_identification:Package 'graph_msgs' with type 'ros.ament_cmake' and name 'graph_msgs'
[0.576s] Level 1:colcon.colcon_core.package_identification:_identify(install) by extensions ['ignore', 'ignore_ament_install']
[0.576s] Level 1:colcon.colcon_core.package_identification:_identify(install) by extension 'ignore'
[0.576s] Level 1:colcon.colcon_core.package_identification:_identify(install) ignored
[0.576s] Level 1:colcon.colcon_core.package_identification:_identify(log) by extensions ['ignore', 'ignore_ament_install']
[0.576s] Level 1:colcon.colcon_core.package_identification:_identify(log) by extension 'ignore'
[0.576s] Level 1:colcon.colcon_core.package_identification:_identify(log) ignored
[0.577s] Level 1:colcon.colcon_core.package_identification:_identify(obstacles_msgs) by extensions ['ignore', 'ignore_ament_install']
[0.577s] Level 1:colcon.colcon_core.package_identification:_identify(obstacles_msgs) by extension 'ignore'
[0.577s] Level 1:colcon.colcon_core.package_identification:_identify(obstacles_msgs) by extension 'ignore_ament_install'
[0.577s] Level 1:colcon.colcon_core.package_identification:_identify(obstacles_msgs) by extensions ['colcon_pkg']
[0.577s] Level 1:colcon.colcon_core.package_identification:_identify(obstacles_msgs) by extension 'colcon_pkg'
[0.577s] Level 1:colcon.colcon_core.package_identification:_identify(obstacles_msgs) by extensions ['colcon_meta']
[0.577s] Level 1:colcon.colcon_core.package_identification:_identify(obstacles_msgs) by extension 'colcon_meta'
[0.577s] Level 1:colcon.colcon_core.package_identification:_identify(obstacles_msgs) by extensions ['ros']
[0.577s] Level 1:colcon.colcon_core.package_identification:_identify(obstacles_msgs) by extension 'ros'
[0.577s] DEBUG:colcon.colcon_core.package_identification:Package 'obstacles_msgs' with type 'ros.ament_cmake' and name 'obstacles_msgs'
[0.577s] Level 1:colcon.colcon_core.package_identification:_identify(remote_control) by extensions ['ignore', 'ignore_ament_install']
[0.577s] Level 1:colcon.colcon_core.package_identification:_identify(remote_control) by extension 'ignore'
[0.577s] Level 1:colcon.colcon_core.package_identification:_identify(remote_control) by extension 'ignore_ament_install'
[0.577s] Level 1:colcon.colcon_core.package_identification:_identify(remote_control) by extensions ['colcon_pkg']
[0.577s] Level 1:colcon.colcon_core.package_identification:_identify(remote_control) by extension 'colcon_pkg'
[0.577s] Level 1:colcon.colcon_core.package_identification:_identify(remote_control) by extensions ['colcon_meta']
[0.577s] Level 1:colcon.colcon_core.package_identification:_identify(remote_control) by extension 'colcon_meta'
[0.577s] Level 1:colcon.colcon_core.package_identification:_identify(remote_control) by extensions ['ros']
[0.577s] Level 1:colcon.colcon_core.package_identification:_identify(remote_control) by extension 'ros'
[0.578s] DEBUG:colcon.colcon_core.package_identification:Package 'remote_control' with type 'ros.ament_cmake' and name 'remote_control'
[0.578s] Level 1:colcon.colcon_core.package_identification:_identify(send_borders) by extensions ['ignore', 'ignore_ament_install']
[0.578s] Level 1:colcon.colcon_core.package_identification:_identify(send_borders) by extension 'ignore'
[0.578s] Level 1:colcon.colcon_core.package_identification:_identify(send_borders) by extension 'ignore_ament_install'
[0.578s] Level 1:colcon.colcon_core.package_identification:_identify(send_borders) by extensions ['colcon_pkg']
[0.578s] Level 1:colcon.colcon_core.package_identification:_identify(send_borders) by extension 'colcon_pkg'
[0.578s] Level 1:colcon.colcon_core.package_identification:_identify(send_borders) by extensions ['colcon_meta']
[0.578s] Level 1:colcon.colcon_core.package_identification:_identify(send_borders) by extension 'colcon_meta'
[0.578s] Level 1:colcon.colcon_core.package_identification:_identify(send_borders) by extensions ['ros']
[0.578s] Level 1:colcon.colcon_core.package_identification:_identify(send_borders) by extension 'ros'
[0.578s] DEBUG:colcon.colcon_core.package_identification:Package 'send_borders' with type 'ros.ament_cmake' and name 'send_borders'
[0.578s] Level 1:colcon.colcon_core.package_identification:_identify(send_gates) by extensions ['ignore', 'ignore_ament_install']
[0.578s] Level 1:colcon.colcon_core.package_identification:_identify(send_gates) by extension 'ignore'
[0.578s] Level 1:colcon.colcon_core.package_identification:_identify(send_gates) by extension 'ignore_ament_install'
[0.578s] Level 1:colcon.colcon_core.package_identification:_identify(send_gates) by extensions ['colcon_pkg']
[0.578s] Level 1:colcon.colcon_core.package_identification:_identify(send_gates) by extension 'colcon_pkg'
[0.579s] Level 1:colcon.colcon_core.package_identification:_identify(send_gates) by extensions ['colcon_meta']
[0.579s] Level 1:colcon.colcon_core.package_identification:_identify(send_gates) by extension 'colcon_meta'
[0.579s] Level 1:colcon.colcon_core.package_identification:_identify(send_gates) by extensions ['ros']
[0.579s] Level 1:colcon.colcon_core.package_identification:_identify(send_gates) by extension 'ros'
[0.579s] DEBUG:colcon.colcon_core.package_identification:Package 'send_gates' with type 'ros.ament_cmake' and name 'send_gates'
[0.579s] Level 1:colcon.colcon_core.package_identification:_identify(send_obstacles) by extensions ['ignore', 'ignore_ament_install']
[0.579s] Level 1:colcon.colcon_core.package_identification:_identify(send_obstacles) by extension 'ignore'
[0.579s] Level 1:colcon.colcon_core.package_identification:_identify(send_obstacles) by extension 'ignore_ament_install'
[0.579s] Level 1:colcon.colcon_core.package_identification:_identify(send_obstacles) by extensions ['colcon_pkg']
[0.579s] Level 1:colcon.colcon_core.package_identification:_identify(send_obstacles) by extension 'colcon_pkg'
[0.579s] Level 1:colcon.colcon_core.package_identification:_identify(send_obstacles) by extensions ['colcon_meta']
[0.579s] Level 1:colcon.colcon_core.package_identification:_identify(send_obstacles) by extension 'colcon_meta'
[0.579s] Level 1:colcon.colcon_core.package_identification:_identify(send_obstacles) by extensions ['ros']
[0.579s] Level 1:colcon.colcon_core.package_identification:_identify(send_obstacles) by extension 'ros'
[0.580s] DEBUG:colcon.colcon_core.package_identification:Package 'send_obstacles' with type 'ros.ament_cmake' and name 'send_obstacles'
[0.580s] Level 1:colcon.colcon_core.package_identification:_identify(shelfino_description) by extensions ['ignore', 'ignore_ament_install']
[0.580s] Level 1:colcon.colcon_core.package_identification:_identify(shelfino_description) by extension 'ignore'
[0.580s] Level 1:colcon.colcon_core.package_identification:_identify(shelfino_description) by extension 'ignore_ament_install'
[0.580s] Level 1:colcon.colcon_core.package_identification:_identify(shelfino_description) by extensions ['colcon_pkg']
[0.580s] Level 1:colcon.colcon_core.package_identification:_identify(shelfino_description) by extension 'colcon_pkg'
[0.580s] Level 1:colcon.colcon_core.package_identification:_identify(shelfino_description) by extensions ['colcon_meta']
[0.580s] Level 1:colcon.colcon_core.package_identification:_identify(shelfino_description) by extension 'colcon_meta'
[0.580s] Level 1:colcon.colcon_core.package_identification:_identify(shelfino_description) by extensions ['ros']
[0.580s] Level 1:colcon.colcon_core.package_identification:_identify(shelfino_description) by extension 'ros'
[0.580s] DEBUG:colcon.colcon_core.package_identification:Package 'shelfino_description' with type 'ros.ament_cmake' and name 'shelfino_description'
[0.580s] Level 1:colcon.colcon_core.package_identification:_identify(shelfino_gazebo) by extensions ['ignore', 'ignore_ament_install']
[0.580s] Level 1:colcon.colcon_core.package_identification:_identify(shelfino_gazebo) by extension 'ignore'
[0.580s] Level 1:colcon.colcon_core.package_identification:_identify(shelfino_gazebo) by extension 'ignore_ament_install'
[0.580s] Level 1:colcon.colcon_core.package_identification:_identify(shelfino_gazebo) by extensions ['colcon_pkg']
[0.580s] Level 1:colcon.colcon_core.package_identification:_identify(shelfino_gazebo) by extension 'colcon_pkg'
[0.580s] Level 1:colcon.colcon_core.package_identification:_identify(shelfino_gazebo) by extensions ['colcon_meta']
[0.580s] Level 1:colcon.colcon_core.package_identification:_identify(shelfino_gazebo) by extension 'colcon_meta'
[0.580s] Level 1:colcon.colcon_core.package_identification:_identify(shelfino_gazebo) by extensions ['ros']
[0.581s] Level 1:colcon.colcon_core.package_identification:_identify(shelfino_gazebo) by extension 'ros'
[0.581s] DEBUG:colcon.colcon_core.package_identification:Package 'shelfino_gazebo' with type 'ros.ament_cmake' and name 'shelfino_gazebo'
[0.581s] Level 1:colcon.colcon_core.package_identification:_identify(shelfino_navigation) by extensions ['ignore', 'ignore_ament_install']
[0.581s] Level 1:colcon.colcon_core.package_identification:_identify(shelfino_navigation) by extension 'ignore'
[0.581s] Level 1:colcon.colcon_core.package_identification:_identify(shelfino_navigation) by extension 'ignore_ament_install'
[0.581s] Level 1:colcon.colcon_core.package_identification:_identify(shelfino_navigation) by extensions ['colcon_pkg']
[0.581s] Level 1:colcon.colcon_core.package_identification:_identify(shelfino_navigation) by extension 'colcon_pkg'
[0.581s] Level 1:colcon.colcon_core.package_identification:_identify(shelfino_navigation) by extensions ['colcon_meta']
[0.581s] Level 1:colcon.colcon_core.package_identification:_identify(shelfino_navigation) by extension 'colcon_meta'
[0.581s] Level 1:colcon.colcon_core.package_identification:_identify(shelfino_navigation) by extensions ['ros']
[0.581s] Level 1:colcon.colcon_core.package_identification:_identify(shelfino_navigation) by extension 'ros'
[0.581s] DEBUG:colcon.colcon_core.package_identification:Package 'shelfino_navigation' with type 'ros.ament_cmake' and name 'shelfino_navigation'
[0.582s] Level 1:colcon.colcon_core.package_identification:_identify(shelfino_node) by extensions ['ignore', 'ignore_ament_install']
[0.582s] Level 1:colcon.colcon_core.package_identification:_identify(shelfino_node) by extension 'ignore'
[0.582s] Level 1:colcon.colcon_core.package_identification:_identify(shelfino_node) by extension 'ignore_ament_install'
[0.582s] Level 1:colcon.colcon_core.package_identification:_identify(shelfino_node) by extensions ['colcon_pkg']
[0.582s] Level 1:colcon.colcon_core.package_identification:_identify(shelfino_node) by extension 'colcon_pkg'
[0.582s] Level 1:colcon.colcon_core.package_identification:_identify(shelfino_node) by extensions ['colcon_meta']
[0.582s] Level 1:colcon.colcon_core.package_identification:_identify(shelfino_node) by extension 'colcon_meta'
[0.582s] Level 1:colcon.colcon_core.package_identification:_identify(shelfino_node) by extensions ['ros']
[0.582s] Level 1:colcon.colcon_core.package_identification:_identify(shelfino_node) by extension 'ros'
[0.582s] DEBUG:colcon.colcon_core.package_identification:Package 'shelfino_node' with type 'ros.ament_cmake' and name 'shelfino_node'
[0.582s] Level 1:colcon.colcon_core.package_discovery:discover_packages(recursive) using defaults
[0.582s] Level 1:colcon.colcon_core.package_discovery:discover_packages(ignore) discover
[0.582s] Level 1:colcon.colcon_core.package_discovery:discover_packages(ignore) using defaults
[0.582s] Level 1:colcon.colcon_core.package_discovery:discover_packages(path) discover
[0.582s] Level 1:colcon.colcon_core.package_discovery:discover_packages(path) using defaults
[0.634s] Level 1:colcon.colcon_core.package_discovery:discover_packages(prefix_path) check parameters
[0.634s] Level 1:colcon.colcon_core.package_discovery:discover_packages(prefix_path) discover
[0.651s] DEBUG:colcon.colcon_installed_package_information.package_discovery:Found 13 installed packages in /home/hydran00/shelfino_ws/install
[0.659s] DEBUG:colcon.colcon_installed_package_information.package_discovery:Found 325 installed packages in /opt/ros/humble
[0.660s] Level 1:colcon.colcon_core.package_discovery:discover_packages(prefix_path) using defaults
[0.712s] Level 5:colcon.colcon_core.verb:set package 'dubins_planner' build argument 'cmake_args' from command line to 'None'
[0.713s] Level 5:colcon.colcon_core.verb:set package 'dubins_planner' build argument 'cmake_target' from command line to 'None'
[0.713s] Level 5:colcon.colcon_core.verb:set package 'dubins_planner' build argument 'cmake_target_skip_unavailable' from command line to 'False'
[0.713s] Level 5:colcon.colcon_core.verb:set package 'dubins_planner' build argument 'cmake_clean_cache' from command line to 'False'
[0.713s] Level 5:colcon.colcon_core.verb:set package 'dubins_planner' build argument 'cmake_clean_first' from command line to 'False'
[0.713s] Level 5:colcon.colcon_core.verb:set package 'dubins_planner' build argument 'cmake_force_configure' from command line to 'False'
[0.713s] Level 5:colcon.colcon_core.verb:set package 'dubins_planner' build argument 'ament_cmake_args' from command line to 'None'
[0.713s] Level 5:colcon.colcon_core.verb:set package 'dubins_planner' build argument 'catkin_cmake_args' from command line to 'None'
[0.713s] Level 5:colcon.colcon_core.verb:set package 'dubins_planner' build argument 'catkin_skip_building_tests' from command line to 'False'
[0.713s] DEBUG:colcon.colcon_core.verb:Building package 'dubins_planner' with the following arguments: {'ament_cmake_args': None, 'build_base': '/home/hydran00/shelfino_ws/src/Robot_Planning_Project/build/dubins_planner', 'catkin_cmake_args': None, 'catkin_skip_building_tests': False, 'cmake_args': None, 'cmake_clean_cache': False, 'cmake_clean_first': False, 'cmake_force_configure': False, 'cmake_target': None, 'cmake_target_skip_unavailable': False, 'install_base': '/home/hydran00/shelfino_ws/src/Robot_Planning_Project/install/dubins_planner', 'merge_install': False, 'path': '/home/hydran00/shelfino_ws/src/Robot_Planning_Project/dubins_planner', 'symlink_install': False, 'test_result_base': None}
[0.721s] Level 5:colcon.colcon_core.verb:set package 'get_positions' build argument 'cmake_args' from command line to 'None'
[0.721s] Level 5:colcon.colcon_core.verb:set package 'get_positions' build argument 'cmake_target' from command line to 'None'
[0.721s] Level 5:colcon.colcon_core.verb:set package 'get_positions' build argument 'cmake_target_skip_unavailable' from command line to 'False'
[0.721s] Level 5:colcon.colcon_core.verb:set package 'get_positions' build argument 'cmake_clean_cache' from command line to 'False'
[0.721s] Level 5:colcon.colcon_core.verb:set package 'get_positions' build argument 'cmake_clean_first' from command line to 'False'
[0.721s] Level 5:colcon.colcon_core.verb:set package 'get_positions' build argument 'cmake_force_configure' from command line to 'False'
[0.721s] Level 5:colcon.colcon_core.verb:set package 'get_positions' build argument 'ament_cmake_args' from command line to 'None'
[0.721s] Level 5:colcon.colcon_core.verb:set package 'get_positions' build argument 'catkin_cmake_args' from command line to 'None'
[0.721s] Level 5:colcon.colcon_core.verb:set package 'get_positions' build argument 'catkin_skip_building_tests' from command line to 'False'
[0.721s] DEBUG:colcon.colcon_core.verb:Building package 'get_positions' with the following arguments: {'ament_cmake_args': None, 'build_base': '/home/hydran00/shelfino_ws/src/Robot_Planning_Project/build/get_positions', 'catkin_cmake_args': None, 'catkin_skip_building_tests': False, 'cmake_args': None, 'cmake_clean_cache': False, 'cmake_clean_first': False, 'cmake_force_configure': False, 'cmake_target': None, 'cmake_target_skip_unavailable': False, 'install_base': '/home/hydran00/shelfino_ws/src/Robot_Planning_Project/install/get_positions', 'merge_install': False, 'path': '/home/hydran00/shelfino_ws/src/Robot_Planning_Project/get_positions', 'symlink_install': False, 'test_result_base': None}
[0.729s] Level 5:colcon.colcon_core.verb:set package 'graph_msgs' build argument 'cmake_args' from command line to 'None'
[0.729s] Level 5:colcon.colcon_core.verb:set package 'graph_msgs' build argument 'cmake_target' from command line to 'None'
[0.729s] Level 5:colcon.colcon_core.verb:set package 'graph_msgs' build argument 'cmake_target_skip_unavailable' from command line to 'False'
[0.729s] Level 5:colcon.colcon_core.verb:set package 'graph_msgs' build argument 'cmake_clean_cache' from command line to 'False'
[0.729s] Level 5:colcon.colcon_core.verb:set package 'graph_msgs' build argument 'cmake_clean_first' from command line to 'False'
[0.729s] Level 5:colcon.colcon_core.verb:set package 'graph_msgs' build argument 'cmake_force_configure' from command line to 'False'
[0.729s] Level 5:colcon.colcon_core.verb:set package 'graph_msgs' build argument 'ament_cmake_args' from command line to 'None'
[0.729s] Level 5:colcon.colcon_core.verb:set package 'graph_msgs' build argument 'catkin_cmake_args' from command line to 'None'
[0.729s] Level 5:colcon.colcon_core.verb:set package 'graph_msgs' build argument 'catkin_skip_building_tests' from command line to 'False'
[0.729s] DEBUG:colcon.colcon_core.verb:Building package 'graph_msgs' with the following arguments: {'ament_cmake_args': None, 'build_base': '/home/hydran00/shelfino_ws/src/Robot_Planning_Project/build/graph_msgs', 'catkin_cmake_args': None, 'catkin_skip_building_tests': False, 'cmake_args': None, 'cmake_clean_cache': False, 'cmake_clean_first': False, 'cmake_force_configure': False, 'cmake_target': None, 'cmake_target_skip_unavailable': False, 'install_base': '/home/hydran00/shelfino_ws/src/Robot_Planning_Project/install/graph_msgs', 'merge_install': False, 'path': '/home/hydran00/shelfino_ws/src/Robot_Planning_Project/graph_msgs', 'symlink_install': False, 'test_result_base': None}
[0.737s] Level 5:colcon.colcon_core.verb:set package 'obstacles_msgs' build argument 'cmake_args' from command line to 'None'
[0.737s] Level 5:colcon.colcon_core.verb:set package 'obstacles_msgs' build argument 'cmake_target' from command line to 'None'
[0.737s] Level 5:colcon.colcon_core.verb:set package 'obstacles_msgs' build argument 'cmake_target_skip_unavailable' from command line to 'False'
[0.737s] Level 5:colcon.colcon_core.verb:set package 'obstacles_msgs' build argument 'cmake_clean_cache' from command line to 'False'
[0.737s] Level 5:colcon.colcon_core.verb:set package 'obstacles_msgs' build argument 'cmake_clean_first' from command line to 'False'
[0.737s] Level 5:colcon.colcon_core.verb:set package 'obstacles_msgs' build argument 'cmake_force_configure' from command line to 'False'
[0.737s] Level 5:colcon.colcon_core.verb:set package 'obstacles_msgs' build argument 'ament_cmake_args' from command line to 'None'
[0.737s] Level 5:colcon.colcon_core.verb:set package 'obstacles_msgs' build argument 'catkin_cmake_args' from command line to 'None'
[0.737s] Level 5:colcon.colcon_core.verb:set package 'obstacles_msgs' build argument 'catkin_skip_building_tests' from command line to 'False'
[0.737s] DEBUG:colcon.colcon_core.verb:Building package 'obstacles_msgs' with the following arguments: {'ament_cmake_args': None, 'build_base': '/home/hydran00/shelfino_ws/src/Robot_Planning_Project/build/obstacles_msgs', 'catkin_cmake_args': None, 'catkin_skip_building_tests': False, 'cmake_args': None, 'cmake_clean_cache': False, 'cmake_clean_first': False, 'cmake_force_configure': False, 'cmake_target': None, 'cmake_target_skip_unavailable': False, 'install_base': '/home/hydran00/shelfino_ws/src/Robot_Planning_Project/install/obstacles_msgs', 'merge_install': False, 'path': '/home/hydran00/shelfino_ws/src/Robot_Planning_Project/obstacles_msgs', 'symlink_install': False, 'test_result_base': None}
[0.745s] Level 5:colcon.colcon_core.verb:set package 'remote_control' build argument 'cmake_args' from command line to 'None'
[0.745s] Level 5:colcon.colcon_core.verb:set package 'remote_control' build argument 'cmake_target' from command line to 'None'
[0.745s] Level 5:colcon.colcon_core.verb:set package 'remote_control' build argument 'cmake_target_skip_unavailable' from command line to 'False'
[0.745s] Level 5:colcon.colcon_core.verb:set package 'remote_control' build argument 'cmake_clean_cache' from command line to 'False'
[0.745s] Level 5:colcon.colcon_core.verb:set package 'remote_control' build argument 'cmake_clean_first' from command line to 'False'
[0.745s] Level 5:colcon.colcon_core.verb:set package 'remote_control' build argument 'cmake_force_configure' from command line to 'False'
[0.745s] Level 5:colcon.colcon_core.verb:set package 'remote_control' build argument 'ament_cmake_args' from command line to 'None'
[0.745s] Level 5:colcon.colcon_core.verb:set package 'remote_control' build argument 'catkin_cmake_args' from command line to 'None'
[0.745s] Level 5:colcon.colcon_core.verb:set package 'remote_control' build argument 'catkin_skip_building_tests' from command line to 'False'
[0.745s] DEBUG:colcon.colcon_core.verb:Building package 'remote_control' with the following arguments: {'ament_cmake_args': None, 'build_base': '/home/hydran00/shelfino_ws/src/Robot_Planning_Project/build/remote_control', 'catkin_cmake_args': None, 'catkin_skip_building_tests': False, 'cmake_args': None, 'cmake_clean_cache': False, 'cmake_clean_first': False, 'cmake_force_configure': False, 'cmake_target': None, 'cmake_target_skip_unavailable': False, 'install_base': '/home/hydran00/shelfino_ws/src/Robot_Planning_Project/install/remote_control', 'merge_install': False, 'path': '/home/hydran00/shelfino_ws/src/Robot_Planning_Project/remote_control', 'symlink_install': False, 'test_result_base': None}
[0.753s] Level 5:colcon.colcon_core.verb:set package 'send_borders' build argument 'cmake_args' from command line to 'None'
[0.753s] Level 5:colcon.colcon_core.verb:set package 'send_borders' build argument 'cmake_target' from command line to 'None'
[0.753s] Level 5:colcon.colcon_core.verb:set package 'send_borders' build argument 'cmake_target_skip_unavailable' from command line to 'False'
[0.753s] Level 5:colcon.colcon_core.verb:set package 'send_borders' build argument 'cmake_clean_cache' from command line to 'False'
[0.753s] Level 5:colcon.colcon_core.verb:set package 'send_borders' build argument 'cmake_clean_first' from command line to 'False'
[0.753s] Level 5:colcon.colcon_core.verb:set package 'send_borders' build argument 'cmake_force_configure' from command line to 'False'
[0.753s] Level 5:colcon.colcon_core.verb:set package 'send_borders' build argument 'ament_cmake_args' from command line to 'None'
[0.753s] Level 5:colcon.colcon_core.verb:set package 'send_borders' build argument 'catkin_cmake_args' from command line to 'None'
[0.753s] Level 5:colcon.colcon_core.verb:set package 'send_borders' build argument 'catkin_skip_building_tests' from command line to 'False'
[0.753s] DEBUG:colcon.colcon_core.verb:Building package 'send_borders' with the following arguments: {'ament_cmake_args': None, 'build_base': '/home/hydran00/shelfino_ws/src/Robot_Planning_Project/build/send_borders', 'catkin_cmake_args': None, 'catkin_skip_building_tests': False, 'cmake_args': None, 'cmake_clean_cache': False, 'cmake_clean_first': False, 'cmake_force_configure': False, 'cmake_target': None, 'cmake_target_skip_unavailable': False, 'install_base': '/home/hydran00/shelfino_ws/src/Robot_Planning_Project/install/send_borders', 'merge_install': False, 'path': '/home/hydran00/shelfino_ws/src/Robot_Planning_Project/send_borders', 'symlink_install': False, 'test_result_base': None}
[0.761s] Level 5:colcon.colcon_core.verb:set package 'send_gates' build argument 'cmake_args' from command line to 'None'
[0.761s] Level 5:colcon.colcon_core.verb:set package 'send_gates' build argument 'cmake_target' from command line to 'None'
[0.761s] Level 5:colcon.colcon_core.verb:set package 'send_gates' build argument 'cmake_target_skip_unavailable' from command line to 'False'
[0.761s] Level 5:colcon.colcon_core.verb:set package 'send_gates' build argument 'cmake_clean_cache' from command line to 'False'
[0.761s] Level 5:colcon.colcon_core.verb:set package 'send_gates' build argument 'cmake_clean_first' from command line to 'False'
[0.761s] Level 5:colcon.colcon_core.verb:set package 'send_gates' build argument 'cmake_force_configure' from command line to 'False'
[0.761s] Level 5:colcon.colcon_core.verb:set package 'send_gates' build argument 'ament_cmake_args' from command line to 'None'
[0.761s] Level 5:colcon.colcon_core.verb:set package 'send_gates' build argument 'catkin_cmake_args' from command line to 'None'
[0.761s] Level 5:colcon.colcon_core.verb:set package 'send_gates' build argument 'catkin_skip_building_tests' from command line to 'False'
[0.761s] DEBUG:colcon.colcon_core.verb:Building package 'send_gates' with the following arguments: {'ament_cmake_args': None, 'build_base': '/home/hydran00/shelfino_ws/src/Robot_Planning_Project/build/send_gates', 'catkin_cmake_args': None, 'catkin_skip_building_tests': False, 'cmake_args': None, 'cmake_clean_cache': False, 'cmake_clean_first': False, 'cmake_force_configure': False, 'cmake_target': None, 'cmake_target_skip_unavailable': False, 'install_base': '/home/hydran00/shelfino_ws/src/Robot_Planning_Project/install/send_gates', 'merge_install': False, 'path': '/home/hydran00/shelfino_ws/src/Robot_Planning_Project/send_gates', 'symlink_install': False, 'test_result_base': None}
[0.769s] Level 5:colcon.colcon_core.verb:set package 'shelfino_description' build argument 'cmake_args' from command line to 'None'
[0.769s] Level 5:colcon.colcon_core.verb:set package 'shelfino_description' build argument 'cmake_target' from command line to 'None'
[0.769s] Level 5:colcon.colcon_core.verb:set package 'shelfino_description' build argument 'cmake_target_skip_unavailable' from command line to 'False'
[0.769s] Level 5:colcon.colcon_core.verb:set package 'shelfino_description' build argument 'cmake_clean_cache' from command line to 'False'
[0.769s] Level 5:colcon.colcon_core.verb:set package 'shelfino_description' build argument 'cmake_clean_first' from command line to 'False'
[0.769s] Level 5:colcon.colcon_core.verb:set package 'shelfino_description' build argument 'cmake_force_configure' from command line to 'False'
[0.769s] Level 5:colcon.colcon_core.verb:set package 'shelfino_description' build argument 'ament_cmake_args' from command line to 'None'
[0.769s] Level 5:colcon.colcon_core.verb:set package 'shelfino_description' build argument 'catkin_cmake_args' from command line to 'None'
[0.769s] Level 5:colcon.colcon_core.verb:set package 'shelfino_description' build argument 'catkin_skip_building_tests' from command line to 'False'
[0.769s] DEBUG:colcon.colcon_core.verb:Building package 'shelfino_description' with the following arguments: {'ament_cmake_args': None, 'build_base': '/home/hydran00/shelfino_ws/src/Robot_Planning_Project/build/shelfino_description', 'catkin_cmake_args': None, 'catkin_skip_building_tests': False, 'cmake_args': None, 'cmake_clean_cache': False, 'cmake_clean_first': False, 'cmake_force_configure': False, 'cmake_target': None, 'cmake_target_skip_unavailable': False, 'install_base': '/home/hydran00/shelfino_ws/src/Robot_Planning_Project/install/shelfino_description', 'merge_install': False, 'path': '/home/hydran00/shelfino_ws/src/Robot_Planning_Project/shelfino_description', 'symlink_install': False, 'test_result_base': None}
[0.777s] Level 5:colcon.colcon_core.verb:set package 'shelfino_gazebo' build argument 'cmake_args' from command line to 'None'
[0.777s] Level 5:colcon.colcon_core.verb:set package 'shelfino_gazebo' build argument 'cmake_target' from command line to 'None'
[0.777s] Level 5:colcon.colcon_core.verb:set package 'shelfino_gazebo' build argument 'cmake_target_skip_unavailable' from command line to 'False'
[0.777s] Level 5:colcon.colcon_core.verb:set package 'shelfino_gazebo' build argument 'cmake_clean_cache' from command line to 'False'
[0.777s] Level 5:colcon.colcon_core.verb:set package 'shelfino_gazebo' build argument 'cmake_clean_first' from command line to 'False'
[0.777s] Level 5:colcon.colcon_core.verb:set package 'shelfino_gazebo' build argument 'cmake_force_configure' from command line to 'False'
[0.777s] Level 5:colcon.colcon_core.verb:set package 'shelfino_gazebo' build argument 'ament_cmake_args' from command line to 'None'
[0.777s] Level 5:colcon.colcon_core.verb:set package 'shelfino_gazebo' build argument 'catkin_cmake_args' from command line to 'None'
[0.777s] Level 5:colcon.colcon_core.verb:set package 'shelfino_gazebo' build argument 'catkin_skip_building_tests' from command line to 'False'
[0.777s] DEBUG:colcon.colcon_core.verb:Building package 'shelfino_gazebo' with the following arguments: {'ament_cmake_args': None, 'build_base': '/home/hydran00/shelfino_ws/src/Robot_Planning_Project/build/shelfino_gazebo', 'catkin_cmake_args': None, 'catkin_skip_building_tests': False, 'cmake_args': None, 'cmake_clean_cache': False, 'cmake_clean_first': False, 'cmake_force_configure': False, 'cmake_target': None, 'cmake_target_skip_unavailable': False, 'install_base': '/home/hydran00/shelfino_ws/src/Robot_Planning_Project/install/shelfino_gazebo', 'merge_install': False, 'path': '/home/hydran00/shelfino_ws/src/Robot_Planning_Project/shelfino_gazebo', 'symlink_install': False, 'test_result_base': None}
[0.792s] Level 5:colcon.colcon_core.verb:set package 'shelfino_navigation' build argument 'cmake_args' from command line to 'None'
[0.792s] Level 5:colcon.colcon_core.verb:set package 'shelfino_navigation' build argument 'cmake_target' from command line to 'None'
[0.792s] Level 5:colcon.colcon_core.verb:set package 'shelfino_navigation' build argument 'cmake_target_skip_unavailable' from command line to 'False'
[0.792s] Level 5:colcon.colcon_core.verb:set package 'shelfino_navigation' build argument 'cmake_clean_cache' from command line to 'False'
[0.792s] Level 5:colcon.colcon_core.verb:set package 'shelfino_navigation' build argument 'cmake_clean_first' from command line to 'False'
[0.792s] Level 5:colcon.colcon_core.verb:set package 'shelfino_navigation' build argument 'cmake_force_configure' from command line to 'False'
[0.792s] Level 5:colcon.colcon_core.verb:set package 'shelfino_navigation' build argument 'ament_cmake_args' from command line to 'None'
[0.792s] Level 5:colcon.colcon_core.verb:set package 'shelfino_navigation' build argument 'catkin_cmake_args' from command line to 'None'
[0.792s] Level 5:colcon.colcon_core.verb:set package 'shelfino_navigation' build argument 'catkin_skip_building_tests' from command line to 'False'
[0.792s] DEBUG:colcon.colcon_core.verb:Building package 'shelfino_navigation' with the following arguments: {'ament_cmake_args': None, 'build_base': '/home/hydran00/shelfino_ws/src/Robot_Planning_Project/build/shelfino_navigation', 'catkin_cmake_args': None, 'catkin_skip_building_tests': False, 'cmake_args': None, 'cmake_clean_cache': False, 'cmake_clean_first': False, 'cmake_force_configure': False, 'cmake_target': None, 'cmake_target_skip_unavailable': False, 'install_base': '/home/hydran00/shelfino_ws/src/Robot_Planning_Project/install/shelfino_navigation', 'merge_install': False, 'path': '/home/hydran00/shelfino_ws/src/Robot_Planning_Project/shelfino_navigation', 'symlink_install': False, 'test_result_base': None}
[0.800s] Level 5:colcon.colcon_core.verb:set package 'shelfino_node' build argument 'cmake_args' from command line to 'None'
[0.800s] Level 5:colcon.colcon_core.verb:set package 'shelfino_node' build argument 'cmake_target' from command line to 'None'
[0.800s] Level 5:colcon.colcon_core.verb:set package 'shelfino_node' build argument 'cmake_target_skip_unavailable' from command line to 'False'
[0.800s] Level 5:colcon.colcon_core.verb:set package 'shelfino_node' build argument 'cmake_clean_cache' from command line to 'False'
[0.800s] Level 5:colcon.colcon_core.verb:set package 'shelfino_node' build argument 'cmake_clean_first' from command line to 'False'
[0.800s] Level 5:colcon.colcon_core.verb:set package 'shelfino_node' build argument 'cmake_force_configure' from command line to 'False'
[0.800s] Level 5:colcon.colcon_core.verb:set package 'shelfino_node' build argument 'ament_cmake_args' from command line to 'None'
[0.800s] Level 5:colcon.colcon_core.verb:set package 'shelfino_node' build argument 'catkin_cmake_args' from command line to 'None'
[0.800s] Level 5:colcon.colcon_core.verb:set package 'shelfino_node' build argument 'catkin_skip_building_tests' from command line to 'False'
[0.800s] DEBUG:colcon.colcon_core.verb:Building package 'shelfino_node' with the following arguments: {'ament_cmake_args': None, 'build_base': '/home/hydran00/shelfino_ws/src/Robot_Planning_Project/build/shelfino_node', 'catkin_cmake_args': None, 'catkin_skip_building_tests': False, 'cmake_args': None, 'cmake_clean_cache': False, 'cmake_clean_first': False, 'cmake_force_configure': False, 'cmake_target': None, 'cmake_target_skip_unavailable': False, 'install_base': '/home/hydran00/shelfino_ws/src/Robot_Planning_Project/install/shelfino_node', 'merge_install': False, 'path': '/home/hydran00/shelfino_ws/src/Robot_Planning_Project/shelfino_node', 'symlink_install': False, 'test_result_base': None}
[0.808s] Level 5:colcon.colcon_core.verb:set package 'evader' build argument 'cmake_args' from command line to 'None'
[0.808s] Level 5:colcon.colcon_core.verb:set package 'evader' build argument 'cmake_target' from command line to 'None'
[0.808s] Level 5:colcon.colcon_core.verb:set package 'evader' build argument 'cmake_target_skip_unavailable' from command line to 'False'
[0.809s] Level 5:colcon.colcon_core.verb:set package 'evader' build argument 'cmake_clean_cache' from command line to 'False'
[0.809s] Level 5:colcon.colcon_core.verb:set package 'evader' build argument 'cmake_clean_first' from command line to 'False'
[0.809s] Level 5:colcon.colcon_core.verb:set package 'evader' build argument 'cmake_force_configure' from command line to 'False'
[0.809s] Level 5:colcon.colcon_core.verb:set package 'evader' build argument 'ament_cmake_args' from command line to 'None'
[0.809s] Level 5:colcon.colcon_core.verb:set package 'evader' build argument 'catkin_cmake_args' from command line to 'None'
[0.809s] Level 5:colcon.colcon_core.verb:set package 'evader' build argument 'catkin_skip_building_tests' from command line to 'False'
[0.809s] DEBUG:colcon.colcon_core.verb:Building package 'evader' with the following arguments: {'ament_cmake_args': None, 'build_base': '/home/hydran00/shelfino_ws/src/Robot_Planning_Project/build/evader', 'catkin_cmake_args': None, 'catkin_skip_building_tests': False, 'cmake_args': None, 'cmake_clean_cache': False, 'cmake_clean_first': False, 'cmake_force_configure': False, 'cmake_target': None, 'cmake_target_skip_unavailable': False, 'install_base': '/home/hydran00/shelfino_ws/src/Robot_Planning_Project/install/evader', 'merge_install': False, 'path': '/home/hydran00/shelfino_ws/src/Robot_Planning_Project/evader', 'symlink_install': False, 'test_result_base': None}
[0.817s] Level 5:colcon.colcon_core.verb:set package 'send_obstacles' build argument 'cmake_args' from command line to 'None'
[0.817s] Level 5:colcon.colcon_core.verb:set package 'send_obstacles' build argument 'cmake_target' from command line to 'None'
[0.817s] Level 5:colcon.colcon_core.verb:set package 'send_obstacles' build argument 'cmake_target_skip_unavailable' from command line to 'False'
[0.817s] Level 5:colcon.colcon_core.verb:set package 'send_obstacles' build argument 'cmake_clean_cache' from command line to 'False'
[0.817s] Level 5:colcon.colcon_core.verb:set package 'send_obstacles' build argument 'cmake_clean_first' from command line to 'False'
[0.817s] Level 5:colcon.colcon_core.verb:set package 'send_obstacles' build argument 'cmake_force_configure' from command line to 'False'
[0.817s] Level 5:colcon.colcon_core.verb:set package 'send_obstacles' build argument 'ament_cmake_args' from command line to 'None'
[0.817s] Level 5:colcon.colcon_core.verb:set package 'send_obstacles' build argument 'catkin_cmake_args' from command line to 'None'
[0.817s] Level 5:colcon.colcon_core.verb:set package 'send_obstacles' build argument 'catkin_skip_building_tests' from command line to 'False'
[0.817s] DEBUG:colcon.colcon_core.verb:Building package 'send_obstacles' with the following arguments: {'ament_cmake_args': None, 'build_base': '/home/hydran00/shelfino_ws/src/Robot_Planning_Project/build/send_obstacles', 'catkin_cmake_args': None, 'catkin_skip_building_tests': False, 'cmake_args': None, 'cmake_clean_cache': False, 'cmake_clean_first': False, 'cmake_force_configure': False, 'cmake_target': None, 'cmake_target_skip_unavailable': False, 'install_base': '/home/hydran00/shelfino_ws/src/Robot_Planning_Project/install/send_obstacles', 'merge_install': False, 'path': '/home/hydran00/shelfino_ws/src/Robot_Planning_Project/send_obstacles', 'symlink_install': False, 'test_result_base': None}
[0.825s] INFO:colcon.colcon_core.executor:Executing jobs using 'parallel' executor
[0.833s] DEBUG:colcon.colcon_parallel_executor.executor.parallel:run_until_complete
[0.833s] INFO:colcon.colcon_ros.task.ament_cmake.build:Building ROS package in '/home/hydran00/shelfino_ws/src/Robot_Planning_Project/graph_msgs' with build type 'ament_cmake'
[0.833s] INFO:colcon.colcon_cmake.task.cmake.build:Building CMake package in '/home/hydran00/shelfino_ws/src/Robot_Planning_Project/graph_msgs'
[0.842s] INFO:colcon.colcon_core.plugin_system:Skipping extension 'colcon_core.shell.bat': Not used on non-Windows systems
[0.843s] INFO:colcon.colcon_core.shell:Skip shell extension 'powershell' for command environment: Not usable outside of PowerShell
[0.843s] DEBUG:colcon.colcon_core.shell:Skip shell extension 'dsv' for command environment
[0.869s] INFO:colcon.colcon_ros.task.ament_cmake.build:Building ROS package in '/home/hydran00/shelfino_ws/src/Robot_Planning_Project/obstacles_msgs' with build type 'ament_cmake'
[0.869s] INFO:colcon.colcon_cmake.task.cmake.build:Building CMake package in '/home/hydran00/shelfino_ws/src/Robot_Planning_Project/obstacles_msgs'
[0.877s] INFO:colcon.colcon_core.shell:Skip shell extension 'powershell' for command environment: Not usable outside of PowerShell
[0.877s] DEBUG:colcon.colcon_core.shell:Skip shell extension 'dsv' for command environment
[0.905s] INFO:colcon.colcon_ros.task.ament_cmake.build:Building ROS package in '/home/hydran00/shelfino_ws/src/Robot_Planning_Project/dubins_planner' with build type 'ament_cmake'
[0.905s] INFO:colcon.colcon_cmake.task.cmake.build:Building CMake package in '/home/hydran00/shelfino_ws/src/Robot_Planning_Project/dubins_planner'
[0.917s] INFO:colcon.colcon_core.shell:Skip shell extension 'powershell' for command environment: Not usable outside of PowerShell
[0.917s] DEBUG:colcon.colcon_core.shell:Skip shell extension 'dsv' for command environment
[0.949s] INFO:colcon.colcon_ros.task.ament_cmake.build:Building ROS package in '/home/hydran00/shelfino_ws/src/Robot_Planning_Project/get_positions' with build type 'ament_cmake'
[0.949s] INFO:colcon.colcon_cmake.task.cmake.build:Building CMake package in '/home/hydran00/shelfino_ws/src/Robot_Planning_Project/get_positions'
[0.960s] INFO:colcon.colcon_core.shell:Skip shell extension 'powershell' for command environment: Not usable outside of PowerShell
[0.960s] DEBUG:colcon.colcon_core.shell:Skip shell extension 'dsv' for command environment
[0.990s] INFO:colcon.colcon_ros.task.ament_cmake.build:Building ROS package in '/home/hydran00/shelfino_ws/src/Robot_Planning_Project/remote_control' with build type 'ament_cmake'
[0.990s] INFO:colcon.colcon_cmake.task.cmake.build:Building CMake package in '/home/hydran00/shelfino_ws/src/Robot_Planning_Project/remote_control'
[0.999s] INFO:colcon.colcon_core.shell:Skip shell extension 'powershell' for command environment: Not usable outside of PowerShell
[0.999s] DEBUG:colcon.colcon_core.shell:Skip shell extension 'dsv' for command environment
[1.029s] INFO:colcon.colcon_ros.task.ament_cmake.build:Building ROS package in '/home/hydran00/shelfino_ws/src/Robot_Planning_Project/send_borders' with build type 'ament_cmake'
[1.029s] INFO:colcon.colcon_cmake.task.cmake.build:Building CMake package in '/home/hydran00/shelfino_ws/src/Robot_Planning_Project/send_borders'
[1.038s] INFO:colcon.colcon_core.shell:Skip shell extension 'powershell' for command environment: Not usable outside of PowerShell
[1.038s] DEBUG:colcon.colcon_core.shell:Skip shell extension 'dsv' for command environment
[1.069s] INFO:colcon.colcon_ros.task.ament_cmake.build:Building ROS package in '/home/hydran00/shelfino_ws/src/Robot_Planning_Project/send_gates' with build type 'ament_cmake'
[1.069s] INFO:colcon.colcon_cmake.task.cmake.build:Building CMake package in '/home/hydran00/shelfino_ws/src/Robot_Planning_Project/send_gates'
[1.079s] INFO:colcon.colcon_core.shell:Skip shell extension 'powershell' for command environment: Not usable outside of PowerShell
[1.079s] DEBUG:colcon.colcon_core.shell:Skip shell extension 'dsv' for command environment
[1.105s] INFO:colcon.colcon_ros.task.ament_cmake.build:Building ROS package in '/home/hydran00/shelfino_ws/src/Robot_Planning_Project/shelfino_description' with build type 'ament_cmake'
[1.105s] INFO:colcon.colcon_cmake.task.cmake.build:Building CMake package in '/home/hydran00/shelfino_ws/src/Robot_Planning_Project/shelfino_description'
[1.114s] INFO:colcon.colcon_core.shell:Skip shell extension 'powershell' for command environment: Not usable outside of PowerShell
[1.114s] DEBUG:colcon.colcon_core.shell:Skip shell extension 'dsv' for command environment
[1.149s] INFO:colcon.colcon_ros.task.ament_cmake.build:Building ROS package in '/home/hydran00/shelfino_ws/src/Robot_Planning_Project/shelfino_gazebo' with build type 'ament_cmake'
[1.149s] INFO:colcon.colcon_cmake.task.cmake.build:Building CMake package in '/home/hydran00/shelfino_ws/src/Robot_Planning_Project/shelfino_gazebo'
[1.159s] INFO:colcon.colcon_core.shell:Skip shell extension 'powershell' for command environment: Not usable outside of PowerShell
[1.159s] DEBUG:colcon.colcon_core.shell:Skip shell extension 'dsv' for command environment
[1.189s] INFO:colcon.colcon_ros.task.ament_cmake.build:Building ROS package in '/home/hydran00/shelfino_ws/src/Robot_Planning_Project/shelfino_navigation' with build type 'ament_cmake'
[1.189s] INFO:colcon.colcon_cmake.task.cmake.build:Building CMake package in '/home/hydran00/shelfino_ws/src/Robot_Planning_Project/shelfino_navigation'
[1.198s] INFO:colcon.colcon_core.shell:Skip shell extension 'powershell' for command environment: Not usable outside of PowerShell
[1.198s] DEBUG:colcon.colcon_core.shell:Skip shell extension 'dsv' for command environment
[1.230s] INFO:colcon.colcon_ros.task.ament_cmake.build:Building ROS package in '/home/hydran00/shelfino_ws/src/Robot_Planning_Project/shelfino_node' with build type 'ament_cmake'
[1.230s] INFO:colcon.colcon_cmake.task.cmake.build:Building CMake package in '/home/hydran00/shelfino_ws/src/Robot_Planning_Project/shelfino_node'
[1.239s] INFO:colcon.colcon_core.shell:Skip shell extension 'powershell' for command environment: Not usable outside of PowerShell
[1.239s] DEBUG:colcon.colcon_core.shell:Skip shell extension 'dsv' for command environment
[1.276s] DEBUG:colcon.colcon_core.event_handler.log_command:Invoking command in '/home/hydran00/shelfino_ws/src/Robot_Planning_Project/build/graph_msgs': CMAKE_PREFIX_PATH=${CMAKE_PREFIX_PATH}:/opt/ros/humble /usr/bin/cmake /home/hydran00/shelfino_ws/src/Robot_Planning_Project/graph_msgs -DCMAKE_INSTALL_PREFIX=/home/hydran00/shelfino_ws/src/Robot_Planning_Project/install/graph_msgs
[1.277s] DEBUG:colcon.colcon_core.event_handler.log_command:Invoking command in '/home/hydran00/shelfino_ws/src/Robot_Planning_Project/build/obstacles_msgs': CMAKE_PREFIX_PATH=${CMAKE_PREFIX_PATH}:/opt/ros/humble /usr/bin/cmake /home/hydran00/shelfino_ws/src/Robot_Planning_Project/obstacles_msgs -DCMAKE_INSTALL_PREFIX=/home/hydran00/shelfino_ws/src/Robot_Planning_Project/install/obstacles_msgs
[1.279s] DEBUG:colcon.colcon_core.event_handler.log_command:Invoking command in '/home/hydran00/shelfino_ws/src/Robot_Planning_Project/build/dubins_planner': CMAKE_PREFIX_PATH=${CMAKE_PREFIX_PATH}:/opt/ros/humble /usr/bin/cmake --build /home/hydran00/shelfino_ws/src/Robot_Planning_Project/build/dubins_planner -- -j12 -l12
[1.281s] DEBUG:colcon.colcon_core.event_handler.log_command:Invoking command in '/home/hydran00/shelfino_ws/src/Robot_Planning_Project/build/get_positions': CMAKE_PREFIX_PATH=${CMAKE_PREFIX_PATH}:/opt/ros/humble /usr/bin/cmake /home/hydran00/shelfino_ws/src/Robot_Planning_Project/get_positions -DCMAKE_INSTALL_PREFIX=/home/hydran00/shelfino_ws/src/Robot_Planning_Project/install/get_positions
[1.282s] DEBUG:colcon.colcon_core.event_handler.log_command:Invoking command in '/home/hydran00/shelfino_ws/src/Robot_Planning_Project/build/remote_control': CMAKE_PREFIX_PATH=${CMAKE_PREFIX_PATH}:/opt/ros/humble /usr/bin/cmake /home/hydran00/shelfino_ws/src/Robot_Planning_Project/remote_control -DCMAKE_INSTALL_PREFIX=/home/hydran00/shelfino_ws/src/Robot_Planning_Project/install/remote_control
[1.294s] DEBUG:colcon.colcon_core.event_handler.log_command:Invoking command in '/home/hydran00/shelfino_ws/src/Robot_Planning_Project/build/send_borders': CMAKE_PREFIX_PATH=${CMAKE_PREFIX_PATH}:/opt/ros/humble /usr/bin/cmake /home/hydran00/shelfino_ws/src/Robot_Planning_Project/send_borders -DCMAKE_INSTALL_PREFIX=/home/hydran00/shelfino_ws/src/Robot_Planning_Project/install/send_borders
[1.295s] DEBUG:colcon.colcon_core.event_handler.log_command:Invoking command in '/home/hydran00/shelfino_ws/src/Robot_Planning_Project/build/send_gates': CMAKE_PREFIX_PATH=${CMAKE_PREFIX_PATH}:/opt/ros/humble /usr/bin/cmake /home/hydran00/shelfino_ws/src/Robot_Planning_Project/send_gates -DCMAKE_INSTALL_PREFIX=/home/hydran00/shelfino_ws/src/Robot_Planning_Project/install/send_gates
[1.297s] DEBUG:colcon.colcon_core.event_handler.log_command:Invoking command in '/home/hydran00/shelfino_ws/src/Robot_Planning_Project/build/shelfino_description': CMAKE_PREFIX_PATH=${CMAKE_PREFIX_PATH}:/opt/ros/humble /usr/bin/cmake /home/hydran00/shelfino_ws/src/Robot_Planning_Project/shelfino_description -DCMAKE_INSTALL_PREFIX=/home/hydran00/shelfino_ws/src/Robot_Planning_Project/install/shelfino_description
[1.301s] DEBUG:colcon.colcon_core.event_handler.log_command:Invoking command in '/home/hydran00/shelfino_ws/src/Robot_Planning_Project/build/shelfino_gazebo': CMAKE_PREFIX_PATH=${CMAKE_PREFIX_PATH}:/opt/ros/humble /usr/bin/cmake /home/hydran00/shelfino_ws/src/Robot_Planning_Project/shelfino_gazebo -DCMAKE_INSTALL_PREFIX=/home/hydran00/shelfino_ws/src/Robot_Planning_Project/install/shelfino_gazebo
[1.302s] DEBUG:colcon.colcon_core.event_handler.log_command:Invoking command in '/home/hydran00/shelfino_ws/src/Robot_Planning_Project/build/shelfino_navigation': CMAKE_PREFIX_PATH=${CMAKE_PREFIX_PATH}:/opt/ros/humble /usr/bin/cmake /home/hydran00/shelfino_ws/src/Robot_Planning_Project/shelfino_navigation -DCMAKE_INSTALL_PREFIX=/home/hydran00/shelfino_ws/src/Robot_Planning_Project/install/shelfino_navigation
[1.306s] DEBUG:colcon.colcon_core.event_handler.log_command:Invoking command in '/home/hydran00/shelfino_ws/src/Robot_Planning_Project/build/shelfino_node': CMAKE_PREFIX_PATH=${CMAKE_PREFIX_PATH}:/opt/ros/humble /usr/bin/cmake /home/hydran00/shelfino_ws/src/Robot_Planning_Project/shelfino_node -DCMAKE_INSTALL_PREFIX=/home/hydran00/shelfino_ws/src/Robot_Planning_Project/install/shelfino_node
[2.027s] DEBUG:colcon.colcon_core.event_handler.log_command:Invoked command in '/home/hydran00/shelfino_ws/src/Robot_Planning_Project/build/shelfino_description' returned '0': CMAKE_PREFIX_PATH=${CMAKE_PREFIX_PATH}:/opt/ros/humble /usr/bin/cmake /home/hydran00/shelfino_ws/src/Robot_Planning_Project/shelfino_description -DCMAKE_INSTALL_PREFIX=/home/hydran00/shelfino_ws/src/Robot_Planning_Project/install/shelfino_description
[2.027s] DEBUG:colcon.colcon_core.event_handler.log_command:Invoking command in '/home/hydran00/shelfino_ws/src/Robot_Planning_Project/build/shelfino_description': CMAKE_PREFIX_PATH=${CMAKE_PREFIX_PATH}:/opt/ros/humble /usr/bin/cmake --build /home/hydran00/shelfino_ws/src/Robot_Planning_Project/build/shelfino_description -- -j12 -l12
[2.043s] DEBUG:colcon.colcon_core.event_handler.log_command:Invoked command in '/home/hydran00/shelfino_ws/src/Robot_Planning_Project/build/shelfino_gazebo' returned '0': CMAKE_PREFIX_PATH=${CMAKE_PREFIX_PATH}:/opt/ros/humble /usr/bin/cmake /home/hydran00/shelfino_ws/src/Robot_Planning_Project/shelfino_gazebo -DCMAKE_INSTALL_PREFIX=/home/hydran00/shelfino_ws/src/Robot_Planning_Project/install/shelfino_gazebo
[2.043s] DEBUG:colcon.colcon_core.event_handler.log_command:Invoking command in '/home/hydran00/shelfino_ws/src/Robot_Planning_Project/build/shelfino_gazebo': CMAKE_PREFIX_PATH=${CMAKE_PREFIX_PATH}:/opt/ros/humble /usr/bin/cmake --build /home/hydran00/shelfino_ws/src/Robot_Planning_Project/build/shelfino_gazebo -- -j12 -l12
[2.052s] DEBUG:colcon.colcon_core.event_handler.log_command:Invoked command in '/home/hydran00/shelfino_ws/src/Robot_Planning_Project/build/shelfino_navigation' returned '0': CMAKE_PREFIX_PATH=${CMAKE_PREFIX_PATH}:/opt/ros/humble /usr/bin/cmake /home/hydran00/shelfino_ws/src/Robot_Planning_Project/shelfino_navigation -DCMAKE_INSTALL_PREFIX=/home/hydran00/shelfino_ws/src/Robot_Planning_Project/install/shelfino_navigation
[2.052s] DEBUG:colcon.colcon_core.event_handler.log_command:Invoking command in '/home/hydran00/shelfino_ws/src/Robot_Planning_Project/build/shelfino_navigation': CMAKE_PREFIX_PATH=${CMAKE_PREFIX_PATH}:/opt/ros/humble /usr/bin/cmake --build /home/hydran00/shelfino_ws/src/Robot_Planning_Project/build/shelfino_navigation -- -j12 -l12
[2.627s] DEBUG:colcon.colcon_core.event_handler.log_command:Invoked command in '/home/hydran00/shelfino_ws/src/Robot_Planning_Project/build/dubins_planner' returned '2': CMAKE_PREFIX_PATH=${CMAKE_PREFIX_PATH}:/opt/ros/humble /usr/bin/cmake --build /home/hydran00/shelfino_ws/src/Robot_Planning_Project/build/dubins_planner -- -j12 -l12
[2.628s] DEBUG:colcon.colcon_core.event_handler.log_command:Invoked command in '/home/hydran00/shelfino_ws/src/Robot_Planning_Project/build/shelfino_description' returned '0': CMAKE_PREFIX_PATH=${CMAKE_PREFIX_PATH}:/opt/ros/humble /usr/bin/cmake --build /home/hydran00/shelfino_ws/src/Robot_Planning_Project/build/shelfino_description -- -j12 -l12
[2.630s] DEBUG:colcon.colcon_core.event_handler.log_command:Invoked command in '/home/hydran00/shelfino_ws/src/Robot_Planning_Project/build/shelfino_gazebo' returned '0': CMAKE_PREFIX_PATH=${CMAKE_PREFIX_PATH}:/opt/ros/humble /usr/bin/cmake --build /home/hydran00/shelfino_ws/src/Robot_Planning_Project/build/shelfino_gazebo -- -j12 -l12
[2.631s] DEBUG:colcon.colcon_core.event_handler.log_command:Invoked command in '/home/hydran00/shelfino_ws/src/Robot_Planning_Project/build/shelfino_navigation' returned '0': CMAKE_PREFIX_PATH=${CMAKE_PREFIX_PATH}:/opt/ros/humble /usr/bin/cmake --build /home/hydran00/shelfino_ws/src/Robot_Planning_Project/build/shelfino_navigation -- -j12 -l12
[2.633s] DEBUG:colcon.colcon_core.event_handler.log_command:Invoked command in '/home/hydran00/shelfino_ws/src/Robot_Planning_Project/build/send_borders' returned '0': CMAKE_PREFIX_PATH=${CMAKE_PREFIX_PATH}:/opt/ros/humble /usr/bin/cmake /home/hydran00/shelfino_ws/src/Robot_Planning_Project/send_borders -DCMAKE_INSTALL_PREFIX=/home/hydran00/shelfino_ws/src/Robot_Planning_Project/install/send_borders
[2.639s] DEBUG:colcon.colcon_core.event_handler.log_command:Invoking command in '/home/hydran00/shelfino_ws/src/Robot_Planning_Project/build/send_borders': CMAKE_PREFIX_PATH=${CMAKE_PREFIX_PATH}:/opt/ros/humble /usr/bin/cmake --build /home/hydran00/shelfino_ws/src/Robot_Planning_Project/build/send_borders -- -j12 -l12
[2.654s] DEBUG:colcon.colcon_core.event_handler.log_command:Invoking command in '/home/hydran00/shelfino_ws/src/Robot_Planning_Project/build/shelfino_description': CMAKE_PREFIX_PATH=${CMAKE_PREFIX_PATH}:/opt/ros/humble /usr/bin/cmake --install /home/hydran00/shelfino_ws/src/Robot_Planning_Project/build/shelfino_description
[2.656s] DEBUG:colcon.colcon_core.event_handler.log_command:Invoking command in '/home/hydran00/shelfino_ws/src/Robot_Planning_Project/build/shelfino_navigation': CMAKE_PREFIX_PATH=${CMAKE_PREFIX_PATH}:/opt/ros/humble /usr/bin/cmake --install /home/hydran00/shelfino_ws/src/Robot_Planning_Project/build/shelfino_navigation
[2.658s] DEBUG:colcon.colcon_core.event_handler.log_command:Invoking command in '/home/hydran00/shelfino_ws/src/Robot_Planning_Project/build/shelfino_gazebo': CMAKE_PREFIX_PATH=${CMAKE_PREFIX_PATH}:/opt/ros/humble /usr/bin/cmake --install /home/hydran00/shelfino_ws/src/Robot_Planning_Project/build/shelfino_gazebo
[2.666s] DEBUG:colcon.colcon_core.event_handler.log_command:Invoked command in '/home/hydran00/shelfino_ws/src/Robot_Planning_Project/build/send_gates' returned '0': CMAKE_PREFIX_PATH=${CMAKE_PREFIX_PATH}:/opt/ros/humble /usr/bin/cmake /home/hydran00/shelfino_ws/src/Robot_Planning_Project/send_gates -DCMAKE_INSTALL_PREFIX=/home/hydran00/shelfino_ws/src/Robot_Planning_Project/install/send_gates
[2.666s] DEBUG:colcon.colcon_core.event_handler.log_command:Invoking command in '/home/hydran00/shelfino_ws/src/Robot_Planning_Project/build/send_gates': CMAKE_PREFIX_PATH=${CMAKE_PREFIX_PATH}:/opt/ros/humble /usr/bin/cmake --build /home/hydran00/shelfino_ws/src/Robot_Planning_Project/build/send_gates -- -j12 -l12
[2.673s] Level 1:colcon.colcon_core.environment:create_environment_scripts_only(shelfino_navigation)
[2.676s] DEBUG:colcon.colcon_core.event_handler.log_command:Invoked command in '/home/hydran00/shelfino_ws/src/Robot_Planning_Project/build/shelfino_navigation' returned '0': CMAKE_PREFIX_PATH=${CMAKE_PREFIX_PATH}:/opt/ros/humble /usr/bin/cmake --install /home/hydran00/shelfino_ws/src/Robot_Planning_Project/build/shelfino_navigation
[2.702s] Level 1:colcon.colcon_core.environment:checking '/home/hydran00/shelfino_ws/src/Robot_Planning_Project/install/shelfino_navigation' for CMake module files
[2.703s] Level 1:colcon.colcon_core.environment:checking '/home/hydran00/shelfino_ws/src/Robot_Planning_Project/install/shelfino_navigation' for CMake config files
[2.703s] Level 1:colcon.colcon_core.shell:create_environment_hook('shelfino_navigation', 'cmake_prefix_path')
[2.712s] INFO:colcon.colcon_core.shell:Creating environment hook '/home/hydran00/shelfino_ws/src/Robot_Planning_Project/install/shelfino_navigation/share/shelfino_navigation/hook/cmake_prefix_path.ps1'
[2.713s] INFO:colcon.colcon_core.shell:Creating environment descriptor '/home/hydran00/shelfino_ws/src/Robot_Planning_Project/install/shelfino_navigation/share/shelfino_navigation/hook/cmake_prefix_path.dsv'
[2.713s] INFO:colcon.colcon_core.shell:Creating environment hook '/home/hydran00/shelfino_ws/src/Robot_Planning_Project/install/shelfino_navigation/share/shelfino_navigation/hook/cmake_prefix_path.sh'
[2.713s] Level 1:colcon.colcon_core.environment:checking '/home/hydran00/shelfino_ws/src/Robot_Planning_Project/install/shelfino_navigation/bin'
[2.713s] Level 1:colcon.colcon_core.environment:checking '/home/hydran00/shelfino_ws/src/Robot_Planning_Project/install/shelfino_navigation/lib/pkgconfig/shelfino_navigation.pc'
[2.714s] Level 1:colcon.colcon_core.environment:checking '/home/hydran00/shelfino_ws/src/Robot_Planning_Project/install/shelfino_navigation/lib/python3.10/site-packages'
[2.714s] Level 1:colcon.colcon_core.environment:checking '/home/hydran00/shelfino_ws/src/Robot_Planning_Project/install/shelfino_navigation/bin'
[2.725s] INFO:colcon.colcon_core.shell:Creating package script '/home/hydran00/shelfino_ws/src/Robot_Planning_Project/install/shelfino_navigation/share/shelfino_navigation/package.ps1'
[2.726s] INFO:colcon.colcon_core.shell:Creating package descriptor '/home/hydran00/shelfino_ws/src/Robot_Planning_Project/install/shelfino_navigation/share/shelfino_navigation/package.dsv'
[2.727s] INFO:colcon.colcon_core.shell:Creating package script '/home/hydran00/shelfino_ws/src/Robot_Planning_Project/install/shelfino_navigation/share/shelfino_navigation/package.sh'
[2.727s] INFO:colcon.colcon_core.shell:Creating package script '/home/hydran00/shelfino_ws/src/Robot_Planning_Project/install/shelfino_navigation/share/shelfino_navigation/package.bash'
[2.728s] INFO:colcon.colcon_core.shell:Creating package script '/home/hydran00/shelfino_ws/src/Robot_Planning_Project/install/shelfino_navigation/share/shelfino_navigation/package.zsh'
[2.729s] Level 1:colcon.colcon_core.environment:create_file_with_runtime_dependencies(/home/hydran00/shelfino_ws/src/Robot_Planning_Project/install/shelfino_navigation/share/colcon-core/packages/shelfino_navigation)
[2.731s] Level 1:colcon.colcon_core.environment:create_environment_scripts_only(shelfino_gazebo)
[2.731s] DEBUG:colcon.colcon_core.event_handler.log_command:Invoked command in '/home/hydran00/shelfino_ws/src/Robot_Planning_Project/build/shelfino_gazebo' returned '0': CMAKE_PREFIX_PATH=${CMAKE_PREFIX_PATH}:/opt/ros/humble /usr/bin/cmake --install /home/hydran00/shelfino_ws/src/Robot_Planning_Project/build/shelfino_gazebo
[2.748s] Level 1:colcon.colcon_core.environment:checking '/home/hydran00/shelfino_ws/src/Robot_Planning_Project/install/shelfino_gazebo' for CMake module files
[2.749s] Level 1:colcon.colcon_core.environment:checking '/home/hydran00/shelfino_ws/src/Robot_Planning_Project/install/shelfino_gazebo' for CMake config files
[2.749s] Level 1:colcon.colcon_core.shell:create_environment_hook('shelfino_gazebo', 'cmake_prefix_path')
[2.762s] INFO:colcon.colcon_core.shell:Creating environment hook '/home/hydran00/shelfino_ws/src/Robot_Planning_Project/install/shelfino_gazebo/share/shelfino_gazebo/hook/cmake_prefix_path.ps1'
[2.762s] INFO:colcon.colcon_core.shell:Creating environment descriptor '/home/hydran00/shelfino_ws/src/Robot_Planning_Project/install/shelfino_gazebo/share/shelfino_gazebo/hook/cmake_prefix_path.dsv'
[2.763s] INFO:colcon.colcon_core.shell:Creating environment hook '/home/hydran00/shelfino_ws/src/Robot_Planning_Project/install/shelfino_gazebo/share/shelfino_gazebo/hook/cmake_prefix_path.sh'
[2.763s] Level 1:colcon.colcon_core.environment:checking '/home/hydran00/shelfino_ws/src/Robot_Planning_Project/install/shelfino_gazebo/bin'
[2.763s] Level 1:colcon.colcon_core.environment:checking '/home/hydran00/shelfino_ws/src/Robot_Planning_Project/install/shelfino_gazebo/lib/pkgconfig/shelfino_gazebo.pc'
[2.763s] Level 1:colcon.colcon_core.environment:checking '/home/hydran00/shelfino_ws/src/Robot_Planning_Project/install/shelfino_gazebo/lib/python3.10/site-packages'
[2.763s] Level 1:colcon.colcon_core.environment:checking '/home/hydran00/shelfino_ws/src/Robot_Planning_Project/install/shelfino_gazebo/bin'
[2.773s] INFO:colcon.colcon_core.shell:Creating package script '/home/hydran00/shelfino_ws/src/Robot_Planning_Project/install/shelfino_gazebo/share/shelfino_gazebo/package.ps1'
[2.773s] INFO:colcon.colcon_core.shell:Creating package descriptor '/home/hydran00/shelfino_ws/src/Robot_Planning_Project/install/shelfino_gazebo/share/shelfino_gazebo/package.dsv'
[2.774s] INFO:colcon.colcon_core.shell:Creating package script '/home/hydran00/shelfino_ws/src/Robot_Planning_Project/install/shelfino_gazebo/share/shelfino_gazebo/package.sh'
[2.774s] INFO:colcon.colcon_core.shell:Creating package script '/home/hydran00/shelfino_ws/src/Robot_Planning_Project/install/shelfino_gazebo/share/shelfino_gazebo/package.bash'
[2.774s] INFO:colcon.colcon_core.shell:Creating package script '/home/hydran00/shelfino_ws/src/Robot_Planning_Project/install/shelfino_gazebo/share/shelfino_gazebo/package.zsh'
[2.774s] Level 1:colcon.colcon_core.environment:create_file_with_runtime_dependencies(/home/hydran00/shelfino_ws/src/Robot_Planning_Project/install/shelfino_gazebo/share/colcon-core/packages/shelfino_gazebo)
[2.778s] Level 1:colcon.colcon_core.environment:create_environment_scripts_only(shelfino_description)
[2.778s] DEBUG:colcon.colcon_core.event_handler.log_command:Invoked command in '/home/hydran00/shelfino_ws/src/Robot_Planning_Project/build/shelfino_description' returned '0': CMAKE_PREFIX_PATH=${CMAKE_PREFIX_PATH}:/opt/ros/humble /usr/bin/cmake --install /home/hydran00/shelfino_ws/src/Robot_Planning_Project/build/shelfino_description
[2.793s] Level 1:colcon.colcon_core.environment:checking '/home/hydran00/shelfino_ws/src/Robot_Planning_Project/install/shelfino_description' for CMake module files
[2.794s] Level 1:colcon.colcon_core.environment:checking '/home/hydran00/shelfino_ws/src/Robot_Planning_Project/install/shelfino_description' for CMake config files
[2.794s] Level 1:colcon.colcon_core.shell:create_environment_hook('shelfino_description', 'cmake_prefix_path')
[2.810s] INFO:colcon.colcon_core.shell:Creating environment hook '/home/hydran00/shelfino_ws/src/Robot_Planning_Project/install/shelfino_description/share/shelfino_description/hook/cmake_prefix_path.ps1'
[2.811s] INFO:colcon.colcon_core.shell:Creating environment descriptor '/home/hydran00/shelfino_ws/src/Robot_Planning_Project/install/shelfino_description/share/shelfino_description/hook/cmake_prefix_path.dsv'
[2.811s] INFO:colcon.colcon_core.shell:Creating environment hook '/home/hydran00/shelfino_ws/src/Robot_Planning_Project/install/shelfino_description/share/shelfino_description/hook/cmake_prefix_path.sh'
[2.812s] Level 1:colcon.colcon_core.environment:checking '/home/hydran00/shelfino_ws/src/Robot_Planning_Project/install/shelfino_description/bin'
[2.812s] Level 1:colcon.colcon_core.environment:checking '/home/hydran00/shelfino_ws/src/Robot_Planning_Project/install/shelfino_description/lib/pkgconfig/shelfino_description.pc'
[2.812s] Level 1:colcon.colcon_core.environment:checking '/home/hydran00/shelfino_ws/src/Robot_Planning_Project/install/shelfino_description/lib/python3.10/site-packages'
[2.812s] Level 1:colcon.colcon_core.environment:checking '/home/hydran00/shelfino_ws/src/Robot_Planning_Project/install/shelfino_description/bin'
[2.828s] INFO:colcon.colcon_core.shell:Creating package script '/home/hydran00/shelfino_ws/src/Robot_Planning_Project/install/shelfino_description/share/shelfino_description/package.ps1'
[2.828s] INFO:colcon.colcon_core.shell:Creating package descriptor '/home/hydran00/shelfino_ws/src/Robot_Planning_Project/install/shelfino_description/share/shelfino_description/package.dsv'
[2.829s] INFO:colcon.colcon_core.shell:Creating package script '/home/hydran00/shelfino_ws/src/Robot_Planning_Project/install/shelfino_description/share/shelfino_description/package.sh'
[2.829s] INFO:colcon.colcon_core.shell:Creating package script '/home/hydran00/shelfino_ws/src/Robot_Planning_Project/install/shelfino_description/share/shelfino_description/package.bash'
[2.830s] INFO:colcon.colcon_core.shell:Creating package script '/home/hydran00/shelfino_ws/src/Robot_Planning_Project/install/shelfino_description/share/shelfino_description/package.zsh'
[2.830s] Level 1:colcon.colcon_core.environment:create_file_with_runtime_dependencies(/home/hydran00/shelfino_ws/src/Robot_Planning_Project/install/shelfino_description/share/colcon-core/packages/shelfino_description)
[2.848s] Level 1:colcon.colcon_core.environment:create_environment_scripts_only(dubins_planner)
[2.865s] Level 1:colcon.colcon_core.environment:checking '/home/hydran00/shelfino_ws/src/Robot_Planning_Project/install/dubins_planner' for CMake module files
[2.865s] Level 1:colcon.colcon_core.environment:checking '/home/hydran00/shelfino_ws/src/Robot_Planning_Project/install/dubins_planner' for CMake config files
[2.866s] Level 1:colcon.colcon_core.shell:create_environment_hook('dubins_planner', 'cmake_prefix_path')
[2.883s] INFO:colcon.colcon_core.shell:Creating environment hook '/home/hydran00/shelfino_ws/src/Robot_Planning_Project/install/dubins_planner/share/dubins_planner/hook/cmake_prefix_path.ps1'
[2.884s] INFO:colcon.colcon_core.shell:Creating environment descriptor '/home/hydran00/shelfino_ws/src/Robot_Planning_Project/install/dubins_planner/share/dubins_planner/hook/cmake_prefix_path.dsv'
[2.884s] INFO:colcon.colcon_core.shell:Creating environment hook '/home/hydran00/shelfino_ws/src/Robot_Planning_Project/install/dubins_planner/share/dubins_planner/hook/cmake_prefix_path.sh'
[2.885s] Level 1:colcon.colcon_core.environment:checking '/home/hydran00/shelfino_ws/src/Robot_Planning_Project/install/dubins_planner/lib'
[2.885s] Level 1:colcon.colcon_core.environment:checking '/home/hydran00/shelfino_ws/src/Robot_Planning_Project/install/dubins_planner/bin'
[2.885s] Level 1:colcon.colcon_core.environment:checking '/home/hydran00/shelfino_ws/src/Robot_Planning_Project/install/dubins_planner/lib/pkgconfig/dubins_planner.pc'
[2.885s] Level 1:colcon.colcon_core.environment:checking '/home/hydran00/shelfino_ws/src/Robot_Planning_Project/install/dubins_planner/lib/python3.10/site-packages'
[2.886s] Level 1:colcon.colcon_core.environment:checking '/home/hydran00/shelfino_ws/src/Robot_Planning_Project/install/dubins_planner/bin'
[2.904s] INFO:colcon.colcon_core.shell:Creating package script '/home/hydran00/shelfino_ws/src/Robot_Planning_Project/install/dubins_planner/share/dubins_planner/package.ps1'
[2.905s] INFO:colcon.colcon_core.shell:Creating package descriptor '/home/hydran00/shelfino_ws/src/Robot_Planning_Project/install/dubins_planner/share/dubins_planner/package.dsv'
[2.905s] INFO:colcon.colcon_core.shell:Creating package script '/home/hydran00/shelfino_ws/src/Robot_Planning_Project/install/dubins_planner/share/dubins_planner/package.sh'
[2.906s] INFO:colcon.colcon_core.shell:Creating package script '/home/hydran00/shelfino_ws/src/Robot_Planning_Project/install/dubins_planner/share/dubins_planner/package.bash'
[2.906s] INFO:colcon.colcon_core.shell:Creating package script '/home/hydran00/shelfino_ws/src/Robot_Planning_Project/install/dubins_planner/share/dubins_planner/package.zsh'
[2.906s] Level 1:colcon.colcon_core.environment:create_file_with_runtime_dependencies(/home/hydran00/shelfino_ws/src/Robot_Planning_Project/install/dubins_planner/share/colcon-core/packages/dubins_planner)
[2.956s] DEBUG:colcon.colcon_parallel_executor.executor.parallel:run_until_complete was interrupted
[2.957s] DEBUG:colcon.colcon_parallel_executor.executor.parallel:run_until_complete again
[2.972s] DEBUG:colcon.colcon_parallel_executor.executor.parallel:run_until_complete finished
[2.972s] DEBUG:colcon.colcon_parallel_executor.executor.parallel:closing loop
[2.972s] DEBUG:colcon.colcon_parallel_executor.executor.parallel:loop closed
[2.972s] DEBUG:colcon.colcon_core.event_reactor:joining thread
[2.988s] INFO:colcon.colcon_core.plugin_system:Skipping extension 'colcon_notification.desktop_notification.terminal_notifier': Not used on non-Darwin systems
[2.988s] INFO:colcon.colcon_core.plugin_system:Skipping extension 'colcon_notification.desktop_notification.win32': Not used on non-Windows systems
[2.988s] INFO:colcon.colcon_notification.desktop_notification:Sending desktop notification using 'notify2'
[2.999s] DEBUG:colcon.colcon_core.event_reactor:joined thread
[3.011s] INFO:colcon.colcon_core.shell:Creating prefix script '/home/hydran00/shelfino_ws/src/Robot_Planning_Project/install/local_setup.ps1'
[3.012s] INFO:colcon.colcon_core.shell:Creating prefix util module '/home/hydran00/shelfino_ws/src/Robot_Planning_Project/install/_local_setup_util_ps1.py'
[3.014s] INFO:colcon.colcon_core.shell:Creating prefix chain script '/home/hydran00/shelfino_ws/src/Robot_Planning_Project/install/setup.ps1'
[3.025s] INFO:colcon.colcon_core.shell:Creating prefix script '/home/hydran00/shelfino_ws/src/Robot_Planning_Project/install/local_setup.sh'
[3.026s] INFO:colcon.colcon_core.shell:Creating prefix util module '/home/hydran00/shelfino_ws/src/Robot_Planning_Project/install/_local_setup_util_sh.py'
[3.026s] INFO:colcon.colcon_core.shell:Creating prefix chain script '/home/hydran00/shelfino_ws/src/Robot_Planning_Project/install/setup.sh'
[3.035s] INFO:colcon.colcon_core.shell:Creating prefix script '/home/hydran00/shelfino_ws/src/Robot_Planning_Project/install/local_setup.bash'
[3.036s] INFO:colcon.colcon_core.shell:Creating prefix chain script '/home/hydran00/shelfino_ws/src/Robot_Planning_Project/install/setup.bash'
[3.044s] INFO:colcon.colcon_core.shell:Creating prefix script '/home/hydran00/shelfino_ws/src/Robot_Planning_Project/install/local_setup.zsh'
[3.045s] INFO:colcon.colcon_core.shell:Creating prefix chain script '/home/hydran00/shelfino_ws/src/Robot_Planning_Project/install/setup.zsh'
