[0.604s] DEBUG:colcon:Command line arguments: ['/usr/bin/colcon', 'build', '--packages-select', 'dubins_planner']
[0.604s] DEBUG:colcon:Parsed command line arguments: Namespace(log_base=None, log_level=None, verb_name='build', build_base='build', install_base='install', merge_install=False, symlink_install=False, test_result_base=None, continue_on_error=False, executor='parallel', parallel_workers=12, event_handlers=None, ignore_user_meta=False, metas=['./colcon.meta'], base_paths=['.'], packages_ignore=None, packages_ignore_regex=None, paths=None, packages_up_to=None, packages_up_to_regex=None, packages_above=None, packages_above_and_dependencies=None, packages_above_depth=None, packages_select_by_dep=None, packages_skip_by_dep=None, packages_skip_up_to=None, packages_select_build_failed=False, packages_skip_build_finished=False, packages_select_test_failures=False, packages_skip_test_passed=False, packages_select=['dubins_planner'], packages_skip=None, packages_select_regex=None, packages_skip_regex=None, packages_start=None, packages_end=None, allow_overriding=[], cmake_args=None, cmake_target=None, cmake_target_skip_unavailable=False, cmake_clean_cache=False, cmake_clean_first=False, cmake_force_configure=False, ament_cmake_args=None, catkin_cmake_args=None, catkin_skip_building_tests=False, verb_parser=<colcon_defaults.argument_parser.defaults.DefaultArgumentsDecorator object at 0x7fcd5bac1330>, verb_extension=<colcon_core.verb.build.BuildVerb object at 0x7fcd5bac06d0>, main=<bound method BuildVerb.main of <colcon_core.verb.build.BuildVerb object at 0x7fcd5bac06d0>>)
[0.630s] Level 1:colcon.colcon_core.package_discovery:discover_packages(colcon_meta) check parameters
[0.631s] Level 1:colcon.colcon_core.package_discovery:discover_packages(recursive) check parameters
[0.631s] Level 1:colcon.colcon_core.package_discovery:discover_packages(ignore) check parameters
[0.631s] Level 1:colcon.colcon_core.package_discovery:discover_packages(path) check parameters
[0.631s] Level 1:colcon.colcon_core.package_discovery:discover_packages(colcon_meta) discover
[0.631s] Level 1:colcon.colcon_core.package_discovery:discover_packages(recursive) discover
[0.631s] INFO:colcon.colcon_core.package_discovery:Crawling recursively for packages in '/home/hydran00/shelfino_ws/src/Robot_Planning_Project'
[0.631s] Level 1:colcon.colcon_core.package_identification:_identify(.) by extensions ['ignore', 'ignore_ament_install']
[0.631s] Level 1:colcon.colcon_core.package_identification:_identify(.) by extension 'ignore'
[0.631s] Level 1:colcon.colcon_core.package_identification:_identify(.) by extension 'ignore_ament_install'
[0.631s] Level 1:colcon.colcon_core.package_identification:_identify(.) by extensions ['colcon_pkg']
[0.631s] Level 1:colcon.colcon_core.package_identification:_identify(.) by extension 'colcon_pkg'
[0.631s] Level 1:colcon.colcon_core.package_identification:_identify(.) by extensions ['colcon_meta']
[0.631s] Level 1:colcon.colcon_core.package_identification:_identify(.) by extension 'colcon_meta'
[0.631s] Level 1:colcon.colcon_core.package_identification:_identify(.) by extensions ['ros']
[0.631s] Level 1:colcon.colcon_core.package_identification:_identify(.) by extension 'ros'
[0.638s] Level 1:colcon.colcon_core.package_identification:_identify(.) by extensions ['cmake', 'python']
[0.638s] Level 1:colcon.colcon_core.package_identification:_identify(.) by extension 'cmake'
[0.638s] Level 1:colcon.colcon_core.package_identification:_identify(.) by extension 'python'
[0.638s] Level 1:colcon.colcon_core.package_identification:_identify(.) by extensions ['python_setup_py']
[0.638s] Level 1:colcon.colcon_core.package_identification:_identify(.) by extension 'python_setup_py'
[0.638s] Level 1:colcon.colcon_core.package_identification:_identify(assets) by extensions ['ignore', 'ignore_ament_install']
[0.638s] Level 1:colcon.colcon_core.package_identification:_identify(assets) by extension 'ignore'
[0.638s] Level 1:colcon.colcon_core.package_identification:_identify(assets) by extension 'ignore_ament_install'
[0.638s] Level 1:colcon.colcon_core.package_identification:_identify(assets) by extensions ['colcon_pkg']
[0.638s] Level 1:colcon.colcon_core.package_identification:_identify(assets) by extension 'colcon_pkg'
[0.638s] Level 1:colcon.colcon_core.package_identification:_identify(assets) by extensions ['colcon_meta']
[0.638s] Level 1:colcon.colcon_core.package_identification:_identify(assets) by extension 'colcon_meta'
[0.638s] Level 1:colcon.colcon_core.package_identification:_identify(assets) by extensions ['ros']
[0.638s] Level 1:colcon.colcon_core.package_identification:_identify(assets) by extension 'ros'
[0.638s] Level 1:colcon.colcon_core.package_identification:_identify(assets) by extensions ['cmake', 'python']
[0.638s] Level 1:colcon.colcon_core.package_identification:_identify(assets) by extension 'cmake'
[0.638s] Level 1:colcon.colcon_core.package_identification:_identify(assets) by extension 'python'
[0.638s] Level 1:colcon.colcon_core.package_identification:_identify(assets) by extensions ['python_setup_py']
[0.638s] Level 1:colcon.colcon_core.package_identification:_identify(assets) by extension 'python_setup_py'
[0.638s] Level 1:colcon.colcon_core.package_identification:_identify(assets/images) by extensions ['ignore', 'ignore_ament_install']
[0.639s] Level 1:colcon.colcon_core.package_identification:_identify(assets/images) by extension 'ignore'
[0.639s] Level 1:colcon.colcon_core.package_identification:_identify(assets/images) by extension 'ignore_ament_install'
[0.639s] Level 1:colcon.colcon_core.package_identification:_identify(assets/images) by extensions ['colcon_pkg']
[0.639s] Level 1:colcon.colcon_core.package_identification:_identify(assets/images) by extension 'colcon_pkg'
[0.639s] Level 1:colcon.colcon_core.package_identification:_identify(assets/images) by extensions ['colcon_meta']
[0.639s] Level 1:colcon.colcon_core.package_identification:_identify(assets/images) by extension 'colcon_meta'
[0.639s] Level 1:colcon.colcon_core.package_identification:_identify(assets/images) by extensions ['ros']
[0.639s] Level 1:colcon.colcon_core.package_identification:_identify(assets/images) by extension 'ros'
[0.639s] Level 1:colcon.colcon_core.package_identification:_identify(assets/images) by extensions ['cmake', 'python']
[0.639s] Level 1:colcon.colcon_core.package_identification:_identify(assets/images) by extension 'cmake'
[0.639s] Level 1:colcon.colcon_core.package_identification:_identify(assets/images) by extension 'python'
[0.639s] Level 1:colcon.colcon_core.package_identification:_identify(assets/images) by extensions ['python_setup_py']
[0.639s] Level 1:colcon.colcon_core.package_identification:_identify(assets/images) by extension 'python_setup_py'
[0.639s] Level 1:colcon.colcon_core.package_identification:_identify(autorun) by extensions ['ignore', 'ignore_ament_install']
[0.639s] Level 1:colcon.colcon_core.package_identification:_identify(autorun) by extension 'ignore'
[0.639s] Level 1:colcon.colcon_core.package_identification:_identify(autorun) by extension 'ignore_ament_install'
[0.639s] Level 1:colcon.colcon_core.package_identification:_identify(autorun) by extensions ['colcon_pkg']
[0.639s] Level 1:colcon.colcon_core.package_identification:_identify(autorun) by extension 'colcon_pkg'
[0.639s] Level 1:colcon.colcon_core.package_identification:_identify(autorun) by extensions ['colcon_meta']
[0.639s] Level 1:colcon.colcon_core.package_identification:_identify(autorun) by extension 'colcon_meta'
[0.639s] Level 1:colcon.colcon_core.package_identification:_identify(autorun) by extensions ['ros']
[0.639s] Level 1:colcon.colcon_core.package_identification:_identify(autorun) by extension 'ros'
[0.639s] Level 1:colcon.colcon_core.package_identification:_identify(autorun) by extensions ['cmake', 'python']
[0.639s] Level 1:colcon.colcon_core.package_identification:_identify(autorun) by extension 'cmake'
[0.639s] Level 1:colcon.colcon_core.package_identification:_identify(autorun) by extension 'python'
[0.639s] Level 1:colcon.colcon_core.package_identification:_identify(autorun) by extensions ['python_setup_py']
[0.639s] Level 1:colcon.colcon_core.package_identification:_identify(autorun) by extension 'python_setup_py'
[0.639s] Level 1:colcon.colcon_core.package_identification:_identify(build) by extensions ['ignore', 'ignore_ament_install']
[0.639s] Level 1:colcon.colcon_core.package_identification:_identify(build) by extension 'ignore'
[0.639s] Level 1:colcon.colcon_core.package_identification:_identify(build) ignored
[0.639s] Level 1:colcon.colcon_core.package_identification:_identify(dubins_planner) by extensions ['ignore', 'ignore_ament_install']
[0.640s] Level 1:colcon.colcon_core.package_identification:_identify(dubins_planner) by extension 'ignore'
[0.640s] Level 1:colcon.colcon_core.package_identification:_identify(dubins_planner) by extension 'ignore_ament_install'
[0.640s] Level 1:colcon.colcon_core.package_identification:_identify(dubins_planner) by extensions ['colcon_pkg']
[0.640s] Level 1:colcon.colcon_core.package_identification:_identify(dubins_planner) by extension 'colcon_pkg'
[0.640s] Level 1:colcon.colcon_core.package_identification:_identify(dubins_planner) by extensions ['colcon_meta']
[0.640s] Level 1:colcon.colcon_core.package_identification:_identify(dubins_planner) by extension 'colcon_meta'
[0.640s] Level 1:colcon.colcon_core.package_identification:_identify(dubins_planner) by extensions ['ros']
[0.640s] Level 1:colcon.colcon_core.package_identification:_identify(dubins_planner) by extension 'ros'
[0.642s] DEBUG:colcon.colcon_core.package_identification:Package 'dubins_planner' with type 'ros.ament_cmake' and name 'dubins_planner'
[0.642s] Level 1:colcon.colcon_core.package_identification:_identify(evader) by extensions ['ignore', 'ignore_ament_install']
[0.642s] Level 1:colcon.colcon_core.package_identification:_identify(evader) by extension 'ignore'
[0.642s] Level 1:colcon.colcon_core.package_identification:_identify(evader) by extension 'ignore_ament_install'
[0.642s] Level 1:colcon.colcon_core.package_identification:_identify(evader) by extensions ['colcon_pkg']
[0.642s] Level 1:colcon.colcon_core.package_identification:_identify(evader) by extension 'colcon_pkg'
[0.642s] Level 1:colcon.colcon_core.package_identification:_identify(evader) by extensions ['colcon_meta']
[0.642s] Level 1:colcon.colcon_core.package_identification:_identify(evader) by extension 'colcon_meta'
[0.642s] Level 1:colcon.colcon_core.package_identification:_identify(evader) by extensions ['ros']
[0.642s] Level 1:colcon.colcon_core.package_identification:_identify(evader) by extension 'ros'
[0.643s] DEBUG:colcon.colcon_core.package_identification:Package 'evader' with type 'ros.ament_cmake' and name 'evader'
[0.643s] Level 1:colcon.colcon_core.package_identification:_identify(get_positions) by extensions ['ignore', 'ignore_ament_install']
[0.643s] Level 1:colcon.colcon_core.package_identification:_identify(get_positions) by extension 'ignore'
[0.643s] Level 1:colcon.colcon_core.package_identification:_identify(get_positions) by extension 'ignore_ament_install'
[0.643s] Level 1:colcon.colcon_core.package_identification:_identify(get_positions) by extensions ['colcon_pkg']
[0.643s] Level 1:colcon.colcon_core.package_identification:_identify(get_positions) by extension 'colcon_pkg'
[0.643s] Level 1:colcon.colcon_core.package_identification:_identify(get_positions) by extensions ['colcon_meta']
[0.643s] Level 1:colcon.colcon_core.package_identification:_identify(get_positions) by extension 'colcon_meta'
[0.643s] Level 1:colcon.colcon_core.package_identification:_identify(get_positions) by extensions ['ros']
[0.643s] Level 1:colcon.colcon_core.package_identification:_identify(get_positions) by extension 'ros'
[0.644s] DEBUG:colcon.colcon_core.package_identification:Package 'get_positions' with type 'ros.ament_cmake' and name 'get_positions'
[0.644s] Level 1:colcon.colcon_core.package_identification:_identify(graph_msgs) by extensions ['ignore', 'ignore_ament_install']
[0.644s] Level 1:colcon.colcon_core.package_identification:_identify(graph_msgs) by extension 'ignore'
[0.644s] Level 1:colcon.colcon_core.package_identification:_identify(graph_msgs) by extension 'ignore_ament_install'
[0.644s] Level 1:colcon.colcon_core.package_identification:_identify(graph_msgs) by extensions ['colcon_pkg']
[0.644s] Level 1:colcon.colcon_core.package_identification:_identify(graph_msgs) by extension 'colcon_pkg'
[0.644s] Level 1:colcon.colcon_core.package_identification:_identify(graph_msgs) by extensions ['colcon_meta']
[0.644s] Level 1:colcon.colcon_core.package_identification:_identify(graph_msgs) by extension 'colcon_meta'
[0.644s] Level 1:colcon.colcon_core.package_identification:_identify(graph_msgs) by extensions ['ros']
[0.644s] Level 1:colcon.colcon_core.package_identification:_identify(graph_msgs) by extension 'ros'
[0.644s] DEBUG:colcon.colcon_core.package_identification:Package 'graph_msgs' with type 'ros.ament_cmake' and name 'graph_msgs'
[0.644s] Level 1:colcon.colcon_core.package_identification:_identify(install) by extensions ['ignore', 'ignore_ament_install']
[0.644s] Level 1:colcon.colcon_core.package_identification:_identify(install) by extension 'ignore'
[0.644s] Level 1:colcon.colcon_core.package_identification:_identify(install) ignored
[0.644s] Level 1:colcon.colcon_core.package_identification:_identify(log) by extensions ['ignore', 'ignore_ament_install']
[0.644s] Level 1:colcon.colcon_core.package_identification:_identify(log) by extension 'ignore'
[0.644s] Level 1:colcon.colcon_core.package_identification:_identify(log) ignored
[0.644s] Level 1:colcon.colcon_core.package_identification:_identify(obstacles_msgs) by extensions ['ignore', 'ignore_ament_install']
[0.644s] Level 1:colcon.colcon_core.package_identification:_identify(obstacles_msgs) by extension 'ignore'
[0.644s] Level 1:colcon.colcon_core.package_identification:_identify(obstacles_msgs) by extension 'ignore_ament_install'
[0.645s] Level 1:colcon.colcon_core.package_identification:_identify(obstacles_msgs) by extensions ['colcon_pkg']
[0.645s] Level 1:colcon.colcon_core.package_identification:_identify(obstacles_msgs) by extension 'colcon_pkg'
[0.645s] Level 1:colcon.colcon_core.package_identification:_identify(obstacles_msgs) by extensions ['colcon_meta']
[0.645s] Level 1:colcon.colcon_core.package_identification:_identify(obstacles_msgs) by extension 'colcon_meta'
[0.645s] Level 1:colcon.colcon_core.package_identification:_identify(obstacles_msgs) by extensions ['ros']
[0.645s] Level 1:colcon.colcon_core.package_identification:_identify(obstacles_msgs) by extension 'ros'
[0.645s] DEBUG:colcon.colcon_core.package_identification:Package 'obstacles_msgs' with type 'ros.ament_cmake' and name 'obstacles_msgs'
[0.645s] Level 1:colcon.colcon_core.package_identification:_identify(remote_control) by extensions ['ignore', 'ignore_ament_install']
[0.645s] Level 1:colcon.colcon_core.package_identification:_identify(remote_control) by extension 'ignore'
[0.645s] Level 1:colcon.colcon_core.package_identification:_identify(remote_control) by extension 'ignore_ament_install'
[0.645s] Level 1:colcon.colcon_core.package_identification:_identify(remote_control) by extensions ['colcon_pkg']
[0.645s] Level 1:colcon.colcon_core.package_identification:_identify(remote_control) by extension 'colcon_pkg'
[0.645s] Level 1:colcon.colcon_core.package_identification:_identify(remote_control) by extensions ['colcon_meta']
[0.645s] Level 1:colcon.colcon_core.package_identification:_identify(remote_control) by extension 'colcon_meta'
[0.645s] Level 1:colcon.colcon_core.package_identification:_identify(remote_control) by extensions ['ros']
[0.645s] Level 1:colcon.colcon_core.package_identification:_identify(remote_control) by extension 'ros'
[0.645s] DEBUG:colcon.colcon_core.package_identification:Package 'remote_control' with type 'ros.ament_cmake' and name 'remote_control'
[0.646s] Level 1:colcon.colcon_core.package_identification:_identify(send_borders) by extensions ['ignore', 'ignore_ament_install']
[0.646s] Level 1:colcon.colcon_core.package_identification:_identify(send_borders) by extension 'ignore'
[0.646s] Level 1:colcon.colcon_core.package_identification:_identify(send_borders) by extension 'ignore_ament_install'
[0.646s] Level 1:colcon.colcon_core.package_identification:_identify(send_borders) by extensions ['colcon_pkg']
[0.646s] Level 1:colcon.colcon_core.package_identification:_identify(send_borders) by extension 'colcon_pkg'
[0.646s] Level 1:colcon.colcon_core.package_identification:_identify(send_borders) by extensions ['colcon_meta']
[0.646s] Level 1:colcon.colcon_core.package_identification:_identify(send_borders) by extension 'colcon_meta'
[0.646s] Level 1:colcon.colcon_core.package_identification:_identify(send_borders) by extensions ['ros']
[0.646s] Level 1:colcon.colcon_core.package_identification:_identify(send_borders) by extension 'ros'
[0.646s] DEBUG:colcon.colcon_core.package_identification:Package 'send_borders' with type 'ros.ament_cmake' and name 'send_borders'
[0.646s] Level 1:colcon.colcon_core.package_identification:_identify(send_gates) by extensions ['ignore', 'ignore_ament_install']
[0.646s] Level 1:colcon.colcon_core.package_identification:_identify(send_gates) by extension 'ignore'
[0.646s] Level 1:colcon.colcon_core.package_identification:_identify(send_gates) by extension 'ignore_ament_install'
[0.646s] Level 1:colcon.colcon_core.package_identification:_identify(send_gates) by extensions ['colcon_pkg']
[0.646s] Level 1:colcon.colcon_core.package_identification:_identify(send_gates) by extension 'colcon_pkg'
[0.646s] Level 1:colcon.colcon_core.package_identification:_identify(send_gates) by extensions ['colcon_meta']
[0.646s] Level 1:colcon.colcon_core.package_identification:_identify(send_gates) by extension 'colcon_meta'
[0.646s] Level 1:colcon.colcon_core.package_identification:_identify(send_gates) by extensions ['ros']
[0.646s] Level 1:colcon.colcon_core.package_identification:_identify(send_gates) by extension 'ros'
[0.647s] DEBUG:colcon.colcon_core.package_identification:Package 'send_gates' with type 'ros.ament_cmake' and name 'send_gates'
[0.647s] Level 1:colcon.colcon_core.package_identification:_identify(send_obstacles) by extensions ['ignore', 'ignore_ament_install']
[0.647s] Level 1:colcon.colcon_core.package_identification:_identify(send_obstacles) by extension 'ignore'
[0.647s] Level 1:colcon.colcon_core.package_identification:_identify(send_obstacles) by extension 'ignore_ament_install'
[0.647s] Level 1:colcon.colcon_core.package_identification:_identify(send_obstacles) by extensions ['colcon_pkg']
[0.647s] Level 1:colcon.colcon_core.package_identification:_identify(send_obstacles) by extension 'colcon_pkg'
[0.647s] Level 1:colcon.colcon_core.package_identification:_identify(send_obstacles) by extensions ['colcon_meta']
[0.647s] Level 1:colcon.colcon_core.package_identification:_identify(send_obstacles) by extension 'colcon_meta'
[0.647s] Level 1:colcon.colcon_core.package_identification:_identify(send_obstacles) by extensions ['ros']
[0.647s] Level 1:colcon.colcon_core.package_identification:_identify(send_obstacles) by extension 'ros'
[0.647s] DEBUG:colcon.colcon_core.package_identification:Package 'send_obstacles' with type 'ros.ament_cmake' and name 'send_obstacles'
[0.647s] Level 1:colcon.colcon_core.package_identification:_identify(shelfino_description) by extensions ['ignore', 'ignore_ament_install']
[0.647s] Level 1:colcon.colcon_core.package_identification:_identify(shelfino_description) by extension 'ignore'
[0.647s] Level 1:colcon.colcon_core.package_identification:_identify(shelfino_description) by extension 'ignore_ament_install'
[0.647s] Level 1:colcon.colcon_core.package_identification:_identify(shelfino_description) by extensions ['colcon_pkg']
[0.648s] Level 1:colcon.colcon_core.package_identification:_identify(shelfino_description) by extension 'colcon_pkg'
[0.648s] Level 1:colcon.colcon_core.package_identification:_identify(shelfino_description) by extensions ['colcon_meta']
[0.648s] Level 1:colcon.colcon_core.package_identification:_identify(shelfino_description) by extension 'colcon_meta'
[0.648s] Level 1:colcon.colcon_core.package_identification:_identify(shelfino_description) by extensions ['ros']
[0.648s] Level 1:colcon.colcon_core.package_identification:_identify(shelfino_description) by extension 'ros'
[0.648s] DEBUG:colcon.colcon_core.package_identification:Package 'shelfino_description' with type 'ros.ament_cmake' and name 'shelfino_description'
[0.648s] Level 1:colcon.colcon_core.package_identification:_identify(shelfino_gazebo) by extensions ['ignore', 'ignore_ament_install']
[0.648s] Level 1:colcon.colcon_core.package_identification:_identify(shelfino_gazebo) by extension 'ignore'
[0.648s] Level 1:colcon.colcon_core.package_identification:_identify(shelfino_gazebo) by extension 'ignore_ament_install'
[0.648s] Level 1:colcon.colcon_core.package_identification:_identify(shelfino_gazebo) by extensions ['colcon_pkg']
[0.648s] Level 1:colcon.colcon_core.package_identification:_identify(shelfino_gazebo) by extension 'colcon_pkg'
[0.648s] Level 1:colcon.colcon_core.package_identification:_identify(shelfino_gazebo) by extensions ['colcon_meta']
[0.648s] Level 1:colcon.colcon_core.package_identification:_identify(shelfino_gazebo) by extension 'colcon_meta'
[0.648s] Level 1:colcon.colcon_core.package_identification:_identify(shelfino_gazebo) by extensions ['ros']
[0.648s] Level 1:colcon.colcon_core.package_identification:_identify(shelfino_gazebo) by extension 'ros'
[0.649s] DEBUG:colcon.colcon_core.package_identification:Package 'shelfino_gazebo' with type 'ros.ament_cmake' and name 'shelfino_gazebo'
[0.649s] Level 1:colcon.colcon_core.package_identification:_identify(shelfino_navigation) by extensions ['ignore', 'ignore_ament_install']
[0.649s] Level 1:colcon.colcon_core.package_identification:_identify(shelfino_navigation) by extension 'ignore'
[0.649s] Level 1:colcon.colcon_core.package_identification:_identify(shelfino_navigation) by extension 'ignore_ament_install'
[0.649s] Level 1:colcon.colcon_core.package_identification:_identify(shelfino_navigation) by extensions ['colcon_pkg']
[0.649s] Level 1:colcon.colcon_core.package_identification:_identify(shelfino_navigation) by extension 'colcon_pkg'
[0.649s] Level 1:colcon.colcon_core.package_identification:_identify(shelfino_navigation) by extensions ['colcon_meta']
[0.649s] Level 1:colcon.colcon_core.package_identification:_identify(shelfino_navigation) by extension 'colcon_meta'
[0.649s] Level 1:colcon.colcon_core.package_identification:_identify(shelfino_navigation) by extensions ['ros']
[0.649s] Level 1:colcon.colcon_core.package_identification:_identify(shelfino_navigation) by extension 'ros'
[0.649s] DEBUG:colcon.colcon_core.package_identification:Package 'shelfino_navigation' with type 'ros.ament_cmake' and name 'shelfino_navigation'
[0.649s] Level 1:colcon.colcon_core.package_identification:_identify(shelfino_node) by extensions ['ignore', 'ignore_ament_install']
[0.649s] Level 1:colcon.colcon_core.package_identification:_identify(shelfino_node) by extension 'ignore'
[0.649s] Level 1:colcon.colcon_core.package_identification:_identify(shelfino_node) by extension 'ignore_ament_install'
[0.649s] Level 1:colcon.colcon_core.package_identification:_identify(shelfino_node) by extensions ['colcon_pkg']
[0.649s] Level 1:colcon.colcon_core.package_identification:_identify(shelfino_node) by extension 'colcon_pkg'
[0.649s] Level 1:colcon.colcon_core.package_identification:_identify(shelfino_node) by extensions ['colcon_meta']
[0.649s] Level 1:colcon.colcon_core.package_identification:_identify(shelfino_node) by extension 'colcon_meta'
[0.649s] Level 1:colcon.colcon_core.package_identification:_identify(shelfino_node) by extensions ['ros']
[0.649s] Level 1:colcon.colcon_core.package_identification:_identify(shelfino_node) by extension 'ros'
[0.650s] DEBUG:colcon.colcon_core.package_identification:Package 'shelfino_node' with type 'ros.ament_cmake' and name 'shelfino_node'
[0.650s] Level 1:colcon.colcon_core.package_discovery:discover_packages(recursive) using defaults
[0.650s] Level 1:colcon.colcon_core.package_discovery:discover_packages(ignore) discover
[0.650s] Level 1:colcon.colcon_core.package_discovery:discover_packages(ignore) using defaults
[0.650s] Level 1:colcon.colcon_core.package_discovery:discover_packages(path) discover
[0.650s] Level 1:colcon.colcon_core.package_discovery:discover_packages(path) using defaults
[0.687s] INFO:colcon.colcon_core.package_selection:Skipping not selected package 'get_positions' in 'get_positions'
[0.687s] INFO:colcon.colcon_core.package_selection:Skipping not selected package 'graph_msgs' in 'graph_msgs'
[0.687s] INFO:colcon.colcon_core.package_selection:Skipping not selected package 'obstacles_msgs' in 'obstacles_msgs'
[0.687s] INFO:colcon.colcon_core.package_selection:Skipping not selected package 'remote_control' in 'remote_control'
[0.687s] INFO:colcon.colcon_core.package_selection:Skipping not selected package 'send_borders' in 'send_borders'
[0.687s] INFO:colcon.colcon_core.package_selection:Skipping not selected package 'send_gates' in 'send_gates'
[0.687s] INFO:colcon.colcon_core.package_selection:Skipping not selected package 'shelfino_description' in 'shelfino_description'
[0.687s] INFO:colcon.colcon_core.package_selection:Skipping not selected package 'shelfino_gazebo' in 'shelfino_gazebo'
[0.687s] INFO:colcon.colcon_core.package_selection:Skipping not selected package 'shelfino_navigation' in 'shelfino_navigation'
[0.687s] INFO:colcon.colcon_core.package_selection:Skipping not selected package 'shelfino_node' in 'shelfino_node'
[0.687s] INFO:colcon.colcon_core.package_selection:Skipping not selected package 'evader' in 'evader'
[0.687s] INFO:colcon.colcon_core.package_selection:Skipping not selected package 'send_obstacles' in 'send_obstacles'
[0.703s] Level 1:colcon.colcon_core.package_discovery:discover_packages(prefix_path) check parameters
[0.703s] Level 1:colcon.colcon_core.package_discovery:discover_packages(prefix_path) discover
[0.720s] DEBUG:colcon.colcon_installed_package_information.package_discovery:Found 13 installed packages in /home/hydran00/shelfino_ws/install
[0.728s] DEBUG:colcon.colcon_installed_package_information.package_discovery:Found 325 installed packages in /opt/ros/humble
[0.729s] Level 1:colcon.colcon_core.package_discovery:discover_packages(prefix_path) using defaults
[0.783s] Level 5:colcon.colcon_core.verb:set package 'dubins_planner' build argument 'cmake_args' from command line to 'None'
[0.784s] Level 5:colcon.colcon_core.verb:set package 'dubins_planner' build argument 'cmake_target' from command line to 'None'
[0.784s] Level 5:colcon.colcon_core.verb:set package 'dubins_planner' build argument 'cmake_target_skip_unavailable' from command line to 'False'
[0.784s] Level 5:colcon.colcon_core.verb:set package 'dubins_planner' build argument 'cmake_clean_cache' from command line to 'False'
[0.784s] Level 5:colcon.colcon_core.verb:set package 'dubins_planner' build argument 'cmake_clean_first' from command line to 'False'
[0.784s] Level 5:colcon.colcon_core.verb:set package 'dubins_planner' build argument 'cmake_force_configure' from command line to 'False'
[0.784s] Level 5:colcon.colcon_core.verb:set package 'dubins_planner' build argument 'ament_cmake_args' from command line to 'None'
[0.784s] Level 5:colcon.colcon_core.verb:set package 'dubins_planner' build argument 'catkin_cmake_args' from command line to 'None'
[0.784s] Level 5:colcon.colcon_core.verb:set package 'dubins_planner' build argument 'catkin_skip_building_tests' from command line to 'False'
[0.784s] DEBUG:colcon.colcon_core.verb:Building package 'dubins_planner' with the following arguments: {'ament_cmake_args': None, 'build_base': '/home/hydran00/shelfino_ws/src/Robot_Planning_Project/build/dubins_planner', 'catkin_cmake_args': None, 'catkin_skip_building_tests': False, 'cmake_args': None, 'cmake_clean_cache': False, 'cmake_clean_first': False, 'cmake_force_configure': False, 'cmake_target': None, 'cmake_target_skip_unavailable': False, 'install_base': '/home/hydran00/shelfino_ws/src/Robot_Planning_Project/install/dubins_planner', 'merge_install': False, 'path': '/home/hydran00/shelfino_ws/src/Robot_Planning_Project/dubins_planner', 'symlink_install': False, 'test_result_base': None}
[0.793s] INFO:colcon.colcon_core.executor:Executing jobs using 'parallel' executor
[0.801s] DEBUG:colcon.colcon_parallel_executor.executor.parallel:run_until_complete
[0.801s] INFO:colcon.colcon_ros.task.ament_cmake.build:Building ROS package in '/home/hydran00/shelfino_ws/src/Robot_Planning_Project/dubins_planner' with build type 'ament_cmake'
[0.801s] INFO:colcon.colcon_cmake.task.cmake.build:Building CMake package in '/home/hydran00/shelfino_ws/src/Robot_Planning_Project/dubins_planner'
[0.810s] INFO:colcon.colcon_core.plugin_system:Skipping extension 'colcon_core.shell.bat': Not used on non-Windows systems
[0.810s] INFO:colcon.colcon_core.shell:Skip shell extension 'powershell' for command environment: Not usable outside of PowerShell
[0.810s] DEBUG:colcon.colcon_core.shell:Skip shell extension 'dsv' for command environment
[0.849s] DEBUG:colcon.colcon_core.event_handler.log_command:Invoking command in '/home/hydran00/shelfino_ws/src/Robot_Planning_Project/build/dubins_planner': CMAKE_PREFIX_PATH=${CMAKE_PREFIX_PATH}:/opt/ros/humble /usr/bin/cmake --build /home/hydran00/shelfino_ws/src/Robot_Planning_Project/build/dubins_planner -- -j12 -l12
[14.118s] DEBUG:colcon.colcon_core.event_handler.log_command:Invoked command in '/home/hydran00/shelfino_ws/src/Robot_Planning_Project/build/dubins_planner' returned '0': CMAKE_PREFIX_PATH=${CMAKE_PREFIX_PATH}:/opt/ros/humble /usr/bin/cmake --build /home/hydran00/shelfino_ws/src/Robot_Planning_Project/build/dubins_planner -- -j12 -l12
[14.146s] DEBUG:colcon.colcon_core.event_handler.log_command:Invoking command in '/home/hydran00/shelfino_ws/src/Robot_Planning_Project/build/dubins_planner': CMAKE_PREFIX_PATH=${CMAKE_PREFIX_PATH}:/opt/ros/humble /usr/bin/cmake --install /home/hydran00/shelfino_ws/src/Robot_Planning_Project/build/dubins_planner
[14.185s] Level 1:colcon.colcon_core.environment:create_environment_scripts_only(dubins_planner)
[14.185s] DEBUG:colcon.colcon_core.event_handler.log_command:Invoked command in '/home/hydran00/shelfino_ws/src/Robot_Planning_Project/build/dubins_planner' returned '0': CMAKE_PREFIX_PATH=${CMAKE_PREFIX_PATH}:/opt/ros/humble /usr/bin/cmake --install /home/hydran00/shelfino_ws/src/Robot_Planning_Project/build/dubins_planner
[14.195s] Level 1:colcon.colcon_core.environment:checking '/home/hydran00/shelfino_ws/src/Robot_Planning_Project/install/dubins_planner' for CMake module files
[14.195s] Level 1:colcon.colcon_core.environment:checking '/home/hydran00/shelfino_ws/src/Robot_Planning_Project/install/dubins_planner' for CMake config files
[14.195s] Level 1:colcon.colcon_core.shell:create_environment_hook('dubins_planner', 'cmake_prefix_path')
[14.203s] INFO:colcon.colcon_core.shell:Creating environment hook '/home/hydran00/shelfino_ws/src/Robot_Planning_Project/install/dubins_planner/share/dubins_planner/hook/cmake_prefix_path.ps1'
[14.204s] INFO:colcon.colcon_core.shell:Creating environment descriptor '/home/hydran00/shelfino_ws/src/Robot_Planning_Project/install/dubins_planner/share/dubins_planner/hook/cmake_prefix_path.dsv'
[14.204s] INFO:colcon.colcon_core.shell:Creating environment hook '/home/hydran00/shelfino_ws/src/Robot_Planning_Project/install/dubins_planner/share/dubins_planner/hook/cmake_prefix_path.sh'
[14.204s] Level 1:colcon.colcon_core.environment:checking '/home/hydran00/shelfino_ws/src/Robot_Planning_Project/install/dubins_planner/lib'
[14.205s] Level 1:colcon.colcon_core.environment:checking '/home/hydran00/shelfino_ws/src/Robot_Planning_Project/install/dubins_planner/bin'
[14.205s] Level 1:colcon.colcon_core.environment:checking '/home/hydran00/shelfino_ws/src/Robot_Planning_Project/install/dubins_planner/lib/pkgconfig/dubins_planner.pc'
[14.205s] Level 1:colcon.colcon_core.environment:checking '/home/hydran00/shelfino_ws/src/Robot_Planning_Project/install/dubins_planner/lib/python3.10/site-packages'
[14.205s] Level 1:colcon.colcon_core.environment:checking '/home/hydran00/shelfino_ws/src/Robot_Planning_Project/install/dubins_planner/bin'
[14.213s] INFO:colcon.colcon_core.shell:Creating package script '/home/hydran00/shelfino_ws/src/Robot_Planning_Project/install/dubins_planner/share/dubins_planner/package.ps1'
[14.213s] INFO:colcon.colcon_core.shell:Creating package descriptor '/home/hydran00/shelfino_ws/src/Robot_Planning_Project/install/dubins_planner/share/dubins_planner/package.dsv'
[14.214s] INFO:colcon.colcon_core.shell:Creating package script '/home/hydran00/shelfino_ws/src/Robot_Planning_Project/install/dubins_planner/share/dubins_planner/package.sh'
[14.214s] INFO:colcon.colcon_core.shell:Creating package script '/home/hydran00/shelfino_ws/src/Robot_Planning_Project/install/dubins_planner/share/dubins_planner/package.bash'
[14.214s] INFO:colcon.colcon_core.shell:Creating package script '/home/hydran00/shelfino_ws/src/Robot_Planning_Project/install/dubins_planner/share/dubins_planner/package.zsh'
[14.215s] Level 1:colcon.colcon_core.environment:create_file_with_runtime_dependencies(/home/hydran00/shelfino_ws/src/Robot_Planning_Project/install/dubins_planner/share/colcon-core/packages/dubins_planner)
[14.246s] Level 1:colcon.colcon_core.environment:create_environment_scripts_only(dubins_planner)
[14.255s] Level 1:colcon.colcon_core.environment:checking '/home/hydran00/shelfino_ws/src/Robot_Planning_Project/install/dubins_planner' for CMake module files
[14.255s] Level 1:colcon.colcon_core.environment:checking '/home/hydran00/shelfino_ws/src/Robot_Planning_Project/install/dubins_planner' for CMake config files
[14.255s] Level 1:colcon.colcon_core.shell:create_environment_hook('dubins_planner', 'cmake_prefix_path')
[14.265s] INFO:colcon.colcon_core.shell:Creating environment hook '/home/hydran00/shelfino_ws/src/Robot_Planning_Project/install/dubins_planner/share/dubins_planner/hook/cmake_prefix_path.ps1'
[14.265s] INFO:colcon.colcon_core.shell:Creating environment descriptor '/home/hydran00/shelfino_ws/src/Robot_Planning_Project/install/dubins_planner/share/dubins_planner/hook/cmake_prefix_path.dsv'
[14.265s] INFO:colcon.colcon_core.shell:Creating environment hook '/home/hydran00/shelfino_ws/src/Robot_Planning_Project/install/dubins_planner/share/dubins_planner/hook/cmake_prefix_path.sh'
[14.266s] Level 1:colcon.colcon_core.environment:checking '/home/hydran00/shelfino_ws/src/Robot_Planning_Project/install/dubins_planner/lib'
[14.266s] Level 1:colcon.colcon_core.environment:checking '/home/hydran00/shelfino_ws/src/Robot_Planning_Project/install/dubins_planner/bin'
[14.266s] Level 1:colcon.colcon_core.environment:checking '/home/hydran00/shelfino_ws/src/Robot_Planning_Project/install/dubins_planner/lib/pkgconfig/dubins_planner.pc'
[14.266s] Level 1:colcon.colcon_core.environment:checking '/home/hydran00/shelfino_ws/src/Robot_Planning_Project/install/dubins_planner/lib/python3.10/site-packages'
[14.266s] Level 1:colcon.colcon_core.environment:checking '/home/hydran00/shelfino_ws/src/Robot_Planning_Project/install/dubins_planner/bin'
[14.275s] INFO:colcon.colcon_core.shell:Creating package script '/home/hydran00/shelfino_ws/src/Robot_Planning_Project/install/dubins_planner/share/dubins_planner/package.ps1'
[14.275s] INFO:colcon.colcon_core.shell:Creating package descriptor '/home/hydran00/shelfino_ws/src/Robot_Planning_Project/install/dubins_planner/share/dubins_planner/package.dsv'
[14.276s] INFO:colcon.colcon_core.shell:Creating package script '/home/hydran00/shelfino_ws/src/Robot_Planning_Project/install/dubins_planner/share/dubins_planner/package.sh'
[14.276s] INFO:colcon.colcon_core.shell:Creating package script '/home/hydran00/shelfino_ws/src/Robot_Planning_Project/install/dubins_planner/share/dubins_planner/package.bash'
[14.276s] INFO:colcon.colcon_core.shell:Creating package script '/home/hydran00/shelfino_ws/src/Robot_Planning_Project/install/dubins_planner/share/dubins_planner/package.zsh'
[14.276s] Level 1:colcon.colcon_core.environment:create_file_with_runtime_dependencies(/home/hydran00/shelfino_ws/src/Robot_Planning_Project/install/dubins_planner/share/colcon-core/packages/dubins_planner)
[14.277s] DEBUG:colcon.colcon_parallel_executor.executor.parallel:closing loop
[14.277s] DEBUG:colcon.colcon_parallel_executor.executor.parallel:loop closed
[14.277s] DEBUG:colcon.colcon_parallel_executor.executor.parallel:run_until_complete finished with '0'
[14.277s] DEBUG:colcon.colcon_core.event_reactor:joining thread
[14.288s] INFO:colcon.colcon_core.plugin_system:Skipping extension 'colcon_notification.desktop_notification.terminal_notifier': Not used on non-Darwin systems
[14.288s] INFO:colcon.colcon_core.plugin_system:Skipping extension 'colcon_notification.desktop_notification.win32': Not used on non-Windows systems
[14.288s] INFO:colcon.colcon_notification.desktop_notification:Sending desktop notification using 'notify2'
[14.296s] DEBUG:colcon.colcon_core.event_reactor:joined thread
[14.310s] INFO:colcon.colcon_core.shell:Creating prefix script '/home/hydran00/shelfino_ws/src/Robot_Planning_Project/install/local_setup.ps1'
[14.311s] INFO:colcon.colcon_core.shell:Creating prefix util module '/home/hydran00/shelfino_ws/src/Robot_Planning_Project/install/_local_setup_util_ps1.py'
[14.312s] INFO:colcon.colcon_core.shell:Creating prefix chain script '/home/hydran00/shelfino_ws/src/Robot_Planning_Project/install/setup.ps1'
[14.326s] INFO:colcon.colcon_core.shell:Creating prefix script '/home/hydran00/shelfino_ws/src/Robot_Planning_Project/install/local_setup.sh'
[14.326s] INFO:colcon.colcon_core.shell:Creating prefix util module '/home/hydran00/shelfino_ws/src/Robot_Planning_Project/install/_local_setup_util_sh.py'
[14.327s] INFO:colcon.colcon_core.shell:Creating prefix chain script '/home/hydran00/shelfino_ws/src/Robot_Planning_Project/install/setup.sh'
[14.336s] INFO:colcon.colcon_core.shell:Creating prefix script '/home/hydran00/shelfino_ws/src/Robot_Planning_Project/install/local_setup.bash'
[14.336s] INFO:colcon.colcon_core.shell:Creating prefix chain script '/home/hydran00/shelfino_ws/src/Robot_Planning_Project/install/setup.bash'
[14.345s] INFO:colcon.colcon_core.shell:Creating prefix script '/home/hydran00/shelfino_ws/src/Robot_Planning_Project/install/local_setup.zsh'
[14.346s] INFO:colcon.colcon_core.shell:Creating prefix chain script '/home/hydran00/shelfino_ws/src/Robot_Planning_Project/install/setup.zsh'
