[0.039s] Invoking command in '/home/hydran00/shelfino_ws/src/Robot_Planning_Project/build/dubins_planner': CMAKE_PREFIX_PATH=${CMAKE_PREFIX_PATH}:/opt/ros/humble /usr/bin/cmake --build /home/hydran00/shelfino_ws/src/Robot_Planning_Project/build/dubins_planner -- -j12 -l12
[0.055s] -- Found ament_cmake: 1.3.5 (/opt/ros/humble/share/ament_cmake/cmake)
[0.147s] -- Found rclcpp: 16.0.6 (/opt/ros/humble/share/rclcpp/cmake)
[0.163s] -- Found rosidl_generator_c: 3.1.5 (/opt/ros/humble/share/rosidl_generator_c/cmake)
[0.165s] -- Found rosidl_adapter: 3.1.5 (/opt/ros/humble/share/rosidl_adapter/cmake)
[0.168s] -- Found rosidl_generator_cpp: 3.1.5 (/opt/ros/humble/share/rosidl_generator_cpp/cmake)
[0.175s] -- Using all available rosidl_typesupport_c: rosidl_typesupport_fastrtps_c;rosidl_typesupport_introspection_c
[0.184s] -- Using all available rosidl_typesupport_cpp: rosidl_typesupport_fastrtps_cpp;rosidl_typesupport_introspection_cpp
[0.217s] -- Found rmw_implementation_cmake: 6.1.1 (/opt/ros/humble/share/rmw_implementation_cmake/cmake)
[0.217s] -- Found rmw_fastrtps_cpp: 6.2.4 (/opt/ros/humble/share/rmw_fastrtps_cpp/cmake)
[0.287s] -- Using RMW implementation 'rmw_fastrtps_cpp' as default
[0.380s] -- Found nav_msgs: 4.2.3 (/opt/ros/humble/share/nav_msgs/cmake)
[0.460s] -- Found nav2_msgs: 1.1.12 (/opt/ros/humble/share/nav2_msgs/cmake)
[0.580s] -- Found tf2: 0.25.4 (/opt/ros/humble/share/tf2/cmake)
[0.585s] -- Found tf2_ros: 0.25.4 (/opt/ros/humble/share/tf2_ros/cmake)
[0.753s] [33mCMake Warning at /usr/lib/x86_64-linux-gnu/cmake/CGAL/CGALConfig.cmake:92 (message):
[0.753s]   CGAL_DATA_DIR cannot be deduced, set the variable CGAL_DATA_DIR to set the
[0.753s]   default value of CGAL::data_file_path()
[0.753s] Call Stack (most recent call first):
[0.754s]   CMakeLists.txt:21 (find_package)
[0.754s] 
[0.754s] [0m
[0.754s] -- Using header-only CGAL
[0.755s] -- Targetting Unix Makefiles
[0.755s] -- Using /usr/bin/c++ compiler.
[0.759s] -- Boost include dirs: /usr/include
[0.759s] -- Boost libraries:    
[0.759s] -- Using gcc version 4 or later. Adding -frounding-math
[0.760s] [33mCMake Warning (dev) at CMakeLists.txt:22 (find_package):
[0.760s]   Policy CMP0074 is not set: find_package uses <PackageName>_ROOT variables.
[0.760s]   Run "cmake --help-policy CMP0074" for policy details.  Use the cmake_policy
[0.760s]   command to set the policy and suppress this warning.
[0.760s] 
[0.760s]   CMake variable CGAL_ROOT is set to:
[0.760s] 
[0.760s]     /usr
[0.760s] 
[0.760s]   For compatibility, CMake is ignoring the variable.
[0.760s] This warning is for project developers.  Use -Wno-dev to suppress it.
[0.760s] [0m
[0.760s] [33mCMake Warning at /usr/lib/x86_64-linux-gnu/cmake/CGAL/CGALConfig.cmake:92 (message):
[0.760s]   CGAL_DATA_DIR cannot be deduced, set the variable CGAL_DATA_DIR to set the
[0.760s]   default value of CGAL::data_file_path()
[0.760s] Call Stack (most recent call first):
[0.760s]   CMakeLists.txt:22 (find_package)
[0.761s] 
[0.761s] [0m
[0.761s] -- Using header-only CGAL
[0.831s] -- Configuring done
[0.848s] -- Generating done
[0.849s] -- Build files have been written to: /home/hydran00/shelfino_ws/src/Robot_Planning_Project/build/dubins_planner
[0.869s] [35m[1mConsolidate compiler generated dependencies of target dubins_planner[0m
[0.875s] [  6%] [34m[1mAutomatic MOC for target CGAL_Qt5_moc_and_resources[0m
[0.882s] [ 12%] [32mBuilding CXX object CMakeFiles/dubins_planner.dir/src/path_planner.cpp.o[0m
[0.895s] [ 12%] Built target CGAL_Qt5_moc_and_resources_autogen
[0.902s] [35m[1mConsolidate compiler generated dependencies of target CGAL_Qt5_moc_and_resources[0m
[0.922s] [ 37%] [32mBuilding CXX object CMakeFiles/CGAL_Qt5_moc_and_resources.dir/qrc_Triangulation_2.cpp.o[0m
[0.922s] [ 37%] [32mBuilding CXX object CMakeFiles/CGAL_Qt5_moc_and_resources.dir/qrc_Input.cpp.o[0m
[0.922s] [ 37%] [32mBuilding CXX object CMakeFiles/CGAL_Qt5_moc_and_resources.dir/CGAL_Qt5_moc_and_resources_autogen/mocs_compilation.cpp.o[0m
[0.922s] [ 37%] [32mBuilding CXX object CMakeFiles/CGAL_Qt5_moc_and_resources.dir/qrc_CGAL.cpp.o[0m
[0.924s] [ 43%] [32mBuilding CXX object CMakeFiles/CGAL_Qt5_moc_and_resources.dir/qrc_File.cpp.o[0m
[6.826s] [ 50%] [32m[1mLinking CXX static library libCGAL_Qt5_moc_and_resources.a[0m
[6.850s] [ 81%] Built target CGAL_Qt5_moc_and_resources
[6.859s] [35m[1mConsolidate compiler generated dependencies of target rec[0m
[6.882s] [ 87%] [32mBuilding CXX object CMakeFiles/rec.dir/src/rec.cpp.o[0m
[9.282s] [ 93%] [32m[1mLinking CXX executable dubins_planner[0m
[9.397s] [ 93%] Built target dubins_planner
[23.249s] [100%] [32m[1mLinking CXX executable rec[0m
[23.339s] [100%] Built target rec
[23.345s] Invoked command in '/home/hydran00/shelfino_ws/src/Robot_Planning_Project/build/dubins_planner' returned '0': CMAKE_PREFIX_PATH=${CMAKE_PREFIX_PATH}:/opt/ros/humble /usr/bin/cmake --build /home/hydran00/shelfino_ws/src/Robot_Planning_Project/build/dubins_planner -- -j12 -l12
[23.372s] Invoking command in '/home/hydran00/shelfino_ws/src/Robot_Planning_Project/build/dubins_planner': CMAKE_PREFIX_PATH=${CMAKE_PREFIX_PATH}:/opt/ros/humble /usr/bin/cmake --install /home/hydran00/shelfino_ws/src/Robot_Planning_Project/build/dubins_planner
[23.377s] -- Install configuration: "Release"
[23.377s] -- Up-to-date: /home/hydran00/shelfino_ws/src/Robot_Planning_Project/install/dubins_planner/share/dubins_planner/launch
[23.377s] -- Up-to-date: /home/hydran00/shelfino_ws/src/Robot_Planning_Project/install/dubins_planner/share/dubins_planner/launch/dubins.launch.py
[23.377s] -- Installing: /home/hydran00/shelfino_ws/src/Robot_Planning_Project/install/dubins_planner/lib/dubins_planner/dubins_planner
[23.378s] -- Set runtime path of "/home/hydran00/shelfino_ws/src/Robot_Planning_Project/install/dubins_planner/lib/dubins_planner/dubins_planner" to ""
[23.379s] -- Installing: /home/hydran00/shelfino_ws/src/Robot_Planning_Project/install/dubins_planner/lib/dubins_planner/rec
[23.380s] -- Up-to-date: /home/hydran00/shelfino_ws/src/Robot_Planning_Project/install/dubins_planner/share/ament_index/resource_index/package_run_dependencies/dubins_planner
[23.380s] -- Up-to-date: /home/hydran00/shelfino_ws/src/Robot_Planning_Project/install/dubins_planner/share/ament_index/resource_index/parent_prefix_path/dubins_planner
[23.380s] -- Up-to-date: /home/hydran00/shelfino_ws/src/Robot_Planning_Project/install/dubins_planner/share/dubins_planner/environment/ament_prefix_path.sh
[23.380s] -- Installing: /home/hydran00/shelfino_ws/src/Robot_Planning_Project/install/dubins_planner/share/dubins_planner/environment/ament_prefix_path.dsv
[23.380s] -- Up-to-date: /home/hydran00/shelfino_ws/src/Robot_Planning_Project/install/dubins_planner/share/dubins_planner/environment/path.sh
[23.380s] -- Installing: /home/hydran00/shelfino_ws/src/Robot_Planning_Project/install/dubins_planner/share/dubins_planner/environment/path.dsv
[23.380s] -- Up-to-date: /home/hydran00/shelfino_ws/src/Robot_Planning_Project/install/dubins_planner/share/dubins_planner/local_setup.bash
[23.380s] -- Up-to-date: /home/hydran00/shelfino_ws/src/Robot_Planning_Project/install/dubins_planner/share/dubins_planner/local_setup.sh
[23.381s] -- Up-to-date: /home/hydran00/shelfino_ws/src/Robot_Planning_Project/install/dubins_planner/share/dubins_planner/local_setup.zsh
[23.381s] -- Installing: /home/hydran00/shelfino_ws/src/Robot_Planning_Project/install/dubins_planner/share/dubins_planner/local_setup.dsv
[23.381s] -- Installing: /home/hydran00/shelfino_ws/src/Robot_Planning_Project/install/dubins_planner/share/dubins_planner/package.dsv
[23.381s] -- Up-to-date: /home/hydran00/shelfino_ws/src/Robot_Planning_Project/install/dubins_planner/share/ament_index/resource_index/packages/dubins_planner
[23.381s] -- Up-to-date: /home/hydran00/shelfino_ws/src/Robot_Planning_Project/install/dubins_planner/share/dubins_planner/cmake/dubins_plannerConfig.cmake
[23.381s] -- Up-to-date: /home/hydran00/shelfino_ws/src/Robot_Planning_Project/install/dubins_planner/share/dubins_planner/cmake/dubins_plannerConfig-version.cmake
[23.381s] -- Up-to-date: /home/hydran00/shelfino_ws/src/Robot_Planning_Project/install/dubins_planner/share/dubins_planner/package.xml
[23.382s] Invoked command in '/home/hydran00/shelfino_ws/src/Robot_Planning_Project/build/dubins_planner' returned '0': CMAKE_PREFIX_PATH=${CMAKE_PREFIX_PATH}:/opt/ros/humble /usr/bin/cmake --install /home/hydran00/shelfino_ws/src/Robot_Planning_Project/build/dubins_planner
